#
# There is insufficient memory for the Java Runtime Environment to continue.
# Native memory allocation (malloc) failed to allocate 32744 bytes for ChunkPool::allocate
# Possible reasons:
#   The system is out of physical RAM or swap space
#   In 32 bit mode, the process size limit was hit
# Possible solutions:
#   Reduce memory load on the system
#   Increase physical memory or swap space
#   Check if swap backing store is full
#   Use 64 bit Java on a 64 bit OS
#   Decrease Java heap size (-Xmx/-Xms)
#   Decrease number of Java threads
#   Decrease Java thread stack sizes (-Xss)
#   Set larger code cache with -XX:ReservedCodeCacheSize=
# This output file may be truncated or incomplete.
#
#  Out of Memory Error (allocation.cpp:273), pid=12096, tid=0x0000000000005c90
#
# JRE version: OpenJDK Runtime Environment (8.0_152-b01) (build 1.8.0_152-release-915-b01)
# Java VM: OpenJDK 64-Bit Server VM (25.152-b01 mixed mode windows-amd64 compressed oops)
# Failed to write core dump. Minidumps are not enabled by default on client versions of Windows
#

---------------  T H R E A D  ---------------

Current thread (0x00000000124ad800):  JavaThread "C2 CompilerThread0" daemon [_thread_in_native, id=23696, stack(0x0000000013e10000,0x0000000013f10000)]

Stack: [0x0000000013e10000,0x0000000013f10000]
[error occurred during error reporting (printing stack bounds), id 0xc0000005]

Native frames: (J=compiled Java code, j=interpreted, Vv=VM code, C=native code)


Current CompileTask:
C2:  31534  852 %     4       org.objectweb.asm.ClassReader::a @ 74 (3587 bytes)


---------------  P R O C E S S  ---------------

Java Threads: ( => current thread )
  0x0000000013898800 JavaThread "Service Thread" daemon [_thread_blocked, id=24444, stack(0x0000000014110000,0x0000000014210000)]
  0x0000000013830000 JavaThread "C1 CompilerThread2" daemon [_thread_blocked, id=23624, stack(0x0000000014010000,0x0000000014110000)]
  0x000000001381a000 JavaThread "C2 CompilerThread1" daemon [_thread_blocked, id=24556, stack(0x0000000013f10000,0x0000000014010000)]
=>0x00000000124ad800 JavaThread "C2 CompilerThread0" daemon [_thread_in_native, id=23696, stack(0x0000000013e10000,0x0000000013f10000)]
  0x0000000012449000 JavaThread "Attach Listener" daemon [_thread_blocked, id=23496, stack(0x0000000013d10000,0x0000000013e10000)]
  0x0000000013818800 JavaThread "Signal Dispatcher" daemon [_thread_blocked, id=24516, stack(0x0000000013c10000,0x0000000013d10000)]
  0x00000000020ec000 JavaThread "Finalizer" daemon [_thread_blocked, id=23996, stack(0x00000000136b0000,0x00000000137b0000)]
  0x00000000020e3000 JavaThread "Reference Handler" daemon [_thread_blocked, id=23628, stack(0x00000000135b0000,0x00000000136b0000)]
  0x0000000001ff3800 JavaThread "main" [_thread_in_Java, id=23968, stack(0x0000000001ef0000,0x0000000001ff0000)]

Other Threads:
  0x0000000012415800 VMThread [stack: 0x00000000134b0000,0x00000000135b0000] [id=22320]
  0x000000001389b800 WatcherThread [stack: 0x0000000014210000,0x0000000014310000] [id=23724]

VM state:not at safepoint (normal execution)

VM Mutex/Monitor currently owned by a thread: None

Heap:
 PSYoungGen      total 18944K, used 5816K [0x00000000feb00000, 0x0000000100000000, 0x0000000100000000)
  eden space 16384K, 19% used [0x00000000feb00000,0x00000000fee317e8,0x00000000ffb00000)
  from space 2560K, 99% used [0x00000000ffd80000,0x00000000ffffcaa8,0x0000000100000000)
  to   space 2560K, 0% used [0x00000000ffb00000,0x00000000ffb00000,0x00000000ffd80000)
 ParOldGen       total 44032K, used 5582K [0x00000000fc000000, 0x00000000feb00000, 0x00000000feb00000)
  object space 44032K, 12% used [0x00000000fc000000,0x00000000fc5739f0,0x00000000feb00000)
 Metaspace       used 7795K, capacity 7944K, committed 8192K, reserved 1056768K
  class space    used 899K, capacity 988K, committed 1024K, reserved 1048576K

Card table byte_map: [0x0000000001e70000,0x0000000001ea0000] byte_map_base: 0x0000000001690000

Marking Bits: (ParMarkBitMap*) 0x0000000055eb3950
 Begin Bits: [0x00000000118b0000, 0x00000000119b0000)
 End Bits:   [0x00000000119b0000, 0x0000000011ab0000)

Polling page: 0x0000000000410000

CodeCache: size=245760Kb used=3605Kb max_used=3612Kb free=242154Kb
 bounds [0x00000000020f0000, 0x0000000002480000, 0x00000000110f0000]
 total_blobs=1292 nmethods=958 adapters=248
 compilation: enabled

Compilation events (10 events):
Event: 31.378 Thread 0x0000000013830000  955       3       org.objectweb.asm.tree.MethodNode::visitTypeInsn (17 bytes)
Event: 31.379 Thread 0x0000000013830000 nmethod 955 0x00000000024751d0 code [0x0000000002475360, 0x00000000024756a8]
Event: 31.379 Thread 0x0000000013830000  956       3       org.objectweb.asm.tree.TypeInsnNode::accept (18 bytes)
Event: 31.379 Thread 0x0000000013830000 nmethod 956 0x0000000002474c90 code [0x0000000002474e00, 0x00000000024750f8]
Event: 31.383 Thread 0x000000001381a000  957       4       org.objectweb.asm.MethodVisitor::<init> (35 bytes)
Event: 31.384 Thread 0x000000001381a000 nmethod 957 0x00000000024749d0 code [0x0000000002474b00, 0x0000000002474bb8]
Event: 31.385 Thread 0x0000000013830000  958       3       org.objectweb.asm.MethodWriter::visitTypeInsn (118 bytes)
Event: 31.386 Thread 0x0000000013830000 nmethod 958 0x0000000002471950 code [0x0000000002471b00, 0x0000000002471f88]
Event: 31.387 Thread 0x0000000013830000  959       3       org.objectweb.asm.ClassVisitor::<init> (7 bytes)
Event: 31.387 Thread 0x0000000013830000 nmethod 959 0x00000000024712d0 code [0x0000000002471460, 0x00000000024717c8]

GC Heap History (4 events):
Event: 26.791 GC heap before
{Heap before GC invocations=1 (full 0):
 PSYoungGen      total 18944K, used 16384K [0x00000000feb00000, 0x0000000100000000, 0x0000000100000000)
  eden space 16384K, 100% used [0x00000000feb00000,0x00000000ffb00000,0x00000000ffb00000)
  from space 2560K, 0% used [0x00000000ffd80000,0x00000000ffd80000,0x0000000100000000)
  to   space 2560K, 0% used [0x00000000ffb00000,0x00000000ffb00000,0x00000000ffd80000)
 ParOldGen       total 44032K, used 0K [0x00000000fc000000, 0x00000000feb00000, 0x00000000feb00000)
  object space 44032K, 0% used [0x00000000fc000000,0x00000000fc000000,0x00000000feb00000)
 Metaspace       used 6568K, capacity 6746K, committed 7040K, reserved 1056768K
  class space    used 771K, capacity 823K, committed 896K, reserved 1048576K
Event: 26.809 GC heap after
Heap after GC invocations=1 (full 0):
 PSYoungGen      total 18944K, used 2536K [0x00000000feb00000, 0x0000000100000000, 0x0000000100000000)
  eden space 16384K, 0% used [0x00000000feb00000,0x00000000feb00000,0x00000000ffb00000)
  from space 2560K, 99% used [0x00000000ffb00000,0x00000000ffd7a030,0x00000000ffd80000)
  to   space 2560K, 0% used [0x00000000ffd80000,0x00000000ffd80000,0x0000000100000000)
 ParOldGen       total 44032K, used 1841K [0x00000000fc000000, 0x00000000feb00000, 0x00000000feb00000)
  object space 44032K, 4% used [0x00000000fc000000,0x00000000fc1cc558,0x00000000feb00000)
 Metaspace       used 6568K, capacity 6746K, committed 7040K, reserved 1056768K
  class space    used 771K, capacity 823K, committed 896K, reserved 1048576K
}
Event: 31.141 GC heap before
{Heap before GC invocations=2 (full 0):
 PSYoungGen      total 18944K, used 18920K [0x00000000feb00000, 0x0000000100000000, 0x0000000100000000)
  eden space 16384K, 100% used [0x00000000feb00000,0x00000000ffb00000,0x00000000ffb00000)
  from space 2560K, 99% used [0x00000000ffb00000,0x00000000ffd7a030,0x00000000ffd80000)
  to   space 2560K, 0% used [0x00000000ffd80000,0x00000000ffd80000,0x0000000100000000)
 ParOldGen       total 44032K, used 1841K [0x00000000fc000000, 0x00000000feb00000, 0x00000000feb00000)
  object space 44032K, 4% used [0x00000000fc000000,0x00000000fc1cc558,0x00000000feb00000)
 Metaspace       used 7772K, capacity 7944K, committed 8192K, reserved 1056768K
  class space    used 899K, capacity 988K, committed 1024K, reserved 1048576K
Event: 31.284 GC heap after
Heap after GC invocations=2 (full 0):
 PSYoungGen      total 18944K, used 2546K [0x00000000feb00000, 0x0000000100000000, 0x0000000100000000)
  eden space 16384K, 0% used [0x00000000feb00000,0x00000000feb00000,0x00000000ffb00000)
  from space 2560K, 99% used [0x00000000ffd80000,0x00000000ffffcaa8,0x0000000100000000)
  to   space 2560K, 0% used [0x00000000ffb00000,0x00000000ffb00000,0x00000000ffd80000)
 ParOldGen       total 44032K, used 5582K [0x00000000fc000000, 0x00000000feb00000, 0x00000000feb00000)
  object space 44032K, 12% used [0x00000000fc000000,0x00000000fc5739f0,0x00000000feb00000)
 Metaspace       used 7772K, capacity 7944K, committed 8192K, reserved 1056768K
  class space    used 899K, capacity 988K, committed 1024K, reserved 1048576K
}

Deoptimization events (10 events):
Event: 30.073 Thread 0x0000000001ff3800 Uncommon trap: reason=class_check action=maybe_recompile pc=0x00000000022f9e90 method=com.google.common.collect.Iterators$7.transform(Ljava/lang/Object;)Ljava/lang/Object; @ 5
Event: 30.073 Thread 0x0000000001ff3800 Uncommon trap: reason=class_check action=maybe_recompile pc=0x000000000230cd2c method=com.google.common.collect.TransformedIterator.hasNext()Z @ 4
Event: 30.073 Thread 0x0000000001ff3800 Uncommon trap: reason=class_check action=maybe_recompile pc=0x000000000230cd2c method=com.google.common.collect.TransformedIterator.hasNext()Z @ 4
Event: 30.073 Thread 0x0000000001ff3800 Uncommon trap: reason=class_check action=maybe_recompile pc=0x0000000002313330 method=com.google.common.collect.TransformedIterator.next()Ljava/lang/Object; @ 5
Event: 30.073 Thread 0x0000000001ff3800 Uncommon trap: reason=class_check action=maybe_recompile pc=0x00000000022f9e90 method=com.google.common.collect.Iterators$7.transform(Ljava/lang/Object;)Ljava/lang/Object; @ 5
Event: 30.073 Thread 0x0000000001ff3800 Uncommon trap: reason=class_check action=maybe_recompile pc=0x000000000230cd2c method=com.google.common.collect.TransformedIterator.hasNext()Z @ 4
Event: 30.073 Thread 0x0000000001ff3800 Uncommon trap: reason=class_check action=maybe_recompile pc=0x0000000002313330 method=com.google.common.collect.TransformedIterator.next()Ljava/lang/Object; @ 5
Event: 30.073 Thread 0x0000000001ff3800 Uncommon trap: reason=class_check action=maybe_recompile pc=0x00000000022f9e90 method=com.google.common.collect.Iterators$7.transform(Ljava/lang/Object;)Ljava/lang/Object; @ 5
Event: 30.073 Thread 0x0000000001ff3800 Uncommon trap: reason=class_check action=maybe_recompile pc=0x0000000002313330 method=com.google.common.collect.TransformedIterator.next()Ljava/lang/Object; @ 5
Event: 30.073 Thread 0x0000000001ff3800 Uncommon trap: reason=class_check action=maybe_recompile pc=0x00000000022f9e90 method=com.google.common.collect.Iterators$7.transform(Ljava/lang/Object;)Ljava/lang/Object; @ 5

Classes redefined (0 events):
No events

Internal exceptions (10 events):
Event: 26.727 Thread 0x0000000001ff3800 Implicit null exception at 0x00000000022fd7f9 to 0x00000000022fddb5
Event: 29.542 Thread 0x0000000001ff3800 Exception <a 'sun/nio/fs/WindowsException'> (0x00000000ff1472e0) thrown at [D:\src\AOSP-openjdk-cygwin\jdk8u\hotspot\src\share\vm\prims\jni.cpp, line 709]
Event: 29.542 Thread 0x0000000001ff3800 Exception <a 'sun/nio/fs/WindowsException'> (0x00000000ff1478b0) thrown at [D:\src\AOSP-openjdk-cygwin\jdk8u\hotspot\src\share\vm\prims\jni.cpp, line 709]
Event: 29.542 Thread 0x0000000001ff3800 Exception <a 'sun/nio/fs/WindowsException'> (0x00000000ff147ea8) thrown at [D:\src\AOSP-openjdk-cygwin\jdk8u\hotspot\src\share\vm\prims\jni.cpp, line 709]
Event: 29.543 Thread 0x0000000001ff3800 Exception <a 'sun/nio/fs/WindowsException'> (0x00000000ff148678) thrown at [D:\src\AOSP-openjdk-cygwin\jdk8u\hotspot\src\share\vm\prims\jni.cpp, line 709]
Event: 29.543 Thread 0x0000000001ff3800 Exception <a 'sun/nio/fs/WindowsException'> (0x00000000ff148c48) thrown at [D:\src\AOSP-openjdk-cygwin\jdk8u\hotspot\src\share\vm\prims\jni.cpp, line 709]
Event: 29.544 Thread 0x0000000001ff3800 Exception <a 'sun/nio/fs/WindowsException'> (0x00000000ff149408) thrown at [D:\src\AOSP-openjdk-cygwin\jdk8u\hotspot\src\share\vm\prims\jni.cpp, line 709]
Event: 29.601 Thread 0x0000000001ff3800 Exception <a 'sun/nio/fs/WindowsException'> (0x00000000ff14e870) thrown at [D:\src\AOSP-openjdk-cygwin\jdk8u\hotspot\src\share\vm\prims\jni.cpp, line 709]
Event: 29.861 Thread 0x0000000001ff3800 Exception <a 'sun/nio/fs/WindowsException'> (0x00000000ff3ffef8) thrown at [D:\src\AOSP-openjdk-cygwin\jdk8u\hotspot\src\share\vm\prims\jni.cpp, line 709]
Event: 29.862 Thread 0x0000000001ff3800 Exception <a 'sun/nio/fs/WindowsException'> (0x00000000ff400480) thrown at [D:\src\AOSP-openjdk-cygwin\jdk8u\hotspot\src\share\vm\prims\jni.cpp, line 709]

Events (10 events):
Event: 30.795 loading class org/objectweb/asm/Opcodes
Event: 30.795 loading class org/objectweb/asm/Opcodes done
Event: 30.801 loading class org/objectweb/asm/tree/TryCatchBlockNode
Event: 30.801 loading class org/objectweb/asm/tree/TryCatchBlockNode done
Event: 30.802 loading class org/objectweb/asm/Handler
Event: 30.802 loading class org/objectweb/asm/Handler done
Event: 31.141 Executing VM operation: ParallelGCFailedAllocation
Event: 31.284 Executing VM operation: ParallelGCFailedAllocation done
Event: 31.288 Executing VM operation: RevokeBias
Event: 31.288 Executing VM operation: RevokeBias done


Dynamic libraries:
0x00007ff7b9760000 - 0x00007ff7b9791000 	E:\win8soft\android-studio\jre\bin\java.exe
0x00007ff816ca0000 - 0x00007ff816e4d000 	C:\WINDOWS\SYSTEM32\ntdll.dll
0x00007ff8150d0000 - 0x00007ff81520e000 	C:\WINDOWS\system32\KERNEL32.DLL
0x00007ff8140d0000 - 0x00007ff8141e5000 	C:\WINDOWS\system32\KERNELBASE.dll
0x00007ff814550000 - 0x00007ff8145fa000 	C:\WINDOWS\system32\ADVAPI32.dll
0x00007ff8146d0000 - 0x00007ff814847000 	C:\WINDOWS\system32\USER32.dll
0x00007ff811ea0000 - 0x00007ff81211b000 	C:\WINDOWS\WinSxS\amd64_microsoft.windows.common-controls_6595b64144ccf1df_6.0.9600.18006_none_623f33d3ecbe86e8\COMCTL32.dll
0x00007ff814850000 - 0x00007ff8148fa000 	C:\WINDOWS\system32\msvcrt.dll
0x00007ff815210000 - 0x00007ff815269000 	C:\WINDOWS\SYSTEM32\sechost.dll
0x00007ff814cf0000 - 0x00007ff814e30000 	C:\WINDOWS\system32\RPCRT4.dll
0x00007ff815340000 - 0x00007ff81548b000 	C:\WINDOWS\system32\GDI32.dll
0x00007ff814250000 - 0x00007ff81427e000 	C:\WINDOWS\system32\SspiCli.dll
0x00007ff814ac0000 - 0x00007ff814af6000 	C:\WINDOWS\system32\IMM32.DLL
0x00007ff814b70000 - 0x00007ff814cc1000 	C:\WINDOWS\system32\MSCTF.dll
0x00007ff813d90000 - 0x00007ff813dc0000 	C:\WINDOWS\system32\nvinitx.dll
0x00007ff813d80000 - 0x00007ff813d8a000 	C:\WINDOWS\SYSTEM32\VERSION.dll
0x0000000057510000 - 0x0000000057516000 	C:\Program Files\NVIDIA Corporation\CoProcManager\_etoured.dll
0x00007ff812a10000 - 0x00007ff812a48000 	C:\Program Files\NVIDIA Corporation\CoProcManager\nvd3d9wrapx.dll
0x00007ff814e30000 - 0x00007ff81500a000 	C:\WINDOWS\system32\SETUPAPI.dll
0x00007ff814080000 - 0x00007ff8140cf000 	C:\WINDOWS\system32\CFGMGR32.dll
0x00007ff812910000 - 0x00007ff812934000 	C:\Program Files\NVIDIA Corporation\CoProcManager\nvdxgiwrapx.dll
0x0000000055530000 - 0x0000000055602000 	E:\win8soft\android-studio\jre\jre\bin\msvcr100.dll
0x00000000556f0000 - 0x0000000055f2e000 	E:\win8soft\android-studio\jre\jre\bin\server\jvm.dll
0x00007ff813d20000 - 0x00007ff813d29000 	C:\WINDOWS\SYSTEM32\WSOCK32.dll
0x00007ff80cd80000 - 0x00007ff80cda2000 	C:\WINDOWS\SYSTEM32\WINMM.dll
0x00007ff8152d0000 - 0x00007ff8152d7000 	C:\WINDOWS\system32\PSAPI.DLL
0x00007ff8144d0000 - 0x00007ff81452a000 	C:\WINDOWS\system32\WS2_32.dll
0x00007ff80cbe0000 - 0x00007ff80cc0a000 	C:\WINDOWS\SYSTEM32\WINMMBASE.dll
0x00007ff814cd0000 - 0x00007ff814cd9000 	C:\WINDOWS\system32\NSI.dll
0x00007ff812bc0000 - 0x00007ff812be8000 	C:\WINDOWS\SYSTEM32\DEVOBJ.dll
0x00007ff813d10000 - 0x00007ff813d1f000 	E:\win8soft\android-studio\jre\jre\bin\verify.dll
0x00007ff812820000 - 0x00007ff812849000 	E:\win8soft\android-studio\jre\jre\bin\java.dll
0x00007ff812800000 - 0x00007ff812816000 	E:\win8soft\android-studio\jre\jre\bin\zip.dll
0x00007ff815550000 - 0x00007ff816a7c000 	C:\WINDOWS\system32\SHELL32.dll
0x00007ff816a80000 - 0x00007ff816c92000 	C:\WINDOWS\SYSTEM32\combase.dll
0x00007ff815270000 - 0x00007ff8152c4000 	C:\WINDOWS\system32\SHLWAPI.dll
0x00007ff812320000 - 0x00007ff8123d2000 	C:\WINDOWS\SYSTEM32\SHCORE.dll
0x00007ff813dd0000 - 0x00007ff813de5000 	C:\WINDOWS\SYSTEM32\profapi.dll
0x00007ff813620000 - 0x00007ff813640000 	C:\WINDOWS\SYSTEM32\CRYPTSP.dll
0x00007ff813240000 - 0x00007ff813276000 	C:\WINDOWS\system32\rsaenh.dll
0x00007ff813870000 - 0x00007ff813896000 	C:\WINDOWS\SYSTEM32\bcrypt.dll
0x00007ff813350000 - 0x00007ff813371000 	C:\WINDOWS\SYSTEM32\USERENV.dll
0x00007ff813b90000 - 0x00007ff813bf3000 	C:\WINDOWS\system32\bcryptprimitives.dll
0x00007ff813c00000 - 0x00007ff813c0b000 	C:\WINDOWS\SYSTEM32\CRYPTBASE.dll
0x00007ff8126e0000 - 0x00007ff8126fa000 	E:\win8soft\android-studio\jre\jre\bin\net.dll
0x00007ff8135c0000 - 0x00007ff813619000 	C:\WINDOWS\system32\mswsock.dll
0x00007ff80e480000 - 0x00007ff80e4aa000 	C:\WINDOWS\SYSTEM32\IPHLPAPI.DLL
0x00007ff80e460000 - 0x00007ff80e46a000 	C:\WINDOWS\SYSTEM32\WINNSI.DLL
0x00007ff80e160000 - 0x00007ff80e176000 	C:\WINDOWS\SYSTEM32\dhcpcsvc6.DLL
0x00007ff80e1f0000 - 0x00007ff80e20a000 	C:\WINDOWS\SYSTEM32\dhcpcsvc.DLL
0x00007ff8126c0000 - 0x00007ff8126d1000 	E:\win8soft\android-studio\jre\jre\bin\nio.dll

VM Arguments:
jvm_args: -Djava.awt.headless=true -Xmx64M -Dfile.encoding=GBK -Duser.country=CN -Duser.language=zh -Duser.variant 
java_command: com.google.devtools.build.android.desugar.Desugar --input E:\win8file\AndroidDemo\Rxdemo\app\build\intermediates\transforms\stackFramesFixer\debug\13.jar --output E:\win8file\AndroidDemo\Rxdemo\app\build\intermediates\transforms\desugar\debug\14.jar --input E:\win8file\AndroidDemo\Rxdemo\app\build\intermediates\transforms\stackFramesFixer\debug\2.jar --output E:\win8file\AndroidDemo\Rxdemo\app\build\intermediates\transforms\desugar\debug\3.jar --input E:\win8file\AndroidDemo\Rxdemo\app\build\intermediates\transforms\stackFramesFixer\debug\7.jar --output E:\win8file\AndroidDemo\Rxdemo\app\build\intermediates\transforms\desugar\debug\8.jar --input E:\win8file\AndroidDemo\Rxdemo\app\build\intermediates\transforms\stackFramesFixer\debug\5.jar --output E:\win8file\AndroidDemo\Rxdemo\app\build\intermediates\transforms\desugar\debug\6.jar --input E:\win8file\AndroidDemo\Rxdemo\app\build\intermediates\transforms\stackFramesFixer\debug\6.jar --output E:\win8file\AndroidDemo\Rxdemo\app\build\intermediates\transforms\desugar\debug\7.jar --input E:\win8file\AndroidDemo\Rxdemo\app\build\intermediates\transforms\stackFramesFixer\debug\16.jar --output E:\win8file\AndroidDemo\Rxdemo\app\build\intermediates\transforms\desugar\debug\17.jar --classpath_entry E:\win8file\AndroidDemo\Rxdemo\app\build\intermediates\classes\debug --classpath_entry E:\win8file\AndroidDemo\Rxdemo\app\build\intermediates\transforms\stackFramesFixer\debug\0.jar --classpath_entry E:\win8file\AndroidDemo\Rxdemo\app\build\intermediates\transforms\stackFramesFixer\debug\1.jar --classpath_entry E:\win8file\AndroidDemo\Rxdemo\app\build\intermediates\transforms\stackFramesFixer\debug\2.jar --classpath_entry E:\win8file\AndroidDemo\Rxdemo\app\build\intermediates\transforms\stackFramesFixer\debug\3.jar --classpath_entry E:\win8file\AndroidDemo\Rxdemo\app\build\intermediates\transforms\stackFramesFixer\debug\4.jar --classpath_entry E:\win8file\AndroidDemo\Rxdemo\app\build\intermediates\transforms\stackF
java_class_path (initial): C:\Users\Administrator\AppData\Local\Temp\desugar_deploy.jar5730954516968309052
Launcher Type: SUN_STANDARD

Environment Variables:
JAVA_HOME=E:\win8soft\java\jdk
PATH=E:\win8soft\devc\Dev-Cpp\MinGW64\bin;E:\win8soft\Oracle\soft\bin;C:\WINDOWS\system32;C:\WINDOWS;C:\WINDOWS\System32\Wbem;C:\WINDOWS\System32\WindowsPowerShell\v1.0\;E:\win8soft\java\jdk\bin;C:\Program Files (x86)\Skype\Phone\;E:\win8soft\GtkSharp\bin;C:\Program Files (x86)\NVIDIA Corporation\PhysX\Common
USERNAME=Administrator
OS=Windows_NT
PROCESSOR_IDENTIFIER=Intel64 Family 6 Model 58 Stepping 9, GenuineIntel



---------------  S Y S T E M  ---------------

OS: Windows 8.1 , 64 bit Build 9600 (6.3.9600.17415)

CPU:total 4 (initial active 4) (2 cores per cpu, 2 threads per core) family 6 model 58 stepping 9, cmov, cx8, fxsr, mmx, sse, sse2, sse3, ssse3, sse4.1, sse4.2, popcnt, avx, aes, clmul, erms, ht, tsc, tscinvbit, tscinv

Memory: 4k page, physical 4087084k(353092k free), swap 7232812k(4872k free)

vm_info: OpenJDK 64-Bit Server VM (25.152-b01) for windows-amd64 JRE (1.8.0_152-release-915-b01), built by "builder" with MS VC++ 10.0 (VS2010)

time: Thu Mar 22 23:26:30 2018
elapsed time: 31 seconds (0d 0h 0m 31s)

