#
# There is insufficient memory for the Java Runtime Environment to continue.
# Native memory allocation (malloc) failed to allocate 32744 bytes for ChunkPool::allocate
# Possible reasons:
#   The system is out of physical RAM or swap space
#   In 32 bit mode, the process size limit was hit
# Possible solutions:
#   Reduce memory load on the system
#   Increase physical memory or swap space
#   Check if swap backing store is full
#   Use 64 bit Java on a 64 bit OS
#   Decrease Java heap size (-Xmx/-Xms)
#   Decrease number of Java threads
#   Decrease Java thread stack sizes (-Xss)
#   Set larger code cache with -XX:ReservedCodeCacheSize=
# This output file may be truncated or incomplete.
#
#  Out of Memory Error (allocation.cpp:273), pid=8700, tid=0x00000000000024f0
#
# JRE version: OpenJDK Runtime Environment (8.0_152-b01) (build 1.8.0_152-release-915-b01)
# Java VM: OpenJDK 64-Bit Server VM (25.152-b01 mixed mode windows-amd64 compressed oops)
# Failed to write core dump. Minidumps are not enabled by default on client versions of Windows
#

---------------  T H R E A D  ---------------

Current thread (0x0000000013a5b000):  JavaThread "C1 CompilerThread2" daemon [_thread_in_native, id=9456, stack(0x0000000014200000,0x0000000014300000)]

Stack: [0x0000000014200000,0x0000000014300000]
[error occurred during error reporting (printing stack bounds), id 0xc0000005]

Native frames: (J=compiled Java code, j=interpreted, Vv=VM code, C=native code)


Current CompileTask:
C1:   6890  990       3       org.objectweb.asm.ClassWriter::toByteArray (1282 bytes)


---------------  P R O C E S S  ---------------

Java Threads: ( => current thread )
  0x0000000013a67000 JavaThread "Service Thread" daemon [_thread_blocked, id=10652, stack(0x0000000014300000,0x0000000014400000)]
=>0x0000000013a5b000 JavaThread "C1 CompilerThread2" daemon [_thread_in_native, id=9456, stack(0x0000000014200000,0x0000000014300000)]
  0x00000000126fc800 JavaThread "C2 CompilerThread1" daemon [_thread_in_native, id=10856, stack(0x0000000014100000,0x0000000014200000)]
  0x00000000126fa800 JavaThread "C2 CompilerThread0" daemon [_thread_blocked, id=11672, stack(0x0000000014000000,0x0000000014100000)]
  0x00000000126ae800 JavaThread "Attach Listener" daemon [_thread_blocked, id=10480, stack(0x0000000013f00000,0x0000000014000000)]
  0x0000000013a08800 JavaThread "Signal Dispatcher" daemon [_thread_blocked, id=12280, stack(0x0000000013e00000,0x0000000013f00000)]
  0x0000000012688800 JavaThread "Finalizer" daemon [_thread_blocked, id=11784, stack(0x0000000013900000,0x0000000013a00000)]
  0x0000000012667000 JavaThread "Reference Handler" daemon [_thread_blocked, id=9472, stack(0x0000000013800000,0x0000000013900000)]
  0x0000000002243800 JavaThread "main" [_thread_in_vm, id=8104, stack(0x0000000001d70000,0x0000000001e70000)]

Other Threads:
  0x0000000012665800 VMThread [stack: 0x0000000013700000,0x0000000013800000] [id=10868]
  0x0000000013a60000 WatcherThread [stack: 0x0000000014400000,0x0000000014500000] [id=11468]

VM state:not at safepoint (normal execution)

VM Mutex/Monitor currently owned by a thread: None

Heap:
 PSYoungGen      total 18944K, used 8689K [0x00000000feb00000, 0x0000000100000000, 0x0000000100000000)
  eden space 16384K, 37% used [0x00000000feb00000,0x00000000ff0fffd8,0x00000000ffb00000)
  from space 2560K, 99% used [0x00000000ffd80000,0x00000000ffffc7f0,0x0000000100000000)
  to   space 2560K, 0% used [0x00000000ffb00000,0x00000000ffb00000,0x00000000ffd80000)
 ParOldGen       total 44032K, used 5287K [0x00000000fc000000, 0x00000000feb00000, 0x00000000feb00000)
  object space 44032K, 12% used [0x00000000fc000000,0x00000000fc529e20,0x00000000feb00000)
 Metaspace       used 7851K, capacity 8072K, committed 8192K, reserved 1056768K
  class space    used 901K, capacity 988K, committed 1024K, reserved 1048576K

Card table byte_map: [0x0000000000600000,0x0000000000630000] byte_map_base: 0xffffffffffe20000

Marking Bits: (ParMarkBitMap*) 0x000000006c303950
 Begin Bits: [0x0000000011b00000, 0x0000000011c00000)
 End Bits:   [0x0000000011c00000, 0x0000000011d00000)

Polling page: 0x00000000005c0000

CodeCache: size=245760Kb used=3721Kb max_used=3733Kb free=242038Kb
 bounds [0x0000000002340000, 0x00000000026f0000, 0x0000000011340000]
 total_blobs=1322 nmethods=988 adapters=248
 compilation: enabled

Compilation events (10 events):
Event: 6.861 Thread 0x0000000013a5b000  986       1       java.nio.channels.spi.AbstractInterruptibleChannel::isOpen (5 bytes)
Event: 6.861 Thread 0x0000000013a5b000 nmethod 986 0x00000000026e17d0 code [0x00000000026e1920, 0x00000000026e1a30]
Event: 6.863 Thread 0x00000000126fa800 nmethod 985 0x00000000026e6f10 code [0x00000000026e7060, 0x00000000026e7198]
Event: 6.863 Thread 0x0000000013a5b000  987       3       sun.nio.ch.Util::access$000 (4 bytes)
Event: 6.863 Thread 0x0000000013a5b000 nmethod 987 0x00000000026e4490 code [0x00000000026e45e0, 0x00000000026e4710]
Event: 6.863 Thread 0x00000000126fa800  988       4       org.objectweb.asm.ClassVisitor::visitField (24 bytes)
Event: 6.864 Thread 0x00000000126fa800 nmethod 988 0x00000000026e5790 code [0x00000000026e58c0, 0x00000000026e5958]
Event: 6.864 Thread 0x00000000126fa800  989       4       org.objectweb.asm.MethodVisitor::visitLdcInsn (16 bytes)
Event: 6.865 Thread 0x00000000126fa800 nmethod 989 0x00000000026e5510 code [0x00000000026e5640, 0x00000000026e56d8]
Event: 6.881 Thread 0x0000000013a5b000  990       3       org.objectweb.asm.ClassWriter::toByteArray (1282 bytes)

GC Heap History (4 events):
Event: 3.492 GC heap before
{Heap before GC invocations=1 (full 0):
 PSYoungGen      total 18944K, used 16384K [0x00000000feb00000, 0x0000000100000000, 0x0000000100000000)
  eden space 16384K, 100% used [0x00000000feb00000,0x00000000ffb00000,0x00000000ffb00000)
  from space 2560K, 0% used [0x00000000ffd80000,0x00000000ffd80000,0x0000000100000000)
  to   space 2560K, 0% used [0x00000000ffb00000,0x00000000ffb00000,0x00000000ffd80000)
 ParOldGen       total 44032K, used 0K [0x00000000fc000000, 0x00000000feb00000, 0x00000000feb00000)
  object space 44032K, 0% used [0x00000000fc000000,0x00000000fc000000,0x00000000feb00000)
 Metaspace       used 6582K, capacity 6746K, committed 7040K, reserved 1056768K
  class space    used 770K, capacity 823K, committed 896K, reserved 1048576K
Event: 3.518 GC heap after
Heap after GC invocations=1 (full 0):
 PSYoungGen      total 18944K, used 2536K [0x00000000feb00000, 0x0000000100000000, 0x0000000100000000)
  eden space 16384K, 0% used [0x00000000feb00000,0x00000000feb00000,0x00000000ffb00000)
  from space 2560K, 99% used [0x00000000ffb00000,0x00000000ffd7a030,0x00000000ffd80000)
  to   space 2560K, 0% used [0x00000000ffd80000,0x00000000ffd80000,0x0000000100000000)
 ParOldGen       total 44032K, used 1818K [0x00000000fc000000, 0x00000000feb00000, 0x00000000feb00000)
  object space 44032K, 4% used [0x00000000fc000000,0x00000000fc1c69f8,0x00000000feb00000)
 Metaspace       used 6582K, capacity 6746K, committed 7040K, reserved 1056768K
  class space    used 770K, capacity 823K, committed 896K, reserved 1048576K
}
Event: 5.963 GC heap before
{Heap before GC invocations=2 (full 0):
 PSYoungGen      total 18944K, used 18920K [0x00000000feb00000, 0x0000000100000000, 0x0000000100000000)
  eden space 16384K, 100% used [0x00000000feb00000,0x00000000ffb00000,0x00000000ffb00000)
  from space 2560K, 99% used [0x00000000ffb00000,0x00000000ffd7a030,0x00000000ffd80000)
  to   space 2560K, 0% used [0x00000000ffd80000,0x00000000ffd80000,0x0000000100000000)
 ParOldGen       total 44032K, used 1818K [0x00000000fc000000, 0x00000000feb00000, 0x00000000feb00000)
  object space 44032K, 4% used [0x00000000fc000000,0x00000000fc1c69f8,0x00000000feb00000)
 Metaspace       used 7839K, capacity 8072K, committed 8192K, reserved 1056768K
  class space    used 901K, capacity 988K, committed 1024K, reserved 1048576K
Event: 6.091 GC heap after
Heap after GC invocations=2 (full 0):
 PSYoungGen      total 18944K, used 2545K [0x00000000feb00000, 0x0000000100000000, 0x0000000100000000)
  eden space 16384K, 0% used [0x00000000feb00000,0x00000000feb00000,0x00000000ffb00000)
  from space 2560K, 99% used [0x00000000ffd80000,0x00000000ffffc7f0,0x0000000100000000)
  to   space 2560K, 0% used [0x00000000ffb00000,0x00000000ffb00000,0x00000000ffd80000)
 ParOldGen       total 44032K, used 5287K [0x00000000fc000000, 0x00000000feb00000, 0x00000000feb00000)
  object space 44032K, 12% used [0x00000000fc000000,0x00000000fc529e20,0x00000000feb00000)
 Metaspace       used 7839K, capacity 8072K, committed 8192K, reserved 1056768K
  class space    used 901K, capacity 988K, committed 1024K, reserved 1048576K
}

Deoptimization events (10 events):
Event: 4.838 Thread 0x0000000002243800 Uncommon trap: reason=class_check action=maybe_recompile pc=0x000000000255c2ec method=com.google.common.collect.TransformedIterator.hasNext()Z @ 4
Event: 4.838 Thread 0x0000000002243800 Uncommon trap: reason=class_check action=maybe_recompile pc=0x000000000255b6d8 method=com.google.common.collect.TransformedIterator.next()Ljava/lang/Object; @ 5
Event: 4.838 Thread 0x0000000002243800 Uncommon trap: reason=class_check action=maybe_recompile pc=0x0000000002557cd0 method=com.google.common.collect.Iterators$7.transform(Ljava/lang/Object;)Ljava/lang/Object; @ 5
Event: 4.838 Thread 0x0000000002243800 Uncommon trap: reason=class_check action=maybe_recompile pc=0x000000000255c2ec method=com.google.common.collect.TransformedIterator.hasNext()Z @ 4
Event: 4.838 Thread 0x0000000002243800 Uncommon trap: reason=class_check action=maybe_recompile pc=0x000000000255b6d8 method=com.google.common.collect.TransformedIterator.next()Ljava/lang/Object; @ 5
Event: 4.838 Thread 0x0000000002243800 Uncommon trap: reason=class_check action=maybe_recompile pc=0x0000000002557cd0 method=com.google.common.collect.Iterators$7.transform(Ljava/lang/Object;)Ljava/lang/Object; @ 5
Event: 4.838 Thread 0x0000000002243800 Uncommon trap: reason=class_check action=maybe_recompile pc=0x000000000255b6d8 method=com.google.common.collect.TransformedIterator.next()Ljava/lang/Object; @ 5
Event: 4.838 Thread 0x0000000002243800 Uncommon trap: reason=class_check action=maybe_recompile pc=0x0000000002557cd0 method=com.google.common.collect.Iterators$7.transform(Ljava/lang/Object;)Ljava/lang/Object; @ 5
Event: 5.018 Thread 0x0000000002243800 Uncommon trap: reason=unstable_if action=reinterpret pc=0x000000000253baf8 method=java.lang.String.<init>([CII)V @ 18
Event: 5.820 Thread 0x0000000002243800 Uncommon trap: reason=unstable_if action=reinterpret pc=0x000000000266d800 method=org.objectweb.asm.Item.a(Lorg/objectweb/asm/Item;)Z @ 345

Classes redefined (0 events):
No events

Internal exceptions (10 events):
Event: 4.092 Thread 0x0000000002243800 Exception <a 'sun/nio/fs/WindowsException'> (0x00000000ff157498) thrown at [D:\src\AOSP-openjdk-cygwin\jdk8u\hotspot\src\share\vm\prims\jni.cpp, line 709]
Event: 4.092 Thread 0x0000000002243800 Exception <a 'sun/nio/fs/WindowsException'> (0x00000000ff157a90) thrown at [D:\src\AOSP-openjdk-cygwin\jdk8u\hotspot\src\share\vm\prims\jni.cpp, line 709]
Event: 4.092 Thread 0x0000000002243800 Exception <a 'sun/nio/fs/WindowsException'> (0x00000000ff158260) thrown at [D:\src\AOSP-openjdk-cygwin\jdk8u\hotspot\src\share\vm\prims\jni.cpp, line 709]
Event: 4.092 Thread 0x0000000002243800 Exception <a 'sun/nio/fs/WindowsException'> (0x00000000ff158830) thrown at [D:\src\AOSP-openjdk-cygwin\jdk8u\hotspot\src\share\vm\prims\jni.cpp, line 709]
Event: 4.093 Thread 0x0000000002243800 Exception <a 'sun/nio/fs/WindowsException'> (0x00000000ff158ff0) thrown at [D:\src\AOSP-openjdk-cygwin\jdk8u\hotspot\src\share\vm\prims\jni.cpp, line 709]
Event: 4.124 Thread 0x0000000002243800 Exception <a 'sun/nio/fs/WindowsException'> (0x00000000ff15e458) thrown at [D:\src\AOSP-openjdk-cygwin\jdk8u\hotspot\src\share\vm\prims\jni.cpp, line 709]
Event: 4.685 Thread 0x0000000002243800 Exception <a 'sun/nio/fs/WindowsException'> (0x00000000ff46b5b0) thrown at [D:\src\AOSP-openjdk-cygwin\jdk8u\hotspot\src\share\vm\prims\jni.cpp, line 709]
Event: 4.686 Thread 0x0000000002243800 Exception <a 'sun/nio/fs/WindowsException'> (0x00000000ff46bb38) thrown at [D:\src\AOSP-openjdk-cygwin\jdk8u\hotspot\src\share\vm\prims\jni.cpp, line 709]
Event: 5.254 Thread 0x0000000002243800 Exception <a 'sun/nio/fs/WindowsException'> (0x00000000ff7ec350) thrown at [D:\src\AOSP-openjdk-cygwin\jdk8u\hotspot\src\share\vm\prims\jni.cpp, line 709]
Event: 5.300 Thread 0x0000000002243800 Exception <a 'sun/nio/fs/WindowsException'> (0x00000000ff7ec858) thrown at [D:\src\AOSP-openjdk-cygwin\jdk8u\hotspot\src\share\vm\prims\jni.cpp, line 709]

Events (10 events):
Event: 5.571 loading class com/google/devtools/build/android/desugar/AutoValue_FieldInfo done
Event: 5.571 loading class com/google/devtools/build/android/desugar/Java7Compatibility$InlineOneMethod
Event: 5.571 loading class com/google/devtools/build/android/desugar/Java7Compatibility$InlineOneMethod done
Event: 5.820 Thread 0x0000000002243800 Uncommon trap: trap_request=0xffffff65 fr.pc=0x000000000266d800
Event: 5.820 Thread 0x0000000002243800 DEOPT PACKING pc=0x000000000266d800 sp=0x0000000001e6e3a0
Event: 5.820 Thread 0x0000000002243800 DEOPT UNPACKING pc=0x000000000238556a sp=0x0000000001e6e338 mode 2
Event: 5.963 Executing VM operation: ParallelGCFailedAllocation
Event: 6.091 Executing VM operation: ParallelGCFailedAllocation done
Event: 6.376 Thread 0x0000000002243800 DEOPT PACKING pc=0x0000000002490cc7 sp=0x0000000001e6eb50
Event: 6.376 Thread 0x0000000002243800 DEOPT UNPACKING pc=0x00000000023875bf sp=0x0000000001e6e880 mode 0


Dynamic libraries:
0x00007ff775440000 - 0x00007ff775471000 	E:\win8soft\android-studio\jre\bin\java.exe
0x00007ff882920000 - 0x00007ff882acd000 	C:\WINDOWS\SYSTEM32\ntdll.dll
0x00007ff881f40000 - 0x00007ff88207e000 	C:\WINDOWS\system32\KERNEL32.DLL
0x00007ff87fe30000 - 0x00007ff87ff45000 	C:\WINDOWS\system32\KERNELBASE.dll
0x00007ff882080000 - 0x00007ff88212a000 	C:\WINDOWS\system32\ADVAPI32.dll
0x00007ff880000000 - 0x00007ff880177000 	C:\WINDOWS\system32\USER32.dll
0x00007ff87dae0000 - 0x00007ff87dd5b000 	C:\WINDOWS\WinSxS\amd64_microsoft.windows.common-controls_6595b64144ccf1df_6.0.9600.18006_none_623f33d3ecbe86e8\COMCTL32.dll
0x00007ff8816b0000 - 0x00007ff88175a000 	C:\WINDOWS\system32\msvcrt.dll
0x00007ff882130000 - 0x00007ff882189000 	C:\WINDOWS\SYSTEM32\sechost.dll
0x00007ff8822c0000 - 0x00007ff882400000 	C:\WINDOWS\system32\RPCRT4.dll
0x00007ff881ad0000 - 0x00007ff881c1b000 	C:\WINDOWS\system32\GDI32.dll
0x00007ff87fc20000 - 0x00007ff87fc4e000 	C:\WINDOWS\system32\SspiCli.dll
0x00007ff87ffc0000 - 0x00007ff87fff6000 	C:\WINDOWS\system32\IMM32.DLL
0x00007ff881de0000 - 0x00007ff881f31000 	C:\WINDOWS\system32\MSCTF.dll
0x00007ff87fa10000 - 0x00007ff87fa40000 	C:\WINDOWS\system32\nvinitx.dll
0x00007ff87fa00000 - 0x00007ff87fa0a000 	C:\WINDOWS\SYSTEM32\VERSION.dll
0x000000006d4a0000 - 0x000000006d4a6000 	C:\Program Files\NVIDIA Corporation\CoProcManager\_etoured.dll
0x00007ff87ba00000 - 0x00007ff87ba38000 	C:\Program Files\NVIDIA Corporation\CoProcManager\nvd3d9wrapx.dll
0x00007ff881830000 - 0x00007ff881a0a000 	C:\WINDOWS\system32\SETUPAPI.dll
0x00007ff87fb20000 - 0x00007ff87fb6f000 	C:\WINDOWS\system32\CFGMGR32.dll
0x00007ff87b9b0000 - 0x00007ff87b9d4000 	C:\Program Files\NVIDIA Corporation\CoProcManager\nvdxgiwrapx.dll
0x000000006b980000 - 0x000000006ba52000 	E:\win8soft\android-studio\jre\jre\bin\msvcr100.dll
0x000000006bb40000 - 0x000000006c37e000 	E:\win8soft\android-studio\jre\jre\bin\server\jvm.dll
0x00007ff872b70000 - 0x00007ff872b79000 	C:\WINDOWS\SYSTEM32\WSOCK32.dll
0x00007ff878850000 - 0x00007ff878872000 	C:\WINDOWS\SYSTEM32\WINMM.dll
0x00007ff881dd0000 - 0x00007ff881dd7000 	C:\WINDOWS\system32\PSAPI.DLL
0x00007ff8827f0000 - 0x00007ff88284a000 	C:\WINDOWS\system32\WS2_32.dll
0x00007ff877640000 - 0x00007ff87766a000 	C:\WINDOWS\SYSTEM32\WINMMBASE.dll
0x00007ff881760000 - 0x00007ff881769000 	C:\WINDOWS\system32\NSI.dll
0x00007ff87e7f0000 - 0x00007ff87e818000 	C:\WINDOWS\SYSTEM32\DEVOBJ.dll
0x00007ff872b60000 - 0x00007ff872b6f000 	E:\win8soft\android-studio\jre\jre\bin\verify.dll
0x00007ff872b30000 - 0x00007ff872b59000 	E:\win8soft\android-studio\jre\jre\bin\java.dll
0x00007ff872b10000 - 0x00007ff872b26000 	E:\win8soft\android-studio\jre\jre\bin\zip.dll
0x00007ff880180000 - 0x00007ff8816ac000 	C:\WINDOWS\system32\SHELL32.dll
0x00007ff882400000 - 0x00007ff882612000 	C:\WINDOWS\SYSTEM32\combase.dll
0x00007ff882200000 - 0x00007ff882254000 	C:\WINDOWS\system32\SHLWAPI.dll
0x00007ff87df60000 - 0x00007ff87e012000 	C:\WINDOWS\SYSTEM32\SHCORE.dll
0x00007ff87fa50000 - 0x00007ff87fa65000 	C:\WINDOWS\SYSTEM32\profapi.dll
0x00007ff87f2a0000 - 0x00007ff87f2c0000 	C:\WINDOWS\SYSTEM32\CRYPTSP.dll
0x00007ff87eec0000 - 0x00007ff87eef6000 	C:\WINDOWS\system32\rsaenh.dll
0x00007ff87f4f0000 - 0x00007ff87f516000 	C:\WINDOWS\SYSTEM32\bcrypt.dll
0x00007ff87efd0000 - 0x00007ff87eff1000 	C:\WINDOWS\SYSTEM32\USERENV.dll
0x00007ff87f810000 - 0x00007ff87f873000 	C:\WINDOWS\system32\bcryptprimitives.dll
0x00007ff87f880000 - 0x00007ff87f88b000 	C:\WINDOWS\SYSTEM32\CRYPTBASE.dll
0x00007ff872af0000 - 0x00007ff872b0a000 	E:\win8soft\android-studio\jre\jre\bin\net.dll
0x00007ff87f240000 - 0x00007ff87f299000 	C:\WINDOWS\system32\mswsock.dll
0x00007ff87a520000 - 0x00007ff87a54a000 	C:\WINDOWS\SYSTEM32\IPHLPAPI.DLL
0x00007ff87a500000 - 0x00007ff87a50a000 	C:\WINDOWS\SYSTEM32\WINNSI.DLL
0x00007ff87a3b0000 - 0x00007ff87a3c6000 	C:\WINDOWS\SYSTEM32\dhcpcsvc6.DLL
0x00007ff87a390000 - 0x00007ff87a3aa000 	C:\WINDOWS\SYSTEM32\dhcpcsvc.DLL
0x00007ff8705f0000 - 0x00007ff870601000 	E:\win8soft\android-studio\jre\jre\bin\nio.dll

VM Arguments:
jvm_args: -Djava.awt.headless=true -Xmx64M -Dfile.encoding=GBK -Duser.country=CN -Duser.language=zh -Duser.variant 
java_command: com.google.devtools.build.android.desugar.Desugar --input E:\win8file\AndroidDemo\Rxdemo\app\build\intermediates\transforms\stackFramesFixer\debug\13.jar --output E:\win8file\AndroidDemo\Rxdemo\app\build\intermediates\transforms\desugar\debug\14.jar --input E:\win8file\AndroidDemo\Rxdemo\app\build\intermediates\transforms\stackFramesFixer\debug\8.jar --output E:\win8file\AndroidDemo\Rxdemo\app\build\intermediates\transforms\desugar\debug\9.jar --input E:\win8file\AndroidDemo\Rxdemo\app\build\intermediates\classes\debug --output E:\win8file\AndroidDemo\Rxdemo\app\build\intermediates\transforms\desugar\debug\0 --input E:\win8file\AndroidDemo\Rxdemo\app\build\intermediates\transforms\stackFramesFixer\debug\7.jar --output E:\win8file\AndroidDemo\Rxdemo\app\build\intermediates\transforms\desugar\debug\8.jar --input E:\win8file\AndroidDemo\Rxdemo\app\build\intermediates\transforms\stackFramesFixer\debug\4.jar --output E:\win8file\AndroidDemo\Rxdemo\app\build\intermediates\transforms\desugar\debug\5.jar --input E:\win8file\AndroidDemo\Rxdemo\app\build\intermediates\transforms\stackFramesFixer\debug\5.jar --output E:\win8file\AndroidDemo\Rxdemo\app\build\intermediates\transforms\desugar\debug\6.jar --input E:\win8file\AndroidDemo\Rxdemo\app\build\intermediates\transforms\stackFramesFixer\debug\6.jar --output E:\win8file\AndroidDemo\Rxdemo\app\build\intermediates\transforms\desugar\debug\7.jar --classpath_entry E:\win8file\AndroidDemo\Rxdemo\app\build\intermediates\classes\debug --classpath_entry E:\win8file\AndroidDemo\Rxdemo\app\build\intermediates\transforms\stackFramesFixer\debug\0.jar --classpath_entry E:\win8file\AndroidDemo\Rxdemo\app\build\intermediates\transforms\stackFramesFixer\debug\1.jar --classpath_entry E:\win8file\AndroidDemo\Rxdemo\app\build\intermediates\transforms\stackFramesFixer\debug\2.jar --classpath_entry E:\win8file\AndroidDemo\Rxdemo\app\build\intermediates\transforms\stackFramesFixer\debug\3.jar --classpath_entry E:\win8file\Android
java_class_path (initial): C:\Users\Administrator\AppData\Local\Temp\desugar_deploy.jar2465764394872015711
Launcher Type: SUN_STANDARD

Environment Variables:
JAVA_HOME=E:\win8soft\java\jdk
PATH=E:\win8soft\devc\Dev-Cpp\MinGW64\bin;E:\win8soft\Oracle\soft\bin;C:\WINDOWS\system32;C:\WINDOWS;C:\WINDOWS\System32\Wbem;C:\WINDOWS\System32\WindowsPowerShell\v1.0\;E:\win8soft\java\jdk\bin;C:\Program Files (x86)\Skype\Phone\;E:\win8soft\GtkSharp\bin;C:\Program Files (x86)\NVIDIA Corporation\PhysX\Common
USERNAME=Administrator
OS=Windows_NT
PROCESSOR_IDENTIFIER=Intel64 Family 6 Model 58 Stepping 9, GenuineIntel



---------------  S Y S T E M  ---------------

OS: Windows 8.1 , 64 bit Build 9600 (6.3.9600.17415)

CPU:total 4 (initial active 4) (2 cores per cpu, 2 threads per core) family 6 model 58 stepping 9, cmov, cx8, fxsr, mmx, sse, sse2, sse3, ssse3, sse4.1, sse4.2, popcnt, avx, aes, clmul, erms, ht, tsc, tscinvbit, tscinv

Memory: 4k page, physical 4087084k(736236k free), swap 7232812k(6068k free)

vm_info: OpenJDK 64-Bit Server VM (25.152-b01) for windows-amd64 JRE (1.8.0_152-release-915-b01), built by "builder" with MS VC++ 10.0 (VS2010)

time: Sat Mar 24 17:41:54 2018
elapsed time: 6 seconds (0d 0h 0m 6s)

