#
# There is insufficient memory for the Java Runtime Environment to continue.
# Native memory allocation (malloc) failed to allocate 32744 bytes for ChunkPool::allocate
# Possible reasons:
#   The system is out of physical RAM or swap space
#   In 32 bit mode, the process size limit was hit
# Possible solutions:
#   Reduce memory load on the system
#   Increase physical memory or swap space
#   Check if swap backing store is full
#   Use 64 bit Java on a 64 bit OS
#   Decrease Java heap size (-Xmx/-Xms)
#   Decrease number of Java threads
#   Decrease Java thread stack sizes (-Xss)
#   Set larger code cache with -XX:ReservedCodeCacheSize=
# This output file may be truncated or incomplete.
#
#  Out of Memory Error (allocation.cpp:273), pid=4180, tid=0x0000000000005edc
#
# JRE version: OpenJDK Runtime Environment (8.0_152-b01) (build 1.8.0_152-release-915-b01)
# Java VM: OpenJDK 64-Bit Server VM (25.152-b01 mixed mode windows-amd64 compressed oops)
# Failed to write core dump. Minidumps are not enabled by default on client versions of Windows
#

---------------  T H R E A D  ---------------

Current thread (0x0000000013bba000):  JavaThread "C2 CompilerThread0" daemon [_thread_in_native, id=24284, stack(0x00000000141b0000,0x00000000142b0000)]

Stack: [0x00000000141b0000,0x00000000142b0000]
[error occurred during error reporting (printing stack bounds), id 0xc0000005]

Native frames: (J=compiled Java code, j=interpreted, Vv=VM code, C=native code)


Current CompileTask:
C2:  31529  848       4       org.objectweb.asm.ClassReader::a (3587 bytes)


---------------  P R O C E S S  ---------------

Java Threads: ( => current thread )
  0x0000000013c35800 JavaThread "Service Thread" daemon [_thread_blocked, id=23984, stack(0x00000000144b0000,0x00000000145b0000)]
  0x0000000013bd3800 JavaThread "C1 CompilerThread2" daemon [_thread_blocked, id=24500, stack(0x00000000143b0000,0x00000000144b0000)]
  0x0000000013bbc000 JavaThread "C2 CompilerThread1" daemon [_thread_blocked, id=24572, stack(0x00000000142b0000,0x00000000143b0000)]
=>0x0000000013bba000 JavaThread "C2 CompilerThread0" daemon [_thread_in_native, id=24284, stack(0x00000000141b0000,0x00000000142b0000)]
  0x000000001285f800 JavaThread "Attach Listener" daemon [_thread_blocked, id=23692, stack(0x00000000140b0000,0x00000000141b0000)]
  0x0000000013bb8800 JavaThread "Signal Dispatcher" daemon [_thread_blocked, id=23668, stack(0x0000000013fb0000,0x00000000140b0000)]
  0x0000000012838800 JavaThread "Finalizer" daemon [_thread_blocked, id=22696, stack(0x0000000013ab0000,0x0000000013bb0000)]
  0x0000000012817000 JavaThread "Reference Handler" daemon [_thread_blocked, id=13524, stack(0x00000000139b0000,0x0000000013ab0000)]
  0x00000000023f3800 JavaThread "main" [_thread_blocked, id=24260, stack(0x0000000002290000,0x0000000002390000)]

Other Threads:
  0x0000000012815800 VMThread [stack: 0x00000000138b0000,0x00000000139b0000] [id=8548]
  0x0000000013beb000 WatcherThread [stack: 0x00000000145b0000,0x00000000146b0000] [id=14088]

VM state:at safepoint (normal execution)

VM Mutex/Monitor currently owned by a thread:  ([mutex/lock_event])
[0x00000000023f0ed0] Threads_lock - owner thread: 0x0000000012815800
[0x00000000023f0450] Heap_lock - owner thread: 0x00000000023f3800

Heap:
 PSYoungGen      total 18944K, used 18920K [0x00000000feb00000, 0x0000000100000000, 0x0000000100000000)
  eden space 16384K, 100% used [0x00000000feb00000,0x00000000ffb00000,0x00000000ffb00000)
  from space 2560K, 99% used [0x00000000ffb00000,0x00000000ffd7a030,0x00000000ffd80000)
  to   space 2560K, 99% used [0x00000000ffd80000,0x00000000ffffc7f0,0x0000000100000000)
 ParOldGen       total 44032K, used 4828K [0x00000000fc000000, 0x00000000feb00000, 0x00000000feb00000)
  object space 44032K, 10% used [0x00000000fc000000,0x00000000fc4b73a0,0x00000000feb00000)
 Metaspace       used 7769K, capacity 7944K, committed 8192K, reserved 1056768K
  class space    used 899K, capacity 988K, committed 1024K, reserved 1048576K

Card table byte_map: [0x0000000001ec0000,0x0000000001ef0000] byte_map_base: 0x00000000016e0000

Marking Bits: (ParMarkBitMap*) 0x0000000055eb3950
 Begin Bits: [0x0000000011cb0000, 0x0000000011db0000)
 End Bits:   [0x0000000011db0000, 0x0000000011eb0000)

Polling page: 0x0000000000660000

CodeCache: size=245760Kb used=3441Kb max_used=3453Kb free=242318Kb
 bounds [0x00000000024f0000, 0x0000000002860000, 0x00000000114f0000]
 total_blobs=1223 nmethods=889 adapters=248
 compilation: enabled

Compilation events (10 events):
Event: 31.285 Thread 0x0000000013bd3800  881       3       org.objectweb.asm.FieldWriter::a (475 bytes)
Event: 31.287 Thread 0x0000000013bd3800 nmethod 881 0x000000000284d890 code [0x000000000284dc40, 0x000000000284f078]
Event: 31.287 Thread 0x0000000013bd3800  884       1       java.nio.Buffer::position (5 bytes)
Event: 31.288 Thread 0x0000000013bd3800 nmethod 884 0x0000000002844e10 code [0x0000000002844f60, 0x0000000002845070]
Event: 31.300 Thread 0x0000000013bd3800  888       1       java.nio.Buffer::limit (5 bytes)
Event: 31.300 Thread 0x0000000013bd3800 nmethod 888 0x0000000002844b50 code [0x0000000002844ca0, 0x0000000002844db0]
Event: 31.301 Thread 0x0000000013bd3800  889       3       java.util.zip.ZipOutputStream::writeInt (69 bytes)
Event: 31.302 Thread 0x0000000013bd3800 nmethod 889 0x00000000028443d0 code [0x0000000002844560, 0x0000000002844a38]
Event: 31.303 Thread 0x0000000013bbc000  890       4       org.objectweb.asm.tree.AbstractInsnNode::<init> (15 bytes)
Event: 31.304 Thread 0x0000000013bbc000 nmethod 890 0x000000000281c1d0 code [0x000000000281c300, 0x000000000281c378]

GC Heap History (3 events):
Event: 26.891 GC heap before
{Heap before GC invocations=1 (full 0):
 PSYoungGen      total 18944K, used 16384K [0x00000000feb00000, 0x0000000100000000, 0x0000000100000000)
  eden space 16384K, 100% used [0x00000000feb00000,0x00000000ffb00000,0x00000000ffb00000)
  from space 2560K, 0% used [0x00000000ffd80000,0x00000000ffd80000,0x0000000100000000)
  to   space 2560K, 0% used [0x00000000ffb00000,0x00000000ffb00000,0x00000000ffd80000)
 ParOldGen       total 44032K, used 0K [0x00000000fc000000, 0x00000000feb00000, 0x00000000feb00000)
  object space 44032K, 0% used [0x00000000fc000000,0x00000000fc000000,0x00000000feb00000)
 Metaspace       used 6571K, capacity 6746K, committed 7040K, reserved 1056768K
  class space    used 770K, capacity 823K, committed 896K, reserved 1048576K
Event: 26.896 GC heap after
Heap after GC invocations=1 (full 0):
 PSYoungGen      total 18944K, used 2536K [0x00000000feb00000, 0x0000000100000000, 0x0000000100000000)
  eden space 16384K, 0% used [0x00000000feb00000,0x00000000feb00000,0x00000000ffb00000)
  from space 2560K, 99% used [0x00000000ffb00000,0x00000000ffd7a030,0x00000000ffd80000)
  to   space 2560K, 0% used [0x00000000ffd80000,0x00000000ffd80000,0x0000000100000000)
 ParOldGen       total 44032K, used 1828K [0x00000000fc000000, 0x00000000feb00000, 0x00000000feb00000)
  object space 44032K, 4% used [0x00000000fc000000,0x00000000fc1c9380,0x00000000feb00000)
 Metaspace       used 6571K, capacity 6746K, committed 7040K, reserved 1056768K
  class space    used 770K, capacity 823K, committed 896K, reserved 1048576K
}
Event: 31.444 GC heap before
{Heap before GC invocations=2 (full 0):
 PSYoungGen      total 18944K, used 18920K [0x00000000feb00000, 0x0000000100000000, 0x0000000100000000)
  eden space 16384K, 100% used [0x00000000feb00000,0x00000000ffb00000,0x00000000ffb00000)
  from space 2560K, 99% used [0x00000000ffb00000,0x00000000ffd7a030,0x00000000ffd80000)
  to   space 2560K, 0% used [0x00000000ffd80000,0x00000000ffd80000,0x0000000100000000)
 ParOldGen       total 44032K, used 1828K [0x00000000fc000000, 0x00000000feb00000, 0x00000000feb00000)
  object space 44032K, 4% used [0x00000000fc000000,0x00000000fc1c9380,0x00000000feb00000)
 Metaspace       used 7769K, capacity 7944K, committed 8192K, reserved 1056768K
  class space    used 899K, capacity 988K, committed 1024K, reserved 1048576K

Deoptimization events (10 events):
Event: 30.077 Thread 0x00000000023f3800 Uncommon trap: reason=class_check action=maybe_recompile pc=0x00000000027153ec method=com.google.common.collect.TransformedIterator.hasNext()Z @ 4
Event: 30.077 Thread 0x00000000023f3800 Uncommon trap: reason=class_check action=maybe_recompile pc=0x0000000002706858 method=com.google.common.collect.TransformedIterator.next()Ljava/lang/Object; @ 5
Event: 30.077 Thread 0x00000000023f3800 Uncommon trap: reason=class_check action=maybe_recompile pc=0x00000000026fe850 method=com.google.common.collect.Iterators$7.transform(Ljava/lang/Object;)Ljava/lang/Object; @ 5
Event: 30.077 Thread 0x00000000023f3800 Uncommon trap: reason=class_check action=maybe_recompile pc=0x00000000027153ec method=com.google.common.collect.TransformedIterator.hasNext()Z @ 4
Event: 30.077 Thread 0x00000000023f3800 Uncommon trap: reason=class_check action=maybe_recompile pc=0x0000000002706858 method=com.google.common.collect.TransformedIterator.next()Ljava/lang/Object; @ 5
Event: 30.077 Thread 0x00000000023f3800 Uncommon trap: reason=class_check action=maybe_recompile pc=0x00000000026fe850 method=com.google.common.collect.Iterators$7.transform(Ljava/lang/Object;)Ljava/lang/Object; @ 5
Event: 30.077 Thread 0x00000000023f3800 Uncommon trap: reason=class_check action=maybe_recompile pc=0x0000000002706858 method=com.google.common.collect.TransformedIterator.next()Ljava/lang/Object; @ 5
Event: 30.077 Thread 0x00000000023f3800 Uncommon trap: reason=class_check action=maybe_recompile pc=0x00000000026fe850 method=com.google.common.collect.Iterators$7.transform(Ljava/lang/Object;)Ljava/lang/Object; @ 5
Event: 30.985 Thread 0x00000000023f3800 Uncommon trap: reason=unstable_if action=reinterpret pc=0x00000000026e4138 method=java.lang.String.<init>([CII)V @ 18
Event: 31.280 Thread 0x00000000023f3800 Uncommon trap: reason=unstable_if action=reinterpret pc=0x0000000002812640 method=org.objectweb.asm.Item.a(Lorg/objectweb/asm/Item;)Z @ 345

Classes redefined (0 events):
No events

Internal exceptions (10 events):
Event: 26.941 Thread 0x00000000023f3800 Implicit null exception at 0x00000000026ff3fd to 0x00000000026ff831
Event: 29.540 Thread 0x00000000023f3800 Exception <a 'sun/nio/fs/WindowsException'> (0x00000000ff147f98) thrown at [D:\src\AOSP-openjdk-cygwin\jdk8u\hotspot\src\share\vm\prims\jni.cpp, line 709]
Event: 29.542 Thread 0x00000000023f3800 Exception <a 'sun/nio/fs/WindowsException'> (0x00000000ff148568) thrown at [D:\src\AOSP-openjdk-cygwin\jdk8u\hotspot\src\share\vm\prims\jni.cpp, line 709]
Event: 29.542 Thread 0x00000000023f3800 Exception <a 'sun/nio/fs/WindowsException'> (0x00000000ff148b60) thrown at [D:\src\AOSP-openjdk-cygwin\jdk8u\hotspot\src\share\vm\prims\jni.cpp, line 709]
Event: 29.542 Thread 0x00000000023f3800 Exception <a 'sun/nio/fs/WindowsException'> (0x00000000ff149330) thrown at [D:\src\AOSP-openjdk-cygwin\jdk8u\hotspot\src\share\vm\prims\jni.cpp, line 709]
Event: 29.542 Thread 0x00000000023f3800 Exception <a 'sun/nio/fs/WindowsException'> (0x00000000ff149900) thrown at [D:\src\AOSP-openjdk-cygwin\jdk8u\hotspot\src\share\vm\prims\jni.cpp, line 709]
Event: 29.543 Thread 0x00000000023f3800 Exception <a 'sun/nio/fs/WindowsException'> (0x00000000ff14a0c0) thrown at [D:\src\AOSP-openjdk-cygwin\jdk8u\hotspot\src\share\vm\prims\jni.cpp, line 709]
Event: 29.597 Thread 0x00000000023f3800 Exception <a 'sun/nio/fs/WindowsException'> (0x00000000ff14f528) thrown at [D:\src\AOSP-openjdk-cygwin\jdk8u\hotspot\src\share\vm\prims\jni.cpp, line 709]
Event: 29.873 Thread 0x00000000023f3800 Exception <a 'sun/nio/fs/WindowsException'> (0x00000000ff4011c0) thrown at [D:\src\AOSP-openjdk-cygwin\jdk8u\hotspot\src\share\vm\prims\jni.cpp, line 709]
Event: 29.873 Thread 0x00000000023f3800 Exception <a 'sun/nio/fs/WindowsException'> (0x00000000ff401748) thrown at [D:\src\AOSP-openjdk-cygwin\jdk8u\hotspot\src\share\vm\prims\jni.cpp, line 709]

Events (10 events):
Event: 30.985 Thread 0x00000000023f3800 DEOPT PACKING pc=0x00000000026e4138 sp=0x000000000238eb60
Event: 30.985 Thread 0x00000000023f3800 DEOPT UNPACKING pc=0x000000000253556a sp=0x000000000238eb28 mode 2
Event: 31.062 loading class org/objectweb/asm/tree/TryCatchBlockNode
Event: 31.062 loading class org/objectweb/asm/tree/TryCatchBlockNode done
Event: 31.064 loading class org/objectweb/asm/Handler
Event: 31.064 loading class org/objectweb/asm/Handler done
Event: 31.280 Thread 0x00000000023f3800 Uncommon trap: trap_request=0xffffff65 fr.pc=0x0000000002812640
Event: 31.280 Thread 0x00000000023f3800 DEOPT PACKING pc=0x0000000002812640 sp=0x000000000238e560
Event: 31.280 Thread 0x00000000023f3800 DEOPT UNPACKING pc=0x000000000253556a sp=0x000000000238e4f8 mode 2
Event: 31.444 Executing VM operation: ParallelGCFailedAllocation


Dynamic libraries:
0x00007ff7b9760000 - 0x00007ff7b9791000 	E:\win8soft\android-studio\jre\bin\java.exe
0x00007ff816ca0000 - 0x00007ff816e4d000 	C:\WINDOWS\SYSTEM32\ntdll.dll
0x00007ff8150d0000 - 0x00007ff81520e000 	C:\WINDOWS\system32\KERNEL32.DLL
0x00007ff8140d0000 - 0x00007ff8141e5000 	C:\WINDOWS\system32\KERNELBASE.dll
0x00007ff814550000 - 0x00007ff8145fa000 	C:\WINDOWS\system32\ADVAPI32.dll
0x00007ff8146d0000 - 0x00007ff814847000 	C:\WINDOWS\system32\USER32.dll
0x00007ff811ea0000 - 0x00007ff81211b000 	C:\WINDOWS\WinSxS\amd64_microsoft.windows.common-controls_6595b64144ccf1df_6.0.9600.18006_none_623f33d3ecbe86e8\COMCTL32.dll
0x00007ff814850000 - 0x00007ff8148fa000 	C:\WINDOWS\system32\msvcrt.dll
0x00007ff815210000 - 0x00007ff815269000 	C:\WINDOWS\SYSTEM32\sechost.dll
0x00007ff814cf0000 - 0x00007ff814e30000 	C:\WINDOWS\system32\RPCRT4.dll
0x00007ff815340000 - 0x00007ff81548b000 	C:\WINDOWS\system32\GDI32.dll
0x00007ff814250000 - 0x00007ff81427e000 	C:\WINDOWS\system32\SspiCli.dll
0x00007ff814ac0000 - 0x00007ff814af6000 	C:\WINDOWS\system32\IMM32.DLL
0x00007ff814b70000 - 0x00007ff814cc1000 	C:\WINDOWS\system32\MSCTF.dll
0x00007ff813d90000 - 0x00007ff813dc0000 	C:\WINDOWS\system32\nvinitx.dll
0x00007ff813d80000 - 0x00007ff813d8a000 	C:\WINDOWS\SYSTEM32\VERSION.dll
0x0000000057510000 - 0x0000000057516000 	C:\Program Files\NVIDIA Corporation\CoProcManager\_etoured.dll
0x00007ff812a10000 - 0x00007ff812a48000 	C:\Program Files\NVIDIA Corporation\CoProcManager\nvd3d9wrapx.dll
0x00007ff814e30000 - 0x00007ff81500a000 	C:\WINDOWS\system32\SETUPAPI.dll
0x00007ff814080000 - 0x00007ff8140cf000 	C:\WINDOWS\system32\CFGMGR32.dll
0x00007ff812910000 - 0x00007ff812934000 	C:\Program Files\NVIDIA Corporation\CoProcManager\nvdxgiwrapx.dll
0x0000000055530000 - 0x0000000055602000 	E:\win8soft\android-studio\jre\jre\bin\msvcr100.dll
0x00000000556f0000 - 0x0000000055f2e000 	E:\win8soft\android-studio\jre\jre\bin\server\jvm.dll
0x00007ff813d20000 - 0x00007ff813d29000 	C:\WINDOWS\SYSTEM32\WSOCK32.dll
0x00007ff80cd80000 - 0x00007ff80cda2000 	C:\WINDOWS\SYSTEM32\WINMM.dll
0x00007ff8152d0000 - 0x00007ff8152d7000 	C:\WINDOWS\system32\PSAPI.DLL
0x00007ff8144d0000 - 0x00007ff81452a000 	C:\WINDOWS\system32\WS2_32.dll
0x00007ff80cbe0000 - 0x00007ff80cc0a000 	C:\WINDOWS\SYSTEM32\WINMMBASE.dll
0x00007ff814cd0000 - 0x00007ff814cd9000 	C:\WINDOWS\system32\NSI.dll
0x00007ff812bc0000 - 0x00007ff812be8000 	C:\WINDOWS\SYSTEM32\DEVOBJ.dll
0x00007ff813d10000 - 0x00007ff813d1f000 	E:\win8soft\android-studio\jre\jre\bin\verify.dll
0x00007ff812820000 - 0x00007ff812849000 	E:\win8soft\android-studio\jre\jre\bin\java.dll
0x00007ff812800000 - 0x00007ff812816000 	E:\win8soft\android-studio\jre\jre\bin\zip.dll
0x00007ff815550000 - 0x00007ff816a7c000 	C:\WINDOWS\system32\SHELL32.dll
0x00007ff816a80000 - 0x00007ff816c92000 	C:\WINDOWS\SYSTEM32\combase.dll
0x00007ff815270000 - 0x00007ff8152c4000 	C:\WINDOWS\system32\SHLWAPI.dll
0x00007ff812320000 - 0x00007ff8123d2000 	C:\WINDOWS\SYSTEM32\SHCORE.dll
0x00007ff813dd0000 - 0x00007ff813de5000 	C:\WINDOWS\SYSTEM32\profapi.dll
0x00007ff813620000 - 0x00007ff813640000 	C:\WINDOWS\SYSTEM32\CRYPTSP.dll
0x00007ff813240000 - 0x00007ff813276000 	C:\WINDOWS\system32\rsaenh.dll
0x00007ff813870000 - 0x00007ff813896000 	C:\WINDOWS\SYSTEM32\bcrypt.dll
0x00007ff813350000 - 0x00007ff813371000 	C:\WINDOWS\SYSTEM32\USERENV.dll
0x00007ff813b90000 - 0x00007ff813bf3000 	C:\WINDOWS\system32\bcryptprimitives.dll
0x00007ff813c00000 - 0x00007ff813c0b000 	C:\WINDOWS\SYSTEM32\CRYPTBASE.dll
0x00007ff8126e0000 - 0x00007ff8126fa000 	E:\win8soft\android-studio\jre\jre\bin\net.dll
0x00007ff8135c0000 - 0x00007ff813619000 	C:\WINDOWS\system32\mswsock.dll
0x00007ff80e480000 - 0x00007ff80e4aa000 	C:\WINDOWS\SYSTEM32\IPHLPAPI.DLL
0x00007ff80e460000 - 0x00007ff80e46a000 	C:\WINDOWS\SYSTEM32\WINNSI.DLL
0x00007ff80e160000 - 0x00007ff80e176000 	C:\WINDOWS\SYSTEM32\dhcpcsvc6.DLL
0x00007ff80e1f0000 - 0x00007ff80e20a000 	C:\WINDOWS\SYSTEM32\dhcpcsvc.DLL
0x00007ff8126c0000 - 0x00007ff8126d1000 	E:\win8soft\android-studio\jre\jre\bin\nio.dll

VM Arguments:
jvm_args: -Djava.awt.headless=true -Xmx64M -Dfile.encoding=GBK -Duser.country=CN -Duser.language=zh -Duser.variant 
java_command: com.google.devtools.build.android.desugar.Desugar --input E:\win8file\AndroidDemo\Rxdemo\app\build\intermediates\transforms\stackFramesFixer\debug\8.jar --output E:\win8file\AndroidDemo\Rxdemo\app\build\intermediates\transforms\desugar\debug\9.jar --input E:\win8file\AndroidDemo\Rxdemo\app\build\intermediates\classes\debug --output E:\win8file\AndroidDemo\Rxdemo\app\build\intermediates\transforms\desugar\debug\0 --input E:\win8file\AndroidDemo\Rxdemo\app\build\intermediates\transforms\stackFramesFixer\debug\20.jar --output E:\win8file\AndroidDemo\Rxdemo\app\build\intermediates\transforms\desugar\debug\21.jar --input E:\win8file\AndroidDemo\Rxdemo\app\build\intermediates\transforms\stackFramesFixer\debug\21.jar --output E:\win8file\AndroidDemo\Rxdemo\app\build\intermediates\transforms\desugar\debug\22.jar --input E:\win8file\AndroidDemo\Rxdemo\app\build\intermediates\transforms\stackFramesFixer\debug\12.jar --output E:\win8file\AndroidDemo\Rxdemo\app\build\intermediates\transforms\desugar\debug\13.jar --input E:\win8file\AndroidDemo\Rxdemo\app\build\intermediates\transforms\stackFramesFixer\debug\10.jar --output E:\win8file\AndroidDemo\Rxdemo\app\build\intermediates\transforms\desugar\debug\11.jar --input E:\win8file\AndroidDemo\Rxdemo\app\build\intermediates\transforms\stackFramesFixer\debug\17.jar --output E:\win8file\AndroidDemo\Rxdemo\app\build\intermediates\transforms\desugar\debug\18.jar --classpath_entry E:\win8file\AndroidDemo\Rxdemo\app\build\intermediates\classes\debug --classpath_entry E:\win8file\AndroidDemo\Rxdemo\app\build\intermediates\transforms\stackFramesFixer\debug\0.jar --classpath_entry E:\win8file\AndroidDemo\Rxdemo\app\build\intermediates\transforms\stackFramesFixer\debug\1.jar --classpath_entry E:\win8file\AndroidDemo\Rxdemo\app\build\intermediates\transforms\stackFramesFixer\debug\2.jar --classpath_entry E:\win8file\AndroidDemo\Rxdemo\app\build\intermediates\transforms\stackFramesFixer\debug\3.jar --classpath_entry E:\win8file
java_class_path (initial): C:\Users\Administrator\AppData\Local\Temp\desugar_deploy.jar5730954516968309052
Launcher Type: SUN_STANDARD

Environment Variables:
JAVA_HOME=E:\win8soft\java\jdk
PATH=E:\win8soft\devc\Dev-Cpp\MinGW64\bin;E:\win8soft\Oracle\soft\bin;C:\WINDOWS\system32;C:\WINDOWS;C:\WINDOWS\System32\Wbem;C:\WINDOWS\System32\WindowsPowerShell\v1.0\;E:\win8soft\java\jdk\bin;C:\Program Files (x86)\Skype\Phone\;E:\win8soft\GtkSharp\bin;C:\Program Files (x86)\NVIDIA Corporation\PhysX\Common
USERNAME=Administrator
OS=Windows_NT
PROCESSOR_IDENTIFIER=Intel64 Family 6 Model 58 Stepping 9, GenuineIntel



---------------  S Y S T E M  ---------------

OS: Windows 8.1 , 64 bit Build 9600 (6.3.9600.17415)

CPU:total 4 (initial active 4) (2 cores per cpu, 2 threads per core) family 6 model 58 stepping 9, cmov, cx8, fxsr, mmx, sse, sse2, sse3, ssse3, sse4.1, sse4.2, popcnt, avx, aes, clmul, erms, ht, tsc, tscinvbit, tscinv

Memory: 4k page, physical 4087084k(353112k free), swap 7232812k(5068k free)

vm_info: OpenJDK 64-Bit Server VM (25.152-b01) for windows-amd64 JRE (1.8.0_152-release-915-b01), built by "builder" with MS VC++ 10.0 (VS2010)

time: Thu Mar 22 23:26:30 2018
elapsed time: 31 seconds (0d 0h 0m 31s)

