#
# There is insufficient memory for the Java Runtime Environment to continue.
# Native memory allocation (malloc) failed to allocate 32744 bytes for ChunkPool::allocate
# Possible reasons:
#   The system is out of physical RAM or swap space
#   In 32 bit mode, the process size limit was hit
# Possible solutions:
#   Reduce memory load on the system
#   Increase physical memory or swap space
#   Check if swap backing store is full
#   Use 64 bit Java on a 64 bit OS
#   Decrease Java heap size (-Xmx/-Xms)
#   Decrease number of Java threads
#   Decrease Java thread stack sizes (-Xss)
#   Set larger code cache with -XX:ReservedCodeCacheSize=
# This output file may be truncated or incomplete.
#
#  Out of Memory Error (allocation.cpp:273), pid=9572, tid=0x00000000000026e4
#
# JRE version: OpenJDK Runtime Environment (8.0_152-b01) (build 1.8.0_152-release-915-b01)
# Java VM: OpenJDK 64-Bit Server VM (25.152-b01 mixed mode windows-amd64 compressed oops)
# Failed to write core dump. Minidumps are not enabled by default on client versions of Windows
#

---------------  T H R E A D  ---------------

Current thread (0x0000000012efa800):  JavaThread "C2 CompilerThread0" daemon [_thread_in_native, id=9956, stack(0x00000000147f0000,0x00000000148f0000)]

Stack: [0x00000000147f0000,0x00000000148f0000]
[error occurred during error reporting (printing stack bounds), id 0xc0000005]

Native frames: (J=compiled Java code, j=interpreted, Vv=VM code, C=native code)


Current CompileTask:
C2:   4732 1017       4       org.objectweb.asm.ClassWriter::a (70 bytes)


---------------  P R O C E S S  ---------------

Java Threads: ( => current thread )
  0x000000001424d800 JavaThread "Service Thread" daemon [_thread_blocked, id=11540, stack(0x0000000014af0000,0x0000000014bf0000)]
  0x0000000014247000 JavaThread "C1 CompilerThread2" daemon [_thread_blocked, id=10980, stack(0x00000000149f0000,0x0000000014af0000)]
  0x0000000012efc800 JavaThread "C2 CompilerThread1" daemon [_thread_in_native, id=10916, stack(0x00000000148f0000,0x00000000149f0000)]
=>0x0000000012efa800 JavaThread "C2 CompilerThread0" daemon [_thread_in_native, id=9956, stack(0x00000000147f0000,0x00000000148f0000)]
  0x0000000012eae800 JavaThread "Attach Listener" daemon [_thread_blocked, id=10968, stack(0x00000000146f0000,0x00000000147f0000)]
  0x00000000141f8800 JavaThread "Signal Dispatcher" daemon [_thread_blocked, id=10908, stack(0x00000000145f0000,0x00000000146f0000)]
  0x0000000012e88800 JavaThread "Finalizer" daemon [_thread_blocked, id=9372, stack(0x00000000140f0000,0x00000000141f0000)]
  0x0000000012e67000 JavaThread "Reference Handler" daemon [_thread_blocked, id=5728, stack(0x0000000013ff0000,0x00000000140f0000)]
  0x0000000002943800 JavaThread "main" [_thread_in_Java, id=11620, stack(0x0000000000e20000,0x0000000000f20000)]

Other Threads:
  0x0000000012e65800 VMThread [stack: 0x0000000013ef0000,0x0000000013ff0000] [id=11344]
  0x000000001424e800 WatcherThread [stack: 0x0000000014bf0000,0x0000000014cf0000] [id=11652]

VM state:not at safepoint (normal execution)

VM Mutex/Monitor currently owned by a thread: None

Heap:
 PSYoungGen      total 18944K, used 10809K [0x00000000feb00000, 0x0000000100000000, 0x0000000100000000)
  eden space 16384K, 50% used [0x00000000feb00000,0x00000000ff311ce8,0x00000000ffb00000)
  from space 2560K, 99% used [0x00000000ffd80000,0x00000000ffffc7f0,0x0000000100000000)
  to   space 2560K, 0% used [0x00000000ffb00000,0x00000000ffb00000,0x00000000ffd80000)
 ParOldGen       total 44032K, used 5326K [0x00000000fc000000, 0x00000000feb00000, 0x00000000feb00000)
  object space 44032K, 12% used [0x00000000fc000000,0x00000000fc5339b8,0x00000000feb00000)
 Metaspace       used 7887K, capacity 8072K, committed 8192K, reserved 1056768K
  class space    used 905K, capacity 988K, committed 1024K, reserved 1048576K

Card table byte_map: [0x0000000002a50000,0x0000000002a80000] byte_map_base: 0x0000000002270000

Marking Bits: (ParMarkBitMap*) 0x000000006c303950
 Begin Bits: [0x0000000012300000, 0x0000000012400000)
 End Bits:   [0x0000000012400000, 0x0000000012500000)

Polling page: 0x0000000000cc0000

CodeCache: size=245760Kb used=3823Kb max_used=3833Kb free=241936Kb
 bounds [0x0000000002b40000, 0x0000000002f10000, 0x0000000011b40000]
 total_blobs=1351 nmethods=1016 adapters=248
 compilation: enabled

Compilation events (10 events):
Event: 4.696 Thread 0x0000000014247000 nmethod 1012 0x0000000002eff990 code [0x0000000002effae0, 0x0000000002effbf0]
Event: 4.696 Thread 0x0000000014247000 1013       3       sun.nio.ch.Util::access$000 (4 bytes)
Event: 4.696 Thread 0x0000000014247000 nmethod 1013 0x0000000002eff690 code [0x0000000002eff7e0, 0x0000000002eff910]
Event: 4.703 Thread 0x0000000014247000 1014       3       org.objectweb.asm.FieldWriter::visitEnd (1 bytes)
Event: 4.703 Thread 0x0000000014247000 nmethod 1014 0x0000000002eff350 code [0x0000000002eff4a0, 0x0000000002eff5f0]
Event: 4.706 Thread 0x0000000014247000 1015       1       java.nio.channels.spi.AbstractInterruptibleChannel::isOpen (5 bytes)
Event: 4.706 Thread 0x0000000014247000 nmethod 1015 0x0000000002eff090 code [0x0000000002eff1e0, 0x0000000002eff2f0]
Event: 4.706 Thread 0x0000000012efa800 1016       4       org.objectweb.asm.ByteVector::putByteArray (49 bytes)
Event: 4.708 Thread 0x0000000012efa800 nmethod 1016 0x0000000002efd7d0 code [0x0000000002efd920, 0x0000000002efda78]
Event: 4.710 Thread 0x0000000012efa800 1017       4       org.objectweb.asm.ClassWriter::a (70 bytes)

GC Heap History (4 events):
Event: 2.742 GC heap before
{Heap before GC invocations=1 (full 0):
 PSYoungGen      total 18944K, used 16384K [0x00000000feb00000, 0x0000000100000000, 0x0000000100000000)
  eden space 16384K, 100% used [0x00000000feb00000,0x00000000ffb00000,0x00000000ffb00000)
  from space 2560K, 0% used [0x00000000ffd80000,0x00000000ffd80000,0x0000000100000000)
  to   space 2560K, 0% used [0x00000000ffb00000,0x00000000ffb00000,0x00000000ffd80000)
 ParOldGen       total 44032K, used 0K [0x00000000fc000000, 0x00000000feb00000, 0x00000000feb00000)
  object space 44032K, 0% used [0x00000000fc000000,0x00000000fc000000,0x00000000feb00000)
 Metaspace       used 6583K, capacity 6746K, committed 7040K, reserved 1056768K
  class space    used 771K, capacity 823K, committed 896K, reserved 1048576K
Event: 2.749 GC heap after
Heap after GC invocations=1 (full 0):
 PSYoungGen      total 18944K, used 2536K [0x00000000feb00000, 0x0000000100000000, 0x0000000100000000)
  eden space 16384K, 0% used [0x00000000feb00000,0x00000000feb00000,0x00000000ffb00000)
  from space 2560K, 99% used [0x00000000ffb00000,0x00000000ffd7a030,0x00000000ffd80000)
  to   space 2560K, 0% used [0x00000000ffd80000,0x00000000ffd80000,0x0000000100000000)
 ParOldGen       total 44032K, used 1828K [0x00000000fc000000, 0x00000000feb00000, 0x00000000feb00000)
  object space 44032K, 4% used [0x00000000fc000000,0x00000000fc1c9300,0x00000000feb00000)
 Metaspace       used 6583K, capacity 6746K, committed 7040K, reserved 1056768K
  class space    used 771K, capacity 823K, committed 896K, reserved 1048576K
}
Event: 3.874 GC heap before
{Heap before GC invocations=2 (full 0):
 PSYoungGen      total 18944K, used 18920K [0x00000000feb00000, 0x0000000100000000, 0x0000000100000000)
  eden space 16384K, 100% used [0x00000000feb00000,0x00000000ffb00000,0x00000000ffb00000)
  from space 2560K, 99% used [0x00000000ffb00000,0x00000000ffd7a030,0x00000000ffd80000)
  to   space 2560K, 0% used [0x00000000ffd80000,0x00000000ffd80000,0x0000000100000000)
 ParOldGen       total 44032K, used 1828K [0x00000000fc000000, 0x00000000feb00000, 0x00000000feb00000)
  object space 44032K, 4% used [0x00000000fc000000,0x00000000fc1c9300,0x00000000feb00000)
 Metaspace       used 7777K, capacity 7944K, committed 8192K, reserved 1056768K
  class space    used 902K, capacity 988K, committed 1024K, reserved 1048576K
Event: 3.981 GC heap after
Heap after GC invocations=2 (full 0):
 PSYoungGen      total 18944K, used 2545K [0x00000000feb00000, 0x0000000100000000, 0x0000000100000000)
  eden space 16384K, 0% used [0x00000000feb00000,0x00000000feb00000,0x00000000ffb00000)
  from space 2560K, 99% used [0x00000000ffd80000,0x00000000ffffc7f0,0x0000000100000000)
  to   space 2560K, 0% used [0x00000000ffb00000,0x00000000ffb00000,0x00000000ffd80000)
 ParOldGen       total 44032K, used 5326K [0x00000000fc000000, 0x00000000feb00000, 0x00000000feb00000)
  object space 44032K, 12% used [0x00000000fc000000,0x00000000fc5339b8,0x00000000feb00000)
 Metaspace       used 7777K, capacity 7944K, committed 8192K, reserved 1056768K
  class space    used 902K, capacity 988K, committed 1024K, reserved 1048576K
}

Deoptimization events (10 events):
Event: 3.253 Thread 0x0000000002943800 Uncommon trap: reason=class_check action=maybe_recompile pc=0x0000000002d54950 method=com.google.common.collect.Iterators$7.transform(Ljava/lang/Object;)Ljava/lang/Object; @ 5
Event: 3.253 Thread 0x0000000002943800 Uncommon trap: reason=class_check action=maybe_recompile pc=0x0000000002d6316c method=com.google.common.collect.TransformedIterator.hasNext()Z @ 4
Event: 3.253 Thread 0x0000000002943800 Uncommon trap: reason=class_check action=maybe_recompile pc=0x0000000002d6a130 method=com.google.common.collect.TransformedIterator.next()Ljava/lang/Object; @ 5
Event: 3.253 Thread 0x0000000002943800 Uncommon trap: reason=class_check action=maybe_recompile pc=0x0000000002d54950 method=com.google.common.collect.Iterators$7.transform(Ljava/lang/Object;)Ljava/lang/Object; @ 5
Event: 3.253 Thread 0x0000000002943800 Uncommon trap: reason=class_check action=maybe_recompile pc=0x0000000002d6a130 method=com.google.common.collect.TransformedIterator.next()Ljava/lang/Object; @ 5
Event: 3.253 Thread 0x0000000002943800 Uncommon trap: reason=class_check action=maybe_recompile pc=0x0000000002d54950 method=com.google.common.collect.Iterators$7.transform(Ljava/lang/Object;)Ljava/lang/Object; @ 5
Event: 3.393 Thread 0x0000000002943800 Uncommon trap: reason=unstable_if action=reinterpret pc=0x0000000002d37578 method=java.lang.String.<init>([CII)V @ 18
Event: 3.984 Thread 0x0000000002943800 Uncommon trap: reason=unstable_if action=reinterpret pc=0x0000000002e86f18 method=org.objectweb.asm.Type.getArgumentsAndReturnSizes(Ljava/lang/String;)I @ 130
Event: 4.236 Thread 0x0000000002943800 Uncommon trap: reason=unstable_if action=reinterpret pc=0x0000000002e77680 method=org.objectweb.asm.Item.a(Lorg/objectweb/asm/Item;)Z @ 345
Event: 4.456 Thread 0x0000000002943800 Uncommon trap: reason=unstable_if action=reinterpret pc=0x0000000002edf248 method=org.objectweb.asm.Item.a(Lorg/objectweb/asm/Item;)Z @ 251

Classes redefined (0 events):
No events

Internal exceptions (10 events):
Event: 2.954 Thread 0x0000000002943800 Exception <a 'sun/nio/fs/WindowsException'> (0x00000000ff1555e0) thrown at [D:\src\AOSP-openjdk-cygwin\jdk8u\hotspot\src\share\vm\prims\jni.cpp, line 709]
Event: 2.954 Thread 0x0000000002943800 Exception <a 'sun/nio/fs/WindowsException'> (0x00000000ff155bb0) thrown at [D:\src\AOSP-openjdk-cygwin\jdk8u\hotspot\src\share\vm\prims\jni.cpp, line 709]
Event: 2.954 Thread 0x0000000002943800 Exception <a 'sun/nio/fs/WindowsException'> (0x00000000ff156370) thrown at [D:\src\AOSP-openjdk-cygwin\jdk8u\hotspot\src\share\vm\prims\jni.cpp, line 709]
Event: 2.978 Thread 0x0000000002943800 Exception <a 'sun/nio/fs/WindowsException'> (0x00000000ff15b7d8) thrown at [D:\src\AOSP-openjdk-cygwin\jdk8u\hotspot\src\share\vm\prims\jni.cpp, line 709]
Event: 3.182 Thread 0x0000000002943800 Exception <a 'sun/nio/fs/WindowsException'> (0x00000000ff469010) thrown at [D:\src\AOSP-openjdk-cygwin\jdk8u\hotspot\src\share\vm\prims\jni.cpp, line 709]
Event: 3.182 Thread 0x0000000002943800 Exception <a 'sun/nio/fs/WindowsException'> (0x00000000ff469598) thrown at [D:\src\AOSP-openjdk-cygwin\jdk8u\hotspot\src\share\vm\prims\jni.cpp, line 709]
Event: 3.490 Thread 0x0000000002943800 Exception <a 'sun/nio/fs/WindowsException'> (0x00000000ff6d99a0) thrown at [D:\src\AOSP-openjdk-cygwin\jdk8u\hotspot\src\share\vm\prims\jni.cpp, line 709]
Event: 3.490 Thread 0x0000000002943800 Exception <a 'sun/nio/fs/WindowsException'> (0x00000000ff6d9ea8) thrown at [D:\src\AOSP-openjdk-cygwin\jdk8u\hotspot\src\share\vm\prims\jni.cpp, line 709]
Event: 4.018 Thread 0x0000000002943800 Exception <a 'sun/nio/fs/WindowsException'> (0x00000000fec1a918) thrown at [D:\src\AOSP-openjdk-cygwin\jdk8u\hotspot\src\share\vm\prims\jni.cpp, line 709]
Event: 4.018 Thread 0x0000000002943800 Exception <a 'sun/nio/fs/WindowsException'> (0x00000000fec1ae20) thrown at [D:\src\AOSP-openjdk-cygwin\jdk8u\hotspot\src\share\vm\prims\jni.cpp, line 709]

Events (10 events):
Event: 4.456 Thread 0x0000000002943800 DEOPT PACKING pc=0x0000000002edf248 sp=0x0000000000f1e8f0
Event: 4.456 Thread 0x0000000002943800 DEOPT UNPACKING pc=0x0000000002b8556a sp=0x0000000000f1e888 mode 2
Event: 4.579 loading class java/time/Instant
Event: 4.579 loading class java/time/temporal/Temporal
Event: 4.579 loading class java/time/temporal/TemporalAccessor
Event: 4.579 loading class java/time/temporal/TemporalAccessor done
Event: 4.579 loading class java/time/temporal/Temporal done
Event: 4.579 loading class java/time/temporal/TemporalAdjuster
Event: 4.579 loading class java/time/temporal/TemporalAdjuster done
Event: 4.579 loading class java/time/Instant done


Dynamic libraries:
0x00007ff775440000 - 0x00007ff775471000 	E:\win8soft\android-studio\jre\bin\java.exe
0x00007ff882920000 - 0x00007ff882acd000 	C:\WINDOWS\SYSTEM32\ntdll.dll
0x00007ff881f40000 - 0x00007ff88207e000 	C:\WINDOWS\system32\KERNEL32.DLL
0x00007ff87fe30000 - 0x00007ff87ff45000 	C:\WINDOWS\system32\KERNELBASE.dll
0x00007ff882080000 - 0x00007ff88212a000 	C:\WINDOWS\system32\ADVAPI32.dll
0x00007ff880000000 - 0x00007ff880177000 	C:\WINDOWS\system32\USER32.dll
0x00007ff87dae0000 - 0x00007ff87dd5b000 	C:\WINDOWS\WinSxS\amd64_microsoft.windows.common-controls_6595b64144ccf1df_6.0.9600.18006_none_623f33d3ecbe86e8\COMCTL32.dll
0x00007ff8816b0000 - 0x00007ff88175a000 	C:\WINDOWS\system32\msvcrt.dll
0x00007ff882130000 - 0x00007ff882189000 	C:\WINDOWS\SYSTEM32\sechost.dll
0x00007ff8822c0000 - 0x00007ff882400000 	C:\WINDOWS\system32\RPCRT4.dll
0x00007ff881ad0000 - 0x00007ff881c1b000 	C:\WINDOWS\system32\GDI32.dll
0x00007ff87fc20000 - 0x00007ff87fc4e000 	C:\WINDOWS\system32\SspiCli.dll
0x00007ff87ffc0000 - 0x00007ff87fff6000 	C:\WINDOWS\system32\IMM32.DLL
0x00007ff881de0000 - 0x00007ff881f31000 	C:\WINDOWS\system32\MSCTF.dll
0x00007ff87fa10000 - 0x00007ff87fa40000 	C:\WINDOWS\system32\nvinitx.dll
0x00007ff87fa00000 - 0x00007ff87fa0a000 	C:\WINDOWS\SYSTEM32\VERSION.dll
0x000000006d4a0000 - 0x000000006d4a6000 	C:\Program Files\NVIDIA Corporation\CoProcManager\_etoured.dll
0x00007ff87ba00000 - 0x00007ff87ba38000 	C:\Program Files\NVIDIA Corporation\CoProcManager\nvd3d9wrapx.dll
0x00007ff881830000 - 0x00007ff881a0a000 	C:\WINDOWS\system32\SETUPAPI.dll
0x00007ff87fb20000 - 0x00007ff87fb6f000 	C:\WINDOWS\system32\CFGMGR32.dll
0x00007ff87b9b0000 - 0x00007ff87b9d4000 	C:\Program Files\NVIDIA Corporation\CoProcManager\nvdxgiwrapx.dll
0x000000006b980000 - 0x000000006ba52000 	E:\win8soft\android-studio\jre\jre\bin\msvcr100.dll
0x000000006bb40000 - 0x000000006c37e000 	E:\win8soft\android-studio\jre\jre\bin\server\jvm.dll
0x00007ff872b70000 - 0x00007ff872b79000 	C:\WINDOWS\SYSTEM32\WSOCK32.dll
0x00007ff878850000 - 0x00007ff878872000 	C:\WINDOWS\SYSTEM32\WINMM.dll
0x00007ff881dd0000 - 0x00007ff881dd7000 	C:\WINDOWS\system32\PSAPI.DLL
0x00007ff8827f0000 - 0x00007ff88284a000 	C:\WINDOWS\system32\WS2_32.dll
0x00007ff877640000 - 0x00007ff87766a000 	C:\WINDOWS\SYSTEM32\WINMMBASE.dll
0x00007ff881760000 - 0x00007ff881769000 	C:\WINDOWS\system32\NSI.dll
0x00007ff87e7f0000 - 0x00007ff87e818000 	C:\WINDOWS\SYSTEM32\DEVOBJ.dll
0x00007ff872b60000 - 0x00007ff872b6f000 	E:\win8soft\android-studio\jre\jre\bin\verify.dll
0x00007ff872b30000 - 0x00007ff872b59000 	E:\win8soft\android-studio\jre\jre\bin\java.dll
0x00007ff872b10000 - 0x00007ff872b26000 	E:\win8soft\android-studio\jre\jre\bin\zip.dll
0x00007ff880180000 - 0x00007ff8816ac000 	C:\WINDOWS\system32\SHELL32.dll
0x00007ff882400000 - 0x00007ff882612000 	C:\WINDOWS\SYSTEM32\combase.dll
0x00007ff882200000 - 0x00007ff882254000 	C:\WINDOWS\system32\SHLWAPI.dll
0x00007ff87df60000 - 0x00007ff87e012000 	C:\WINDOWS\SYSTEM32\SHCORE.dll
0x00007ff87fa50000 - 0x00007ff87fa65000 	C:\WINDOWS\SYSTEM32\profapi.dll
0x00007ff87f2a0000 - 0x00007ff87f2c0000 	C:\WINDOWS\SYSTEM32\CRYPTSP.dll
0x00007ff87eec0000 - 0x00007ff87eef6000 	C:\WINDOWS\system32\rsaenh.dll
0x00007ff87f4f0000 - 0x00007ff87f516000 	C:\WINDOWS\SYSTEM32\bcrypt.dll
0x00007ff87efd0000 - 0x00007ff87eff1000 	C:\WINDOWS\SYSTEM32\USERENV.dll
0x00007ff87f810000 - 0x00007ff87f873000 	C:\WINDOWS\system32\bcryptprimitives.dll
0x00007ff87f880000 - 0x00007ff87f88b000 	C:\WINDOWS\SYSTEM32\CRYPTBASE.dll
0x00007ff872af0000 - 0x00007ff872b0a000 	E:\win8soft\android-studio\jre\jre\bin\net.dll
0x00007ff87f240000 - 0x00007ff87f299000 	C:\WINDOWS\system32\mswsock.dll
0x00007ff87a520000 - 0x00007ff87a54a000 	C:\WINDOWS\SYSTEM32\IPHLPAPI.DLL
0x00007ff87a500000 - 0x00007ff87a50a000 	C:\WINDOWS\SYSTEM32\WINNSI.DLL
0x00007ff87a3b0000 - 0x00007ff87a3c6000 	C:\WINDOWS\SYSTEM32\dhcpcsvc6.DLL
0x00007ff87a390000 - 0x00007ff87a3aa000 	C:\WINDOWS\SYSTEM32\dhcpcsvc.DLL
0x00007ff8705f0000 - 0x00007ff870601000 	E:\win8soft\android-studio\jre\jre\bin\nio.dll

VM Arguments:
jvm_args: -Djava.awt.headless=true -Xmx64M -Dfile.encoding=GBK -Duser.country=CN -Duser.language=zh -Duser.variant 
java_command: com.google.devtools.build.android.desugar.Desugar --input E:\win8file\AndroidDemo\Rxdemo\app\build\intermediates\transforms\stackFramesFixer\debug\20.jar --output E:\win8file\AndroidDemo\Rxdemo\app\build\intermediates\transforms\desugar\debug\21.jar --input E:\win8file\AndroidDemo\Rxdemo\app\build\intermediates\transforms\stackFramesFixer\debug\7.jar --output E:\win8file\AndroidDemo\Rxdemo\app\build\intermediates\transforms\desugar\debug\8.jar --input E:\win8file\AndroidDemo\Rxdemo\app\build\intermediates\transforms\stackFramesFixer\debug\4.jar --output E:\win8file\AndroidDemo\Rxdemo\app\build\intermediates\transforms\desugar\debug\5.jar --input E:\win8file\AndroidDemo\Rxdemo\app\build\intermediates\transforms\stackFramesFixer\debug\5.jar --output E:\win8file\AndroidDemo\Rxdemo\app\build\intermediates\transforms\desugar\debug\6.jar --input E:\win8file\AndroidDemo\Rxdemo\app\build\intermediates\transforms\stackFramesFixer\debug\10.jar --output E:\win8file\AndroidDemo\Rxdemo\app\build\intermediates\transforms\desugar\debug\11.jar --input E:\win8file\AndroidDemo\Rxdemo\app\build\intermediates\transforms\stackFramesFixer\debug\19.jar --output E:\win8file\AndroidDemo\Rxdemo\app\build\intermediates\transforms\desugar\debug\20.jar --classpath_entry E:\win8file\AndroidDemo\Rxdemo\app\build\intermediates\classes\debug --classpath_entry E:\win8file\AndroidDemo\Rxdemo\app\build\intermediates\transforms\stackFramesFixer\debug\0.jar --classpath_entry E:\win8file\AndroidDemo\Rxdemo\app\build\intermediates\transforms\stackFramesFixer\debug\1.jar --classpath_entry E:\win8file\AndroidDemo\Rxdemo\app\build\intermediates\transforms\stackFramesFixer\debug\2.jar --classpath_entry E:\win8file\AndroidDemo\Rxdemo\app\build\intermediates\transforms\stackFramesFixer\debug\3.jar --classpath_entry E:\win8file\AndroidDemo\Rxdemo\app\build\intermediates\transforms\stackFramesFixer\debug\4.jar --classpath_entry E:\win8file\AndroidDemo\Rxdemo\app\build\intermediates\transforms\stac
java_class_path (initial): C:\Users\Administrator\AppData\Local\Temp\desugar_deploy.jar2465764394872015711
Launcher Type: SUN_STANDARD

Environment Variables:
JAVA_HOME=E:\win8soft\java\jdk
PATH=E:\win8soft\devc\Dev-Cpp\MinGW64\bin;E:\win8soft\Oracle\soft\bin;C:\WINDOWS\system32;C:\WINDOWS;C:\WINDOWS\System32\Wbem;C:\WINDOWS\System32\WindowsPowerShell\v1.0\;E:\win8soft\java\jdk\bin;C:\Program Files (x86)\Skype\Phone\;E:\win8soft\GtkSharp\bin;C:\Program Files (x86)\NVIDIA Corporation\PhysX\Common
USERNAME=Administrator
OS=Windows_NT
PROCESSOR_IDENTIFIER=Intel64 Family 6 Model 58 Stepping 9, GenuineIntel



---------------  S Y S T E M  ---------------

OS: Windows 8.1 , 64 bit Build 9600 (6.3.9600.17415)

CPU:total 4 (initial active 4) (2 cores per cpu, 2 threads per core) family 6 model 58 stepping 9, cmov, cx8, fxsr, mmx, sse, sse2, sse3, ssse3, sse4.1, sse4.2, popcnt, avx, aes, clmul, erms, ht, tsc, tscinvbit, tscinv

Memory: 4k page, physical 4087084k(699556k free), swap 7232812k(1980k free)

vm_info: OpenJDK 64-Bit Server VM (25.152-b01) for windows-amd64 JRE (1.8.0_152-release-915-b01), built by "builder" with MS VC++ 10.0 (VS2010)

time: Sat Mar 24 17:43:17 2018
elapsed time: 4 seconds (0d 0h 0m 4s)

