#
# There is insufficient memory for the Java Runtime Environment to continue.
# Native memory allocation (malloc) failed to allocate 32744 bytes for ChunkPool::allocate
# Possible reasons:
#   The system is out of physical RAM or swap space
#   In 32 bit mode, the process size limit was hit
# Possible solutions:
#   Reduce memory load on the system
#   Increase physical memory or swap space
#   Check if swap backing store is full
#   Use 64 bit Java on a 64 bit OS
#   Decrease Java heap size (-Xmx/-Xms)
#   Decrease number of Java threads
#   Decrease Java thread stack sizes (-Xss)
#   Set larger code cache with -XX:ReservedCodeCacheSize=
# This output file may be truncated or incomplete.
#
#  Out of Memory Error (allocation.cpp:273), pid=11272, tid=0x0000000000002d7c
#
# JRE version: OpenJDK Runtime Environment (8.0_152-b01) (build 1.8.0_152-release-915-b01)
# Java VM: OpenJDK 64-Bit Server VM (25.152-b01 mixed mode windows-amd64 compressed oops)
# Failed to write core dump. Minidumps are not enabled by default on client versions of Windows
#

---------------  T H R E A D  ---------------

Current thread (0x0000000013d75800):  JavaThread "C2 CompilerThread1" daemon [_thread_in_native, id=11644, stack(0x0000000014420000,0x0000000014520000)]

Stack: [0x0000000014420000,0x0000000014520000]
[error occurred during error reporting (printing stack bounds), id 0xc0000005]

Native frames: (J=compiled Java code, j=interpreted, Vv=VM code, C=native code)


Current CompileTask:
C2:   4672  898 %     4       org.objectweb.asm.ClassReader::a @ 74 (3587 bytes)


---------------  P R O C E S S  ---------------

Java Threads: ( => current thread )
  0x0000000013d7e800 JavaThread "Service Thread" daemon [_thread_blocked, id=11500, stack(0x0000000014620000,0x0000000014720000)]
  0x0000000013d7b800 JavaThread "C1 CompilerThread2" daemon [_thread_blocked, id=12228, stack(0x0000000014520000,0x0000000014620000)]
=>0x0000000013d75800 JavaThread "C2 CompilerThread1" daemon [_thread_in_native, id=11644, stack(0x0000000014420000,0x0000000014520000)]
  0x0000000012a1b000 JavaThread "C2 CompilerThread0" daemon [_thread_blocked, id=10764, stack(0x0000000014320000,0x0000000014420000)]
  0x00000000129b9000 JavaThread "Attach Listener" daemon [_thread_blocked, id=10468, stack(0x0000000014220000,0x0000000014320000)]
  0x0000000013d28800 JavaThread "Signal Dispatcher" daemon [_thread_blocked, id=9096, stack(0x0000000014120000,0x0000000014220000)]
  0x00000000129a8800 JavaThread "Finalizer" daemon [_thread_blocked, id=10180, stack(0x0000000013c20000,0x0000000013d20000)]
  0x0000000002652000 JavaThread "Reference Handler" daemon [_thread_blocked, id=11812, stack(0x0000000013b20000,0x0000000013c20000)]
  0x0000000002563800 JavaThread "main" [_thread_blocked, id=5028, stack(0x00000000023f0000,0x00000000024f0000)]

Other Threads:
  0x0000000012985800 VMThread [stack: 0x0000000013a20000,0x0000000013b20000] [id=9764]
  0x0000000013d7f800 WatcherThread [stack: 0x0000000014720000,0x0000000014820000] [id=10684]

VM state:at safepoint (normal execution)

VM Mutex/Monitor currently owned by a thread:  ([mutex/lock_event])
[0x0000000002560250] Threads_lock - owner thread: 0x0000000012985800
[0x0000000002560850] Heap_lock - owner thread: 0x0000000002563800

Heap:
 PSYoungGen      total 18944K, used 18936K [0x00000000feb00000, 0x0000000100000000, 0x0000000100000000)
  eden space 16384K, 100% used [0x00000000feb00000,0x00000000ffb00000,0x00000000ffb00000)
  from space 2560K, 99% used [0x00000000ffb00000,0x00000000ffd7e020,0x00000000ffd80000)
  to   space 2560K, 99% used [0x00000000ffd80000,0x00000000ffffe810,0x0000000100000000)
 ParOldGen       total 44032K, used 4861K [0x00000000fc000000, 0x00000000feb00000, 0x00000000feb00000)
  object space 44032K, 11% used [0x00000000fc000000,0x00000000fc4bf740,0x00000000feb00000)
 Metaspace       used 7812K, capacity 8008K, committed 8192K, reserved 1056768K
  class space    used 900K, capacity 988K, committed 1024K, reserved 1048576K

Card table byte_map: [0x0000000002080000,0x00000000020b0000] byte_map_base: 0x00000000018a0000

Marking Bits: (ParMarkBitMap*) 0x000000006c303950
 Begin Bits: [0x0000000011e20000, 0x0000000011f20000)
 End Bits:   [0x0000000011f20000, 0x0000000012020000)

Polling page: 0x0000000002050000

CodeCache: size=245760Kb used=3536Kb max_used=3537Kb free=242223Kb
 bounds [0x0000000002660000, 0x00000000029e0000, 0x0000000011660000]
 total_blobs=1267 nmethods=933 adapters=248
 compilation: enabled

Compilation events (10 events):
Event: 4.261 Thread 0x0000000013d7b800 nmethod 930 0x00000000029d68d0 code [0x00000000029d6a40, 0x00000000029d6d58]
Event: 4.507 Thread 0x0000000013d7b800  931       3       java.util.LinkedHashMap$LinkedHashIterator::hasNext (13 bytes)
Event: 4.507 Thread 0x0000000013d7b800 nmethod 931 0x00000000029d6550 code [0x00000000029d66a0, 0x00000000029d6850]
Event: 4.511 Thread 0x0000000013d7b800  932       3       org.objectweb.asm.ClassVisitor::visitInnerClass (20 bytes)
Event: 4.511 Thread 0x0000000013d7b800 nmethod 932 0x00000000029d6090 code [0x00000000029d6200, 0x00000000029d6468]
Event: 4.512 Thread 0x0000000013d7b800  933       3       org.objectweb.asm.ClassWriter::b (70 bytes)
Event: 4.512 Thread 0x0000000013d7b800 nmethod 933 0x00000000029d58d0 code [0x00000000029d5a80, 0x00000000029d5eb8]
Event: 4.514 Thread 0x0000000013d7b800  934       1       java.nio.Buffer::position (5 bytes)
Event: 4.514 Thread 0x0000000013d7b800 nmethod 934 0x00000000029d5610 code [0x00000000029d5760, 0x00000000029d5870]
Event: 4.514 Thread 0x0000000013d7b800  935       3       org.objectweb.asm.ClassReader::accept (1176 bytes)

GC Heap History (3 events):
Event: 2.754 GC heap before
{Heap before GC invocations=1 (full 0):
 PSYoungGen      total 18944K, used 16384K [0x00000000feb00000, 0x0000000100000000, 0x0000000100000000)
  eden space 16384K, 100% used [0x00000000feb00000,0x00000000ffb00000,0x00000000ffb00000)
  from space 2560K, 0% used [0x00000000ffd80000,0x00000000ffd80000,0x0000000100000000)
  to   space 2560K, 0% used [0x00000000ffb00000,0x00000000ffb00000,0x00000000ffd80000)
 ParOldGen       total 44032K, used 0K [0x00000000fc000000, 0x00000000feb00000, 0x00000000feb00000)
  object space 44032K, 0% used [0x00000000fc000000,0x00000000fc000000,0x00000000feb00000)
 Metaspace       used 6588K, capacity 6746K, committed 7040K, reserved 1056768K
  class space    used 771K, capacity 823K, committed 896K, reserved 1048576K
Event: 2.777 GC heap after
Heap after GC invocations=1 (full 0):
 PSYoungGen      total 18944K, used 2552K [0x00000000feb00000, 0x0000000100000000, 0x0000000100000000)
  eden space 16384K, 0% used [0x00000000feb00000,0x00000000feb00000,0x00000000ffb00000)
  from space 2560K, 99% used [0x00000000ffb00000,0x00000000ffd7e020,0x00000000ffd80000)
  to   space 2560K, 0% used [0x00000000ffd80000,0x00000000ffd80000,0x0000000100000000)
 ParOldGen       total 44032K, used 1805K [0x00000000fc000000, 0x00000000feb00000, 0x00000000feb00000)
  object space 44032K, 4% used [0x00000000fc000000,0x00000000fc1c3730,0x00000000feb00000)
 Metaspace       used 6588K, capacity 6746K, committed 7040K, reserved 1056768K
  class space    used 771K, capacity 823K, committed 896K, reserved 1048576K
}
Event: 4.521 GC heap before
{Heap before GC invocations=2 (full 0):
 PSYoungGen      total 18944K, used 18936K [0x00000000feb00000, 0x0000000100000000, 0x0000000100000000)
  eden space 16384K, 100% used [0x00000000feb00000,0x00000000ffb00000,0x00000000ffb00000)
  from space 2560K, 99% used [0x00000000ffb00000,0x00000000ffd7e020,0x00000000ffd80000)
  to   space 2560K, 0% used [0x00000000ffd80000,0x00000000ffd80000,0x0000000100000000)
 ParOldGen       total 44032K, used 1805K [0x00000000fc000000, 0x00000000feb00000, 0x00000000feb00000)
  object space 44032K, 4% used [0x00000000fc000000,0x00000000fc1c3730,0x00000000feb00000)
 Metaspace       used 7812K, capacity 8008K, committed 8192K, reserved 1056768K
  class space    used 900K, capacity 988K, committed 1024K, reserved 1048576K

Deoptimization events (10 events):
Event: 3.264 Thread 0x0000000002563800 Uncommon trap: reason=class_check action=maybe_recompile pc=0x00000000028951ac method=com.google.common.collect.TransformedIterator.hasNext()Z @ 4
Event: 3.264 Thread 0x0000000002563800 Uncommon trap: reason=class_check action=maybe_recompile pc=0x0000000002898870 method=com.google.common.collect.TransformedIterator.next()Ljava/lang/Object; @ 5
Event: 3.264 Thread 0x0000000002563800 Uncommon trap: reason=class_check action=maybe_recompile pc=0x0000000002880410 method=com.google.common.collect.Iterators$7.transform(Ljava/lang/Object;)Ljava/lang/Object; @ 5
Event: 3.264 Thread 0x0000000002563800 Uncommon trap: reason=class_check action=maybe_recompile pc=0x0000000002898870 method=com.google.common.collect.TransformedIterator.next()Ljava/lang/Object; @ 5
Event: 3.264 Thread 0x0000000002563800 Uncommon trap: reason=class_check action=maybe_recompile pc=0x0000000002880410 method=com.google.common.collect.Iterators$7.transform(Ljava/lang/Object;)Ljava/lang/Object; @ 5
Event: 3.590 Thread 0x0000000002563800 Uncommon trap: reason=unstable_if action=reinterpret pc=0x0000000002860b78 method=java.lang.String.<init>([CII)V @ 18
Event: 3.755 Thread 0x0000000002563800 Uncommon trap: reason=unstable_if action=reinterpret pc=0x0000000002921c24 method=org.objectweb.asm.ClassReader.a(II[C)Ljava/lang/String; @ 77
Event: 4.030 Thread 0x0000000002563800 Uncommon trap: reason=unstable_if action=reinterpret pc=0x000000000299db08 method=org.objectweb.asm.Item.a(Lorg/objectweb/asm/Item;)Z @ 345
Event: 4.256 Thread 0x0000000002563800 Uncommon trap: reason=unstable_if action=reinterpret pc=0x00000000028828dc method=java.util.zip.ZipFile$ZipEntryIterator.hasNext()Z @ 25
Event: 4.506 Thread 0x0000000002563800 Uncommon trap: reason=unstable_if action=reinterpret pc=0x000000000287ea00 method=java.util.zip.ZipCoder.decoder()Ljava/nio/charset/CharsetDecoder; @ 4

Classes redefined (0 events):
No events

Internal exceptions (10 events):
Event: 2.978 Thread 0x0000000002563800 Exception <a 'sun/nio/fs/WindowsException'> (0x00000000ff15dad0) thrown at [D:\src\AOSP-openjdk-cygwin\jdk8u\hotspot\src\share\vm\prims\jni.cpp, line 709]
Event: 3.098 Thread 0x0000000002563800 Exception <a 'sun/nio/fs/WindowsException'> (0x00000000ff46b488) thrown at [D:\src\AOSP-openjdk-cygwin\jdk8u\hotspot\src\share\vm\prims\jni.cpp, line 709]
Event: 3.098 Thread 0x0000000002563800 Exception <a 'sun/nio/fs/WindowsException'> (0x00000000ff46ba10) thrown at [D:\src\AOSP-openjdk-cygwin\jdk8u\hotspot\src\share\vm\prims\jni.cpp, line 709]
Event: 4.308 Thread 0x0000000002563800 Exception <a 'sun/nio/fs/WindowsException'> (0x00000000ffa87e28) thrown at [D:\src\AOSP-openjdk-cygwin\jdk8u\hotspot\src\share\vm\prims\jni.cpp, line 709]
Event: 4.309 Thread 0x0000000002563800 Exception <a 'sun/nio/fs/WindowsException'> (0x00000000ffa88330) thrown at [D:\src\AOSP-openjdk-cygwin\jdk8u\hotspot\src\share\vm\prims\jni.cpp, line 709]
Event: 4.505 Thread 0x0000000002563800 Implicit null exception at 0x000000000287e5bd to 0x000000000287e9f1
Event: 4.507 Thread 0x0000000002563800 Exception <a 'sun/nio/fs/WindowsException'> (0x00000000ffa8f0c8) thrown at [D:\src\AOSP-openjdk-cygwin\jdk8u\hotspot\src\share\vm\prims\jni.cpp, line 709]
Event: 4.507 Thread 0x0000000002563800 Exception <a 'sun/nio/fs/WindowsException'> (0x00000000ffa8f5d0) thrown at [D:\src\AOSP-openjdk-cygwin\jdk8u\hotspot\src\share\vm\prims\jni.cpp, line 709]
Event: 4.518 Thread 0x0000000002563800 Exception <a 'sun/nio/fs/WindowsException'> (0x00000000ffafc268) thrown at [D:\src\AOSP-openjdk-cygwin\jdk8u\hotspot\src\share\vm\prims\jni.cpp, line 709]
Event: 4.518 Thread 0x0000000002563800 Exception <a 'sun/nio/fs/WindowsException'> (0x00000000ffafc770) thrown at [D:\src\AOSP-openjdk-cygwin\jdk8u\hotspot\src\share\vm\prims\jni.cpp, line 709]

Events (10 events):
Event: 4.259 Thread 0x0000000002563800 DEOPT PACKING pc=0x00000000028828dc sp=0x00000000024eee30
Event: 4.259 Thread 0x0000000002563800 DEOPT UNPACKING pc=0x00000000026a556a sp=0x00000000024eede8 mode 2
Event: 4.260 loading class java/util/Vector$Itr
Event: 4.260 loading class java/util/Vector$Itr done
Event: 4.272 Executing VM operation: EnableBiasedLocking
Event: 4.273 Executing VM operation: EnableBiasedLocking done
Event: 4.505 Thread 0x0000000002563800 Uncommon trap: trap_request=0xffffff65 fr.pc=0x000000000287ea00
Event: 4.506 Thread 0x0000000002563800 DEOPT PACKING pc=0x000000000287ea00 sp=0x00000000024eecb0
Event: 4.506 Thread 0x0000000002563800 DEOPT UNPACKING pc=0x00000000026a556a sp=0x00000000024eec08 mode 2
Event: 4.520 Executing VM operation: ParallelGCFailedAllocation


Dynamic libraries:
0x00007ff775440000 - 0x00007ff775471000 	E:\win8soft\android-studio\jre\bin\java.exe
0x00007ff882920000 - 0x00007ff882acd000 	C:\WINDOWS\SYSTEM32\ntdll.dll
0x00007ff881f40000 - 0x00007ff88207e000 	C:\WINDOWS\system32\KERNEL32.DLL
0x00007ff87fe30000 - 0x00007ff87ff45000 	C:\WINDOWS\system32\KERNELBASE.dll
0x00007ff882080000 - 0x00007ff88212a000 	C:\WINDOWS\system32\ADVAPI32.dll
0x00007ff880000000 - 0x00007ff880177000 	C:\WINDOWS\system32\USER32.dll
0x00007ff87dae0000 - 0x00007ff87dd5b000 	C:\WINDOWS\WinSxS\amd64_microsoft.windows.common-controls_6595b64144ccf1df_6.0.9600.18006_none_623f33d3ecbe86e8\COMCTL32.dll
0x00007ff8816b0000 - 0x00007ff88175a000 	C:\WINDOWS\system32\msvcrt.dll
0x00007ff882130000 - 0x00007ff882189000 	C:\WINDOWS\SYSTEM32\sechost.dll
0x00007ff8822c0000 - 0x00007ff882400000 	C:\WINDOWS\system32\RPCRT4.dll
0x00007ff881ad0000 - 0x00007ff881c1b000 	C:\WINDOWS\system32\GDI32.dll
0x00007ff87fc20000 - 0x00007ff87fc4e000 	C:\WINDOWS\system32\SspiCli.dll
0x00007ff87ffc0000 - 0x00007ff87fff6000 	C:\WINDOWS\system32\IMM32.DLL
0x00007ff881de0000 - 0x00007ff881f31000 	C:\WINDOWS\system32\MSCTF.dll
0x00007ff87fa10000 - 0x00007ff87fa40000 	C:\WINDOWS\system32\nvinitx.dll
0x00007ff87fa00000 - 0x00007ff87fa0a000 	C:\WINDOWS\SYSTEM32\VERSION.dll
0x000000006d4a0000 - 0x000000006d4a6000 	C:\Program Files\NVIDIA Corporation\CoProcManager\_etoured.dll
0x00007ff87ba00000 - 0x00007ff87ba38000 	C:\Program Files\NVIDIA Corporation\CoProcManager\nvd3d9wrapx.dll
0x00007ff881830000 - 0x00007ff881a0a000 	C:\WINDOWS\system32\SETUPAPI.dll
0x00007ff87fb20000 - 0x00007ff87fb6f000 	C:\WINDOWS\system32\CFGMGR32.dll
0x00007ff87b9b0000 - 0x00007ff87b9d4000 	C:\Program Files\NVIDIA Corporation\CoProcManager\nvdxgiwrapx.dll
0x000000006b980000 - 0x000000006ba52000 	E:\win8soft\android-studio\jre\jre\bin\msvcr100.dll
0x000000006bb40000 - 0x000000006c37e000 	E:\win8soft\android-studio\jre\jre\bin\server\jvm.dll
0x00007ff872b70000 - 0x00007ff872b79000 	C:\WINDOWS\SYSTEM32\WSOCK32.dll
0x00007ff878850000 - 0x00007ff878872000 	C:\WINDOWS\SYSTEM32\WINMM.dll
0x00007ff881dd0000 - 0x00007ff881dd7000 	C:\WINDOWS\system32\PSAPI.DLL
0x00007ff8827f0000 - 0x00007ff88284a000 	C:\WINDOWS\system32\WS2_32.dll
0x00007ff877640000 - 0x00007ff87766a000 	C:\WINDOWS\SYSTEM32\WINMMBASE.dll
0x00007ff881760000 - 0x00007ff881769000 	C:\WINDOWS\system32\NSI.dll
0x00007ff87e7f0000 - 0x00007ff87e818000 	C:\WINDOWS\SYSTEM32\DEVOBJ.dll
0x00007ff872b60000 - 0x00007ff872b6f000 	E:\win8soft\android-studio\jre\jre\bin\verify.dll
0x00007ff872b30000 - 0x00007ff872b59000 	E:\win8soft\android-studio\jre\jre\bin\java.dll
0x00007ff872b10000 - 0x00007ff872b26000 	E:\win8soft\android-studio\jre\jre\bin\zip.dll
0x00007ff880180000 - 0x00007ff8816ac000 	C:\WINDOWS\system32\SHELL32.dll
0x00007ff882400000 - 0x00007ff882612000 	C:\WINDOWS\SYSTEM32\combase.dll
0x00007ff882200000 - 0x00007ff882254000 	C:\WINDOWS\system32\SHLWAPI.dll
0x00007ff87df60000 - 0x00007ff87e012000 	C:\WINDOWS\SYSTEM32\SHCORE.dll
0x00007ff87fa50000 - 0x00007ff87fa65000 	C:\WINDOWS\SYSTEM32\profapi.dll
0x00007ff87f2a0000 - 0x00007ff87f2c0000 	C:\WINDOWS\SYSTEM32\CRYPTSP.dll
0x00007ff87eec0000 - 0x00007ff87eef6000 	C:\WINDOWS\system32\rsaenh.dll
0x00007ff87f4f0000 - 0x00007ff87f516000 	C:\WINDOWS\SYSTEM32\bcrypt.dll
0x00007ff87efd0000 - 0x00007ff87eff1000 	C:\WINDOWS\SYSTEM32\USERENV.dll
0x00007ff87f810000 - 0x00007ff87f873000 	C:\WINDOWS\system32\bcryptprimitives.dll
0x00007ff87f880000 - 0x00007ff87f88b000 	C:\WINDOWS\SYSTEM32\CRYPTBASE.dll
0x00007ff872af0000 - 0x00007ff872b0a000 	E:\win8soft\android-studio\jre\jre\bin\net.dll
0x00007ff87f240000 - 0x00007ff87f299000 	C:\WINDOWS\system32\mswsock.dll
0x00007ff87a520000 - 0x00007ff87a54a000 	C:\WINDOWS\SYSTEM32\IPHLPAPI.DLL
0x00007ff87a500000 - 0x00007ff87a50a000 	C:\WINDOWS\SYSTEM32\WINNSI.DLL
0x00007ff87a3b0000 - 0x00007ff87a3c6000 	C:\WINDOWS\SYSTEM32\dhcpcsvc6.DLL
0x00007ff87a390000 - 0x00007ff87a3aa000 	C:\WINDOWS\SYSTEM32\dhcpcsvc.DLL
0x00007ff8705f0000 - 0x00007ff870601000 	E:\win8soft\android-studio\jre\jre\bin\nio.dll

VM Arguments:
jvm_args: -Djava.awt.headless=true -Xmx64M -Dfile.encoding=GBK -Duser.country=CN -Duser.language=zh -Duser.variant 
java_command: com.google.devtools.build.android.desugar.Desugar --input E:\win8file\AndroidDemo\Rxdemo\app\build\intermediates\transforms\stackFramesFixer\debug\21.jar --output E:\win8file\AndroidDemo\Rxdemo\app\build\intermediates\transforms\desugar\debug\22.jar --input E:\win8file\AndroidDemo\Rxdemo\app\build\intermediates\transforms\stackFramesFixer\debug\12.jar --output E:\win8file\AndroidDemo\Rxdemo\app\build\intermediates\transforms\desugar\debug\13.jar --input E:\win8file\AndroidDemo\Rxdemo\app\build\intermediates\transforms\stackFramesFixer\debug\23.jar --output E:\win8file\AndroidDemo\Rxdemo\app\build\intermediates\transforms\desugar\debug\24.jar --input E:\win8file\AndroidDemo\Rxdemo\app\build\intermediates\transforms\stackFramesFixer\debug\16.jar --output E:\win8file\AndroidDemo\Rxdemo\app\build\intermediates\transforms\desugar\debug\17.jar --input E:\win8file\AndroidDemo\Rxdemo\app\build\intermediates\transforms\stackFramesFixer\debug\0.jar --output E:\win8file\AndroidDemo\Rxdemo\app\build\intermediates\transforms\desugar\debug\1.jar --input E:\win8file\AndroidDemo\Rxdemo\app\build\intermediates\transforms\stackFramesFixer\debug\22.jar --output E:\win8file\AndroidDemo\Rxdemo\app\build\intermediates\transforms\desugar\debug\23.jar --input E:\win8file\AndroidDemo\Rxdemo\app\build\intermediates\transforms\stackFramesFixer\debug\15.jar --output E:\win8file\AndroidDemo\Rxdemo\app\build\intermediates\transforms\desugar\debug\16.jar --classpath_entry E:\win8file\AndroidDemo\Rxdemo\app\build\intermediates\classes\debug --classpath_entry E:\win8file\AndroidDemo\Rxdemo\app\build\intermediates\transforms\stackFramesFixer\debug\0.jar --classpath_entry E:\win8file\AndroidDemo\Rxdemo\app\build\intermediates\transforms\stackFramesFixer\debug\1.jar --classpath_entry E:\win8file\AndroidDemo\Rxdemo\app\build\intermediates\transforms\stackFramesFixer\debug\2.jar --classpath_entry E:\win8file\AndroidDemo\Rxdemo\app\build\intermediates\transforms\stackFramesFixer\debug\3.j
java_class_path (initial): C:\Users\Administrator\AppData\Local\Temp\desugar_deploy.jar2465764394872015711
Launcher Type: SUN_STANDARD

Environment Variables:
JAVA_HOME=E:\win8soft\java\jdk
PATH=E:\win8soft\devc\Dev-Cpp\MinGW64\bin;E:\win8soft\Oracle\soft\bin;C:\WINDOWS\system32;C:\WINDOWS;C:\WINDOWS\System32\Wbem;C:\WINDOWS\System32\WindowsPowerShell\v1.0\;E:\win8soft\java\jdk\bin;C:\Program Files (x86)\Skype\Phone\;E:\win8soft\GtkSharp\bin;C:\Program Files (x86)\NVIDIA Corporation\PhysX\Common
USERNAME=Administrator
OS=Windows_NT
PROCESSOR_IDENTIFIER=Intel64 Family 6 Model 58 Stepping 9, GenuineIntel



---------------  S Y S T E M  ---------------

OS: Windows 8.1 , 64 bit Build 9600 (6.3.9600.17415)

CPU:total 4 (initial active 4) (2 cores per cpu, 2 threads per core) family 6 model 58 stepping 9, cmov, cx8, fxsr, mmx, sse, sse2, sse3, ssse3, sse4.1, sse4.2, popcnt, avx, aes, clmul, erms, ht, tsc, tscinvbit, tscinv

Memory: 4k page, physical 4087084k(699696k free), swap 7232812k(3064k free)

vm_info: OpenJDK 64-Bit Server VM (25.152-b01) for windows-amd64 JRE (1.8.0_152-release-915-b01), built by "builder" with MS VC++ 10.0 (VS2010)

time: Sat Mar 24 17:43:17 2018
elapsed time: 4 seconds (0d 0h 0m 4s)

