#
# There is insufficient memory for the Java Runtime Environment to continue.
# Native memory allocation (malloc) failed to allocate 32744 bytes for ChunkPool::allocate
# Possible reasons:
#   The system is out of physical RAM or swap space
#   In 32 bit mode, the process size limit was hit
# Possible solutions:
#   Reduce memory load on the system
#   Increase physical memory or swap space
#   Check if swap backing store is full
#   Use 64 bit Java on a 64 bit OS
#   Decrease Java heap size (-Xmx/-Xms)
#   Decrease number of Java threads
#   Decrease Java thread stack sizes (-Xss)
#   Set larger code cache with -XX:ReservedCodeCacheSize=
# This output file may be truncated or incomplete.
#
#  Out of Memory Error (allocation.cpp:273), pid=10976, tid=0x0000000000002ef0
#
# JRE version: OpenJDK Runtime Environment (8.0_152-b01) (build 1.8.0_152-release-915-b01)
# Java VM: OpenJDK 64-Bit Server VM (25.152-b01 mixed mode windows-amd64 compressed oops)
# Failed to write core dump. Minidumps are not enabled by default on client versions of Windows
#

---------------  T H R E A D  ---------------

Current thread (0x000000001285a000):  JavaThread "C2 CompilerThread0" daemon [_thread_in_native, id=12016, stack(0x0000000014170000,0x0000000014270000)]

Stack: [0x0000000014170000,0x0000000014270000]
[error occurred during error reporting (printing stack bounds), id 0xc0000005]

Native frames: (J=compiled Java code, j=interpreted, Vv=VM code, C=native code)


Current CompileTask:
C2:   5221  894 %     4       org.objectweb.asm.ClassReader::a @ 1577 (3587 bytes)


---------------  P R O C E S S  ---------------

Java Threads: ( => current thread )
  0x0000000013bd2800 JavaThread "Service Thread" daemon [_thread_blocked, id=11028, stack(0x0000000014470000,0x0000000014570000)]
  0x0000000013bc9800 JavaThread "C1 CompilerThread2" daemon [_thread_in_native, id=8284, stack(0x0000000014370000,0x0000000014470000)]
  0x0000000013bbe800 JavaThread "C2 CompilerThread1" daemon [_thread_in_native, id=12024, stack(0x0000000014270000,0x0000000014370000)]
=>0x000000001285a000 JavaThread "C2 CompilerThread0" daemon [_thread_in_native, id=12016, stack(0x0000000014170000,0x0000000014270000)]
  0x000000001280e800 JavaThread "Attach Listener" daemon [_thread_blocked, id=10688, stack(0x0000000014070000,0x0000000014170000)]
  0x0000000013b78800 JavaThread "Signal Dispatcher" daemon [_thread_blocked, id=11592, stack(0x0000000013f70000,0x0000000014070000)]
  0x000000000249d800 JavaThread "Finalizer" daemon [_thread_blocked, id=12080, stack(0x0000000013a60000,0x0000000013b60000)]
  0x0000000002492000 JavaThread "Reference Handler" daemon [_thread_blocked, id=10764, stack(0x0000000013960000,0x0000000013a60000)]
  0x00000000023a3800 JavaThread "main" [_thread_in_Java, id=10392, stack(0x0000000001f10000,0x0000000002010000)]

Other Threads:
  0x00000000127c5800 VMThread [stack: 0x0000000013860000,0x0000000013960000] [id=11320]
  0x0000000013bd4000 WatcherThread [stack: 0x0000000014570000,0x0000000014670000] [id=12000]

VM state:not at safepoint (normal execution)

VM Mutex/Monitor currently owned by a thread: None

Heap:
 PSYoungGen      total 14336K, used 3350K [0x00000000feb00000, 0x0000000100000000, 0x0000000100000000)
  eden space 7168K, 44% used [0x00000000feb00000,0x00000000fee15b30,0x00000000ff200000)
  from space 7168K, 2% used [0x00000000ff900000,0x00000000ff930000,0x0000000100000000)
  to   space 7168K, 0% used [0x00000000ff200000,0x00000000ff200000,0x00000000ff900000)
 ParOldGen       total 44032K, used 9185K [0x00000000fc000000, 0x00000000feb00000, 0x00000000feb00000)
  object space 44032K, 20% used [0x00000000fc000000,0x00000000fc8f8620,0x00000000feb00000)
 Metaspace       used 7877K, capacity 8072K, committed 8192K, reserved 1056768K
  class space    used 901K, capacity 988K, committed 1024K, reserved 1048576K

Card table byte_map: [0x0000000001ed0000,0x0000000001f00000] byte_map_base: 0x00000000016f0000

Marking Bits: (ParMarkBitMap*) 0x000000006c303950
 Begin Bits: [0x0000000011c60000, 0x0000000011d60000)
 End Bits:   [0x0000000011d60000, 0x0000000011e60000)

Polling page: 0x0000000000770000

CodeCache: size=245760Kb used=3926Kb max_used=3926Kb free=241833Kb
 bounds [0x00000000024a0000, 0x0000000002880000, 0x00000000114a0000]
 total_blobs=1392 nmethods=1057 adapters=248
 compilation: enabled

Compilation events (10 events):
Event: 3.915 Thread 0x0000000013bc9800 1003       3       org.objectweb.asm.tree.MethodNode::accept (916 bytes)
Event: 3.917 Thread 0x0000000013bbe800 1005       4       org.objectweb.asm.ClassReader::a (162 bytes)
Event: 3.921 Thread 0x0000000013bc9800 nmethod 1003 0x000000000285ba90 code [0x000000000285c1a0, 0x0000000002860f08]
Event: 3.921 Thread 0x0000000013bc9800 1004       3       java.util.Arrays$ArrayList::toArray (11 bytes)
Event: 3.921 Thread 0x0000000013bc9800 nmethod 1004 0x0000000002857750 code [0x00000000028578c0, 0x0000000002857bc8]
Event: 3.926 Thread 0x0000000013bbe800 nmethod 1005 0x0000000002859490 code [0x0000000002859660, 0x0000000002859d68]
Event: 3.926 Thread 0x0000000013bbe800 1006       4       org.objectweb.asm.MethodWriter::visitMaxs (1146 bytes)
Event: 3.928 Thread 0x0000000013bc9800 1007       3       java.nio.Buffer::limit (62 bytes)
Event: 3.928 Thread 0x0000000013bc9800 nmethod 1007 0x0000000002858f50 code [0x00000000028590c0, 0x00000000028593c8]
Event: 3.935 Thread 0x0000000013bbe800 nmethod 1006 0x0000000002864e90 code [0x0000000002864fe0, 0x0000000002865358]

GC Heap History (4 events):
Event: 2.273 GC heap before
{Heap before GC invocations=1 (full 0):
 PSYoungGen      total 18944K, used 16384K [0x00000000feb00000, 0x0000000100000000, 0x0000000100000000)
  eden space 16384K, 100% used [0x00000000feb00000,0x00000000ffb00000,0x00000000ffb00000)
  from space 2560K, 0% used [0x00000000ffd80000,0x00000000ffd80000,0x0000000100000000)
  to   space 2560K, 0% used [0x00000000ffb00000,0x00000000ffb00000,0x00000000ffd80000)
 ParOldGen       total 44032K, used 0K [0x00000000fc000000, 0x00000000feb00000, 0x00000000feb00000)
  object space 44032K, 0% used [0x00000000fc000000,0x00000000fc000000,0x00000000feb00000)
 Metaspace       used 6561K, capacity 6682K, committed 6784K, reserved 1056768K
  class space    used 770K, capacity 823K, committed 896K, reserved 1048576K
Event: 2.283 GC heap after
Heap after GC invocations=1 (full 0):
 PSYoungGen      total 18944K, used 2536K [0x00000000feb00000, 0x0000000100000000, 0x0000000100000000)
  eden space 16384K, 0% used [0x00000000feb00000,0x00000000feb00000,0x00000000ffb00000)
  from space 2560K, 99% used [0x00000000ffb00000,0x00000000ffd7a030,0x00000000ffd80000)
  to   space 2560K, 0% used [0x00000000ffd80000,0x00000000ffd80000,0x0000000100000000)
 ParOldGen       total 44032K, used 1824K [0x00000000fc000000, 0x00000000feb00000, 0x00000000feb00000)
  object space 44032K, 4% used [0x00000000fc000000,0x00000000fc1c82b8,0x00000000feb00000)
 Metaspace       used 6561K, capacity 6682K, committed 6784K, reserved 1056768K
  class space    used 770K, capacity 823K, committed 896K, reserved 1048576K
}
Event: 3.434 GC heap before
{Heap before GC invocations=2 (full 0):
 PSYoungGen      total 18944K, used 18920K [0x00000000feb00000, 0x0000000100000000, 0x0000000100000000)
  eden space 16384K, 100% used [0x00000000feb00000,0x00000000ffb00000,0x00000000ffb00000)
  from space 2560K, 99% used [0x00000000ffb00000,0x00000000ffd7a030,0x00000000ffd80000)
  to   space 2560K, 0% used [0x00000000ffd80000,0x00000000ffd80000,0x0000000100000000)
 ParOldGen       total 44032K, used 1824K [0x00000000fc000000, 0x00000000feb00000, 0x00000000feb00000)
  object space 44032K, 4% used [0x00000000fc000000,0x00000000fc1c82b8,0x00000000feb00000)
 Metaspace       used 7806K, capacity 8008K, committed 8192K, reserved 1056768K
  class space    used 901K, capacity 988K, committed 1024K, reserved 1048576K
Event: 3.464 GC heap after
Heap after GC invocations=2 (full 0):
 PSYoungGen      total 18944K, used 2530K [0x00000000feb00000, 0x0000000100000000, 0x0000000100000000)
  eden space 16384K, 0% used [0x00000000feb00000,0x00000000feb00000,0x00000000ffb00000)
  from space 2560K, 98% used [0x00000000ffd80000,0x00000000ffff8800,0x0000000100000000)
  to   space 2560K, 0% used [0x00000000ffb00000,0x00000000ffb00000,0x00000000ffd80000)
 ParOldGen       total 44032K, used 5353K [0x00000000fc000000, 0x00000000feb00000, 0x00000000feb00000)
  object space 44032K, 12% used [0x00000000fc000000,0x00000000fc53a658,0x00000000feb00000)
 Metaspace       used 7806K, capacity 8008K, committed 8192K, reserved 1056768K
  class space    used 901K, capacity 988K, committed 1024K, reserved 1048576K
}

Deoptimization events (10 events):
Event: 2.921 Thread 0x00000000023a3800 Uncommon trap: reason=class_check action=maybe_recompile pc=0x00000000026bbf18 method=com.google.common.collect.TransformedIterator.next()Ljava/lang/Object; @ 5
Event: 2.921 Thread 0x00000000023a3800 Uncommon trap: reason=class_check action=maybe_recompile pc=0x00000000026c6ad0 method=com.google.common.collect.Iterators$7.transform(Ljava/lang/Object;)Ljava/lang/Object; @ 5
Event: 2.921 Thread 0x00000000023a3800 Uncommon trap: reason=class_check action=maybe_recompile pc=0x00000000026bc4ac method=com.google.common.collect.TransformedIterator.hasNext()Z @ 4
Event: 2.923 Thread 0x00000000023a3800 Uncommon trap: reason=class_check action=maybe_recompile pc=0x00000000026bbf18 method=com.google.common.collect.TransformedIterator.next()Ljava/lang/Object; @ 5
Event: 2.923 Thread 0x00000000023a3800 Uncommon trap: reason=class_check action=maybe_recompile pc=0x00000000026c6ad0 method=com.google.common.collect.Iterators$7.transform(Ljava/lang/Object;)Ljava/lang/Object; @ 5
Event: 2.923 Thread 0x00000000023a3800 Uncommon trap: reason=class_check action=maybe_recompile pc=0x00000000026bbf18 method=com.google.common.collect.TransformedIterator.next()Ljava/lang/Object; @ 5
Event: 2.937 Thread 0x00000000023a3800 Uncommon trap: reason=class_check action=maybe_recompile pc=0x00000000026c6ad0 method=com.google.common.collect.Iterators$7.transform(Ljava/lang/Object;)Ljava/lang/Object; @ 5
Event: 3.271 Thread 0x00000000023a3800 Uncommon trap: reason=unstable_if action=reinterpret pc=0x0000000002796808 method=java.lang.String.<init>([CII)V @ 18
Event: 3.317 Thread 0x00000000023a3800 Uncommon trap: reason=unstable_if action=reinterpret pc=0x00000000027d5f00 method=org.objectweb.asm.Item.a(Lorg/objectweb/asm/Item;)Z @ 345
Event: 3.488 Thread 0x00000000023a3800 Uncommon trap: reason=unstable_if action=reinterpret pc=0x000000000282e624 method=org.objectweb.asm.Type.getArgumentsAndReturnSizes(Ljava/lang/String;)I @ 118

Classes redefined (0 events):
No events

Internal exceptions (10 events):
Event: 2.437 Thread 0x00000000023a3800 Exception <a 'sun/nio/fs/WindowsException'> (0x00000000ff154e78) thrown at [D:\src\AOSP-openjdk-cygwin\jdk8u\hotspot\src\share\vm\prims\jni.cpp, line 709]
Event: 2.437 Thread 0x00000000023a3800 Exception <a 'sun/nio/fs/WindowsException'> (0x00000000ff155470) thrown at [D:\src\AOSP-openjdk-cygwin\jdk8u\hotspot\src\share\vm\prims\jni.cpp, line 709]
Event: 2.437 Thread 0x00000000023a3800 Exception <a 'sun/nio/fs/WindowsException'> (0x00000000ff155c40) thrown at [D:\src\AOSP-openjdk-cygwin\jdk8u\hotspot\src\share\vm\prims\jni.cpp, line 709]
Event: 2.438 Thread 0x00000000023a3800 Exception <a 'sun/nio/fs/WindowsException'> (0x00000000ff156210) thrown at [D:\src\AOSP-openjdk-cygwin\jdk8u\hotspot\src\share\vm\prims\jni.cpp, line 709]
Event: 2.438 Thread 0x00000000023a3800 Exception <a 'sun/nio/fs/WindowsException'> (0x00000000ff1569d0) thrown at [D:\src\AOSP-openjdk-cygwin\jdk8u\hotspot\src\share\vm\prims\jni.cpp, line 709]
Event: 2.557 Thread 0x00000000023a3800 Exception <a 'sun/nio/fs/WindowsException'> (0x00000000ff15be38) thrown at [D:\src\AOSP-openjdk-cygwin\jdk8u\hotspot\src\share\vm\prims\jni.cpp, line 709]
Event: 2.803 Thread 0x00000000023a3800 Exception <a 'sun/nio/fs/WindowsException'> (0x00000000ff46a8a8) thrown at [D:\src\AOSP-openjdk-cygwin\jdk8u\hotspot\src\share\vm\prims\jni.cpp, line 709]
Event: 2.803 Thread 0x00000000023a3800 Exception <a 'sun/nio/fs/WindowsException'> (0x00000000ff46ae30) thrown at [D:\src\AOSP-openjdk-cygwin\jdk8u\hotspot\src\share\vm\prims\jni.cpp, line 709]
Event: 3.099 Thread 0x00000000023a3800 Exception <a 'sun/nio/fs/WindowsException'> (0x00000000ff6bb910) thrown at [D:\src\AOSP-openjdk-cygwin\jdk8u\hotspot\src\share\vm\prims\jni.cpp, line 709]
Event: 3.099 Thread 0x00000000023a3800 Exception <a 'sun/nio/fs/WindowsException'> (0x00000000ff6bbe18) thrown at [D:\src\AOSP-openjdk-cygwin\jdk8u\hotspot\src\share\vm\prims\jni.cpp, line 709]

Events (10 events):
Event: 3.317 Thread 0x00000000023a3800 DEOPT UNPACKING pc=0x00000000024e556a sp=0x000000000200e9e8 mode 2
Event: 3.434 Executing VM operation: ParallelGCFailedAllocation
Event: 3.464 Executing VM operation: ParallelGCFailedAllocation done
Event: 3.488 Thread 0x00000000023a3800 Uncommon trap: trap_request=0xffffff65 fr.pc=0x000000000282e624
Event: 3.488 Thread 0x00000000023a3800 DEOPT PACKING pc=0x000000000282e624 sp=0x000000000200e9b0
Event: 3.488 Thread 0x00000000023a3800 DEOPT UNPACKING pc=0x00000000024e556a sp=0x000000000200e940 mode 2
Event: 3.890 Thread 0x00000000023a3800 DEOPT PACKING pc=0x0000000002804b46 sp=0x000000000200ed90
Event: 3.890 Thread 0x00000000023a3800 DEOPT UNPACKING pc=0x00000000024e75bf sp=0x000000000200eb70 mode 0
Event: 3.915 Thread 0x00000000023a3800 DEOPT PACKING pc=0x0000000002804b46 sp=0x000000000200edd0
Event: 3.915 Thread 0x00000000023a3800 DEOPT UNPACKING pc=0x00000000024e75bf sp=0x000000000200ebb0 mode 0


Dynamic libraries:
0x00007ff775440000 - 0x00007ff775471000 	E:\win8soft\android-studio\jre\bin\java.exe
0x00007ff882920000 - 0x00007ff882acd000 	C:\WINDOWS\SYSTEM32\ntdll.dll
0x00007ff881f40000 - 0x00007ff88207e000 	C:\WINDOWS\system32\KERNEL32.DLL
0x00007ff87fe30000 - 0x00007ff87ff45000 	C:\WINDOWS\system32\KERNELBASE.dll
0x00007ff882080000 - 0x00007ff88212a000 	C:\WINDOWS\system32\ADVAPI32.dll
0x00007ff880000000 - 0x00007ff880177000 	C:\WINDOWS\system32\USER32.dll
0x00007ff87dae0000 - 0x00007ff87dd5b000 	C:\WINDOWS\WinSxS\amd64_microsoft.windows.common-controls_6595b64144ccf1df_6.0.9600.18006_none_623f33d3ecbe86e8\COMCTL32.dll
0x00007ff8816b0000 - 0x00007ff88175a000 	C:\WINDOWS\system32\msvcrt.dll
0x00007ff882130000 - 0x00007ff882189000 	C:\WINDOWS\SYSTEM32\sechost.dll
0x00007ff8822c0000 - 0x00007ff882400000 	C:\WINDOWS\system32\RPCRT4.dll
0x00007ff881ad0000 - 0x00007ff881c1b000 	C:\WINDOWS\system32\GDI32.dll
0x00007ff87fc20000 - 0x00007ff87fc4e000 	C:\WINDOWS\system32\SspiCli.dll
0x00007ff87ffc0000 - 0x00007ff87fff6000 	C:\WINDOWS\system32\IMM32.DLL
0x00007ff881de0000 - 0x00007ff881f31000 	C:\WINDOWS\system32\MSCTF.dll
0x00007ff87fa10000 - 0x00007ff87fa40000 	C:\WINDOWS\system32\nvinitx.dll
0x00007ff87fa00000 - 0x00007ff87fa0a000 	C:\WINDOWS\SYSTEM32\VERSION.dll
0x000000006d4a0000 - 0x000000006d4a6000 	C:\Program Files\NVIDIA Corporation\CoProcManager\_etoured.dll
0x00007ff87ba00000 - 0x00007ff87ba38000 	C:\Program Files\NVIDIA Corporation\CoProcManager\nvd3d9wrapx.dll
0x00007ff881830000 - 0x00007ff881a0a000 	C:\WINDOWS\system32\SETUPAPI.dll
0x00007ff87fb20000 - 0x00007ff87fb6f000 	C:\WINDOWS\system32\CFGMGR32.dll
0x00007ff87b9b0000 - 0x00007ff87b9d4000 	C:\Program Files\NVIDIA Corporation\CoProcManager\nvdxgiwrapx.dll
0x000000006b980000 - 0x000000006ba52000 	E:\win8soft\android-studio\jre\jre\bin\msvcr100.dll
0x000000006bb40000 - 0x000000006c37e000 	E:\win8soft\android-studio\jre\jre\bin\server\jvm.dll
0x00007ff872b70000 - 0x00007ff872b79000 	C:\WINDOWS\SYSTEM32\WSOCK32.dll
0x00007ff878850000 - 0x00007ff878872000 	C:\WINDOWS\SYSTEM32\WINMM.dll
0x00007ff881dd0000 - 0x00007ff881dd7000 	C:\WINDOWS\system32\PSAPI.DLL
0x00007ff8827f0000 - 0x00007ff88284a000 	C:\WINDOWS\system32\WS2_32.dll
0x00007ff877640000 - 0x00007ff87766a000 	C:\WINDOWS\SYSTEM32\WINMMBASE.dll
0x00007ff881760000 - 0x00007ff881769000 	C:\WINDOWS\system32\NSI.dll
0x00007ff87e7f0000 - 0x00007ff87e818000 	C:\WINDOWS\SYSTEM32\DEVOBJ.dll
0x00007ff872b60000 - 0x00007ff872b6f000 	E:\win8soft\android-studio\jre\jre\bin\verify.dll
0x00007ff872b30000 - 0x00007ff872b59000 	E:\win8soft\android-studio\jre\jre\bin\java.dll
0x00007ff872b10000 - 0x00007ff872b26000 	E:\win8soft\android-studio\jre\jre\bin\zip.dll
0x00007ff880180000 - 0x00007ff8816ac000 	C:\WINDOWS\system32\SHELL32.dll
0x00007ff882400000 - 0x00007ff882612000 	C:\WINDOWS\SYSTEM32\combase.dll
0x00007ff882200000 - 0x00007ff882254000 	C:\WINDOWS\system32\SHLWAPI.dll
0x00007ff87df60000 - 0x00007ff87e012000 	C:\WINDOWS\SYSTEM32\SHCORE.dll
0x00007ff87fa50000 - 0x00007ff87fa65000 	C:\WINDOWS\SYSTEM32\profapi.dll
0x00007ff87f2a0000 - 0x00007ff87f2c0000 	C:\WINDOWS\SYSTEM32\CRYPTSP.dll
0x00007ff87eec0000 - 0x00007ff87eef6000 	C:\WINDOWS\system32\rsaenh.dll
0x00007ff87f4f0000 - 0x00007ff87f516000 	C:\WINDOWS\SYSTEM32\bcrypt.dll
0x00007ff87efd0000 - 0x00007ff87eff1000 	C:\WINDOWS\SYSTEM32\USERENV.dll
0x00007ff87f810000 - 0x00007ff87f873000 	C:\WINDOWS\system32\bcryptprimitives.dll
0x00007ff87f880000 - 0x00007ff87f88b000 	C:\WINDOWS\SYSTEM32\CRYPTBASE.dll
0x00007ff872af0000 - 0x00007ff872b0a000 	E:\win8soft\android-studio\jre\jre\bin\net.dll
0x00007ff87f240000 - 0x00007ff87f299000 	C:\WINDOWS\system32\mswsock.dll
0x00007ff87a520000 - 0x00007ff87a54a000 	C:\WINDOWS\SYSTEM32\IPHLPAPI.DLL
0x00007ff87a500000 - 0x00007ff87a50a000 	C:\WINDOWS\SYSTEM32\WINNSI.DLL
0x00007ff87a3b0000 - 0x00007ff87a3c6000 	C:\WINDOWS\SYSTEM32\dhcpcsvc6.DLL
0x00007ff87a390000 - 0x00007ff87a3aa000 	C:\WINDOWS\SYSTEM32\dhcpcsvc.DLL
0x00007ff8705f0000 - 0x00007ff870601000 	E:\win8soft\android-studio\jre\jre\bin\nio.dll

VM Arguments:
jvm_args: -Djava.awt.headless=true -Xmx64M -Dfile.encoding=GBK -Duser.country=CN -Duser.language=zh -Duser.variant 
java_command: com.google.devtools.build.android.desugar.Desugar --input E:\win8file\AndroidDemo\Rxdemo\app\build\intermediates\transforms\stackFramesFixer\debug\25.jar --output E:\win8file\AndroidDemo\Rxdemo\app\build\intermediates\transforms\desugar\debug\26.jar --input E:\win8file\AndroidDemo\Rxdemo\app\build\intermediates\transforms\stackFramesFixer\debug\8.jar --output E:\win8file\AndroidDemo\Rxdemo\app\build\intermediates\transforms\desugar\debug\9.jar --input E:\win8file\AndroidDemo\Rxdemo\app\build\intermediates\transforms\stackFramesFixer\debug\2.jar --output E:\win8file\AndroidDemo\Rxdemo\app\build\intermediates\transforms\desugar\debug\3.jar --input E:\win8file\AndroidDemo\Rxdemo\app\build\intermediates\transforms\stackFramesFixer\debug\9.jar --output E:\win8file\AndroidDemo\Rxdemo\app\build\intermediates\transforms\desugar\debug\10.jar --input E:\win8file\AndroidDemo\Rxdemo\app\build\intermediates\transforms\stackFramesFixer\debug\10.jar --output E:\win8file\AndroidDemo\Rxdemo\app\build\intermediates\transforms\desugar\debug\11.jar --input E:\win8file\AndroidDemo\Rxdemo\app\build\intermediates\transforms\stackFramesFixer\debug\16.jar --output E:\win8file\AndroidDemo\Rxdemo\app\build\intermediates\transforms\desugar\debug\17.jar --input E:\win8file\AndroidDemo\Rxdemo\app\build\intermediates\transforms\stackFramesFixer\debug\19.jar --output E:\win8file\AndroidDemo\Rxdemo\app\build\intermediates\transforms\desugar\debug\20.jar --classpath_entry E:\win8file\AndroidDemo\Rxdemo\app\build\intermediates\classes\debug --classpath_entry E:\win8file\AndroidDemo\Rxdemo\app\build\intermediates\transforms\stackFramesFixer\debug\0.jar --classpath_entry E:\win8file\AndroidDemo\Rxdemo\app\build\intermediates\transforms\stackFramesFixer\debug\1.jar --classpath_entry E:\win8file\AndroidDemo\Rxdemo\app\build\intermediates\transforms\stackFramesFixer\debug\2.jar --classpath_entry E:\win8file\AndroidDemo\Rxdemo\app\build\intermediates\transforms\stackFramesFixer\debug\3.jar 
java_class_path (initial): C:\Users\Administrator\AppData\Local\Temp\desugar_deploy.jar2465764394872015711
Launcher Type: SUN_STANDARD

Environment Variables:
JAVA_HOME=E:\win8soft\java\jdk
PATH=E:\win8soft\devc\Dev-Cpp\MinGW64\bin;E:\win8soft\Oracle\soft\bin;C:\WINDOWS\system32;C:\WINDOWS;C:\WINDOWS\System32\Wbem;C:\WINDOWS\System32\WindowsPowerShell\v1.0\;E:\win8soft\java\jdk\bin;C:\Program Files (x86)\Skype\Phone\;E:\win8soft\GtkSharp\bin;C:\Program Files (x86)\NVIDIA Corporation\PhysX\Common
USERNAME=Administrator
OS=Windows_NT
PROCESSOR_IDENTIFIER=Intel64 Family 6 Model 58 Stepping 9, GenuineIntel



---------------  S Y S T E M  ---------------

OS: Windows 8.1 , 64 bit Build 9600 (6.3.9600.17415)

CPU:total 4 (initial active 4) (2 cores per cpu, 2 threads per core) family 6 model 58 stepping 9, cmov, cx8, fxsr, mmx, sse, sse2, sse3, ssse3, sse4.1, sse4.2, popcnt, avx, aes, clmul, erms, ht, tsc, tscinvbit, tscinv

Memory: 4k page, physical 4087084k(628712k free), swap 7232812k(24312k free)

vm_info: OpenJDK 64-Bit Server VM (25.152-b01) for windows-amd64 JRE (1.8.0_152-release-915-b01), built by "builder" with MS VC++ 10.0 (VS2010)

time: Sat Mar 24 17:22:56 2018
elapsed time: 8 seconds (0d 0h 0m 8s)

