#
# There is insufficient memory for the Java Runtime Environment to continue.
# Native memory allocation (malloc) failed to allocate 32744 bytes for ChunkPool::allocate
# Possible reasons:
#   The system is out of physical RAM or swap space
#   In 32 bit mode, the process size limit was hit
# Possible solutions:
#   Reduce memory load on the system
#   Increase physical memory or swap space
#   Check if swap backing store is full
#   Use 64 bit Java on a 64 bit OS
#   Decrease Java heap size (-Xmx/-Xms)
#   Decrease number of Java threads
#   Decrease Java thread stack sizes (-Xss)
#   Set larger code cache with -XX:ReservedCodeCacheSize=
# This output file may be truncated or incomplete.
#
#  Out of Memory Error (allocation.cpp:273), pid=13960, tid=0x0000000000001da8
#
# JRE version: OpenJDK Runtime Environment (8.0_152-b01) (build 1.8.0_152-release-915-b01)
# Java VM: OpenJDK 64-Bit Server VM (25.152-b01 mixed mode windows-amd64 compressed oops)
# Failed to write core dump. Minidumps are not enabled by default on client versions of Windows
#

---------------  T H R E A D  ---------------

Current thread (0x0000000013c7f800):  JavaThread "C1 CompilerThread2" daemon [_thread_in_native, id=7592, stack(0x0000000014470000,0x0000000014570000)]

Stack: [0x0000000014470000,0x0000000014570000]
[error occurred during error reporting (printing stack bounds), id 0xc0000005]

Native frames: (J=compiled Java code, j=interpreted, Vv=VM code, C=native code)


Current CompileTask:
C1:   4112  384       3       jdk.internal.org.objectweb.asm.Frame::execute (2252 bytes)


---------------  P R O C E S S  ---------------

Java Threads: ( => current thread )
  0x0000000013cf9800 JavaThread "Service Thread" daemon [_thread_blocked, id=7804, stack(0x0000000014570000,0x0000000014670000)]
=>0x0000000013c7f800 JavaThread "C1 CompilerThread2" daemon [_thread_in_native, id=7592, stack(0x0000000014470000,0x0000000014570000)]
  0x000000001296c800 JavaThread "C2 CompilerThread1" daemon [_thread_blocked, id=17772, stack(0x0000000014370000,0x0000000014470000)]
  0x000000001296a000 JavaThread "C2 CompilerThread0" daemon [_thread_blocked, id=5840, stack(0x0000000014270000,0x0000000014370000)]
  0x0000000012909000 JavaThread "Attach Listener" daemon [_thread_blocked, id=10996, stack(0x0000000014170000,0x0000000014270000)]
  0x0000000013c78800 JavaThread "Signal Dispatcher" daemon [_thread_blocked, id=15292, stack(0x0000000014070000,0x0000000014170000)]
  0x00000000025ac000 JavaThread "Finalizer" daemon [_thread_blocked, id=5520, stack(0x0000000013b70000,0x0000000013c70000)]
  0x00000000025a3000 JavaThread "Reference Handler" daemon [_thread_blocked, id=4064, stack(0x0000000013a70000,0x0000000013b70000)]
  0x00000000024b3800 JavaThread "main" [_thread_in_native, id=6096, stack(0x00000000022d0000,0x00000000023d0000)]

Other Threads:
  0x00000000128d5800 VMThread [stack: 0x0000000013970000,0x0000000013a70000] [id=8876]
  0x0000000013cfa000 WatcherThread [stack: 0x0000000014670000,0x0000000014770000] [id=8092]

VM state:not at safepoint (normal execution)

VM Mutex/Monitor currently owned by a thread: None

Heap:
 PSYoungGen      total 18944K, used 7954K [0x00000000feb00000, 0x0000000100000000, 0x0000000100000000)
  eden space 16384K, 48% used [0x00000000feb00000,0x00000000ff2c4b98,0x00000000ffb00000)
  from space 2560K, 0% used [0x00000000ffd80000,0x00000000ffd80000,0x0000000100000000)
  to   space 2560K, 0% used [0x00000000ffb00000,0x00000000ffb00000,0x00000000ffd80000)
 ParOldGen       total 44032K, used 0K [0x00000000fc000000, 0x00000000feb00000, 0x00000000feb00000)
  object space 44032K, 0% used [0x00000000fc000000,0x00000000fc000000,0x00000000feb00000)
 Metaspace       used 6120K, capacity 6316K, committed 6528K, reserved 1056768K
  class space    used 717K, capacity 788K, committed 896K, reserved 1048576K

Card table byte_map: [0x0000000001f40000,0x0000000001f70000] byte_map_base: 0x0000000001760000

Marking Bits: (ParMarkBitMap*) 0x0000000055eb3950
 Begin Bits: [0x0000000011d70000, 0x0000000011e70000)
 End Bits:   [0x0000000011e70000, 0x0000000011f70000)

Polling page: 0x0000000001f10000

CodeCache: size=245760Kb used=1819Kb max_used=1829Kb free=243940Kb
 bounds [0x00000000025b0000, 0x0000000002820000, 0x00000000115b0000]
 total_blobs=706 nmethods=397 adapters=223
 compilation: enabled

Compilation events (10 events):
Event: 2.819 Thread 0x0000000013c7f800 nmethod 376 0x000000000276ea90 code [0x000000000276ebe0, 0x000000000276ecf0]
Event: 2.820 Thread 0x0000000013c7f800  378       3       jdk.internal.org.objectweb.asm.Type::getArgumentsAndReturnSizes (151 bytes)
Event: 2.821 Thread 0x0000000013c7f800 nmethod 378 0x000000000276f1d0 code [0x000000000276f400, 0x0000000002770198]
Event: 2.821 Thread 0x0000000013c7f800  379       3       java.lang.invoke.InvokerBytecodeGenerator::isStaticallyNameable (116 bytes)
Event: 2.821 Thread 0x000000001296c800  385       4       java.lang.String::<init> (82 bytes)
Event: 2.823 Thread 0x0000000013c7f800 nmethod 379 0x0000000002770b50 code [0x0000000002770ea0, 0x0000000002772e58]
Event: 2.823 Thread 0x0000000013c7f800  381       3       jdk.internal.org.objectweb.asm.Item::isEqualTo (354 bytes)
Event: 2.824 Thread 0x0000000013c7f800 nmethod 381 0x0000000002773dd0 code [0x0000000002774000, 0x0000000002774cc8]
Event: 2.824 Thread 0x0000000013c7f800  384       3       jdk.internal.org.objectweb.asm.Frame::execute (2252 bytes)
Event: 2.825 Thread 0x000000001296c800 nmethod 385 0x0000000002777f50 code [0x00000000027780a0, 0x0000000002778358]

GC Heap History (0 events):
No events

Deoptimization events (1 events):
Event: 2.651 Thread 0x00000000024b3800 Uncommon trap: reason=range_check action=make_not_entrant pc=0x0000000002730420 method=sun.reflect.generics.parser.SignatureParser.current()C @ 34

Classes redefined (0 events):
No events

Internal exceptions (5 events):
Event: 1.359 Thread 0x00000000024b3800 Exception <a 'java/lang/NoSuchMethodError': Method sun.misc.Unsafe.defineClass(Ljava/lang/String;[BII)Ljava/lang/Class; name or signature does not match> (0x00000000feb07ca8) thrown at [D:\src\AOSP-openjdk-cygwin\jdk8u\hotspot\src\share\vm\prims\jni.cpp, 
Event: 1.359 Thread 0x00000000024b3800 Exception <a 'java/lang/NoSuchMethodError': Method sun.misc.Unsafe.prefetchRead(Ljava/lang/Object;J)V name or signature does not match> (0x00000000feb07f90) thrown at [D:\src\AOSP-openjdk-cygwin\jdk8u\hotspot\src\share\vm\prims\jni.cpp, line 4011]
Event: 1.918 Thread 0x00000000024b3800 Exception <a 'sun/nio/fs/WindowsException'> (0x00000000fed557e0) thrown at [D:\src\AOSP-openjdk-cygwin\jdk8u\hotspot\src\share\vm\prims\jni.cpp, line 709]
Event: 2.651 Thread 0x00000000024b3800 Exception <a 'java/lang/ArrayIndexOutOfBoundsException': 18> (0x00000000fefb0600) thrown at [D:\src\AOSP-openjdk-cygwin\jdk8u\hotspot\src\share\vm\interpreter\interpreterRuntime.cpp, line 366]
Event: 2.652 Thread 0x00000000024b3800 Exception <a 'java/lang/ArrayIndexOutOfBoundsException': 67> (0x00000000fefb1508) thrown at [D:\src\AOSP-openjdk-cygwin\jdk8u\hotspot\src\share\vm\interpreter\interpreterRuntime.cpp, line 366]

Events (10 events):
Event: 2.803 loading class java/lang/invoke/MethodHandleImpl$AsVarargsCollector
Event: 2.803 loading class java/lang/invoke/DelegatingMethodHandle
Event: 2.803 loading class java/lang/invoke/DelegatingMethodHandle done
Event: 2.803 loading class java/lang/invoke/MethodHandleImpl$AsVarargsCollector done
Event: 2.804 loading class java/lang/invoke/WrongMethodTypeException
Event: 2.804 loading class java/lang/invoke/WrongMethodTypeException done
Event: 2.807 loading class java/lang/invoke/MethodHandleImpl$Lazy
Event: 2.807 loading class java/lang/invoke/MethodHandleImpl$Lazy done
Event: 2.808 loading class java/lang/invoke/MethodHandleImpl$IntrinsicMethodHandle
Event: 2.808 loading class java/lang/invoke/MethodHandleImpl$IntrinsicMethodHandle done


Dynamic libraries:
0x00007ff7134e0000 - 0x00007ff713511000 	E:\win8soft\android-studio\jre\bin\java.exe
0x00007ff816ca0000 - 0x00007ff816e4d000 	C:\WINDOWS\SYSTEM32\ntdll.dll
0x00007ff8150d0000 - 0x00007ff81520e000 	C:\WINDOWS\system32\KERNEL32.DLL
0x00007ff8140d0000 - 0x00007ff8141e5000 	C:\WINDOWS\system32\KERNELBASE.dll
0x00007ff814550000 - 0x00007ff8145fa000 	C:\WINDOWS\system32\ADVAPI32.dll
0x00007ff8146d0000 - 0x00007ff814847000 	C:\WINDOWS\system32\USER32.dll
0x00007ff811ea0000 - 0x00007ff81211b000 	C:\WINDOWS\WinSxS\amd64_microsoft.windows.common-controls_6595b64144ccf1df_6.0.9600.18006_none_623f33d3ecbe86e8\COMCTL32.dll
0x00007ff814850000 - 0x00007ff8148fa000 	C:\WINDOWS\system32\msvcrt.dll
0x00007ff815210000 - 0x00007ff815269000 	C:\WINDOWS\SYSTEM32\sechost.dll
0x00007ff814cf0000 - 0x00007ff814e30000 	C:\WINDOWS\system32\RPCRT4.dll
0x00007ff815340000 - 0x00007ff81548b000 	C:\WINDOWS\system32\GDI32.dll
0x00007ff814250000 - 0x00007ff81427e000 	C:\WINDOWS\system32\SspiCli.dll
0x00007ff814ac0000 - 0x00007ff814af6000 	C:\WINDOWS\system32\IMM32.DLL
0x00007ff814b70000 - 0x00007ff814cc1000 	C:\WINDOWS\system32\MSCTF.dll
0x00007ff813d90000 - 0x00007ff813dc0000 	C:\WINDOWS\system32\nvinitx.dll
0x00007ff813d80000 - 0x00007ff813d8a000 	C:\WINDOWS\SYSTEM32\VERSION.dll
0x0000000057510000 - 0x0000000057516000 	C:\Program Files\NVIDIA Corporation\CoProcManager\_etoured.dll
0x00007ff80fd80000 - 0x00007ff80fdb8000 	C:\Program Files\NVIDIA Corporation\CoProcManager\nvd3d9wrapx.dll
0x00007ff814e30000 - 0x00007ff81500a000 	C:\WINDOWS\system32\SETUPAPI.dll
0x00007ff814080000 - 0x00007ff8140cf000 	C:\WINDOWS\system32\CFGMGR32.dll
0x00007ff80fd50000 - 0x00007ff80fd74000 	C:\Program Files\NVIDIA Corporation\CoProcManager\nvdxgiwrapx.dll
0x0000000055610000 - 0x00000000556e2000 	E:\win8soft\android-studio\jre\jre\bin\msvcr100.dll
0x00000000556f0000 - 0x0000000055f2e000 	E:\win8soft\android-studio\jre\jre\bin\server\jvm.dll
0x00007ff812760000 - 0x00007ff812769000 	C:\WINDOWS\SYSTEM32\WSOCK32.dll
0x00007ff80cd80000 - 0x00007ff80cda2000 	C:\WINDOWS\SYSTEM32\WINMM.dll
0x00007ff8152d0000 - 0x00007ff8152d7000 	C:\WINDOWS\system32\PSAPI.DLL
0x00007ff8144d0000 - 0x00007ff81452a000 	C:\WINDOWS\system32\WS2_32.dll
0x00007ff80cbe0000 - 0x00007ff80cc0a000 	C:\WINDOWS\SYSTEM32\WINMMBASE.dll
0x00007ff814cd0000 - 0x00007ff814cd9000 	C:\WINDOWS\system32\NSI.dll
0x00007ff812bc0000 - 0x00007ff812be8000 	C:\WINDOWS\SYSTEM32\DEVOBJ.dll
0x00007ff812750000 - 0x00007ff81275f000 	E:\win8soft\android-studio\jre\jre\bin\verify.dll
0x00007ff806e10000 - 0x00007ff806e39000 	E:\win8soft\android-studio\jre\jre\bin\java.dll
0x00007ff80ff40000 - 0x00007ff80ff56000 	E:\win8soft\android-studio\jre\jre\bin\zip.dll
0x00007ff815550000 - 0x00007ff816a7c000 	C:\WINDOWS\system32\SHELL32.dll
0x00007ff816a80000 - 0x00007ff816c92000 	C:\WINDOWS\SYSTEM32\combase.dll
0x00007ff815270000 - 0x00007ff8152c4000 	C:\WINDOWS\system32\SHLWAPI.dll
0x00007ff812320000 - 0x00007ff8123d2000 	C:\WINDOWS\SYSTEM32\SHCORE.dll
0x00007ff813dd0000 - 0x00007ff813de5000 	C:\WINDOWS\SYSTEM32\profapi.dll
0x00007ff813620000 - 0x00007ff813640000 	C:\WINDOWS\SYSTEM32\CRYPTSP.dll
0x00007ff813240000 - 0x00007ff813276000 	C:\WINDOWS\system32\rsaenh.dll
0x00007ff813870000 - 0x00007ff813896000 	C:\WINDOWS\SYSTEM32\bcrypt.dll
0x00007ff813350000 - 0x00007ff813371000 	C:\WINDOWS\SYSTEM32\USERENV.dll
0x00007ff813b90000 - 0x00007ff813bf3000 	C:\WINDOWS\system32\bcryptprimitives.dll
0x00007ff813c00000 - 0x00007ff813c0b000 	C:\WINDOWS\SYSTEM32\CRYPTBASE.dll
0x00007ff80b290000 - 0x00007ff80b2aa000 	E:\win8soft\android-studio\jre\jre\bin\net.dll
0x00007ff8135c0000 - 0x00007ff813619000 	C:\WINDOWS\system32\mswsock.dll
0x00007ff80e480000 - 0x00007ff80e4aa000 	C:\WINDOWS\SYSTEM32\IPHLPAPI.DLL
0x00007ff80e460000 - 0x00007ff80e46a000 	C:\WINDOWS\SYSTEM32\WINNSI.DLL
0x00007ff80e160000 - 0x00007ff80e176000 	C:\WINDOWS\SYSTEM32\dhcpcsvc6.DLL
0x00007ff80e1f0000 - 0x00007ff80e20a000 	C:\WINDOWS\SYSTEM32\dhcpcsvc.DLL
0x00007ff808200000 - 0x00007ff808211000 	E:\win8soft\android-studio\jre\jre\bin\nio.dll

VM Arguments:
jvm_args: -Djava.awt.headless=true -Xmx64M -Dfile.encoding=GBK -Duser.country=CN -Duser.language=zh -Duser.variant 
java_command: com.google.devtools.build.android.desugar.Desugar --input E:\win8file\AndroidDemo\Rxdemo\app\build\intermediates\transforms\stackFramesFixer\debug\7.jar --output E:\win8file\AndroidDemo\Rxdemo\app\build\intermediates\transforms\desugar\debug\8.jar --input E:\win8file\AndroidDemo\Rxdemo\app\build\intermediates\transforms\stackFramesFixer\debug\12.jar --output E:\win8file\AndroidDemo\Rxdemo\app\build\intermediates\transforms\desugar\debug\13.jar --input E:\win8file\AndroidDemo\Rxdemo\app\build\intermediates\transforms\stackFramesFixer\debug\11.jar --output E:\win8file\AndroidDemo\Rxdemo\app\build\intermediates\transforms\desugar\debug\12.jar --input E:\win8file\AndroidDemo\Rxdemo\app\build\intermediates\transforms\stackFramesFixer\debug\6.jar --output E:\win8file\AndroidDemo\Rxdemo\app\build\intermediates\transforms\desugar\debug\7.jar --input E:\win8file\AndroidDemo\Rxdemo\app\build\intermediates\transforms\stackFramesFixer\debug\10.jar --output E:\win8file\AndroidDemo\Rxdemo\app\build\intermediates\transforms\desugar\debug\11.jar --input E:\win8file\AndroidDemo\Rxdemo\app\build\intermediates\transforms\stackFramesFixer\debug\18.jar --output E:\win8file\AndroidDemo\Rxdemo\app\build\intermediates\transforms\desugar\debug\19.jar --classpath_entry E:\win8file\AndroidDemo\Rxdemo\app\build\intermediates\classes\debug --classpath_entry E:\win8file\AndroidDemo\Rxdemo\app\build\intermediates\transforms\stackFramesFixer\debug\0.jar --classpath_entry E:\win8file\AndroidDemo\Rxdemo\app\build\intermediates\transforms\stackFramesFixer\debug\1.jar --classpath_entry E:\win8file\AndroidDemo\Rxdemo\app\build\intermediates\transforms\stackFramesFixer\debug\2.jar --classpath_entry E:\win8file\AndroidDemo\Rxdemo\app\build\intermediates\transforms\stackFramesFixer\debug\3.jar --classpath_entry E:\win8file\AndroidDemo\Rxdemo\app\build\intermediates\transforms\stackFramesFixer\debug\4.jar --classpath_entry E:\win8file\AndroidDemo\Rxdemo\app\build\intermediates\transforms\st
java_class_path (initial): C:\Users\Administrator\AppData\Local\Temp\desugar_deploy.jar5137002403438301298
Launcher Type: SUN_STANDARD

Environment Variables:
JAVA_HOME=E:\win8soft\java\jdk
PATH=E:\win8soft\devc\Dev-Cpp\MinGW64\bin;E:\win8soft\Oracle\soft\bin;C:\WINDOWS\system32;C:\WINDOWS;C:\WINDOWS\System32\Wbem;C:\WINDOWS\System32\WindowsPowerShell\v1.0\;E:\win8soft\java\jdk\bin;C:\Program Files (x86)\Skype\Phone\;E:\win8soft\GtkSharp\bin;C:\Program Files (x86)\NVIDIA Corporation\PhysX\Common
USERNAME=Administrator
OS=Windows_NT
PROCESSOR_IDENTIFIER=Intel64 Family 6 Model 58 Stepping 9, GenuineIntel



---------------  S Y S T E M  ---------------

OS: Windows 8.1 , 64 bit Build 9600 (6.3.9600.17415)

CPU:total 4 (initial active 4) (2 cores per cpu, 2 threads per core) family 6 model 58 stepping 9, cmov, cx8, fxsr, mmx, sse, sse2, sse3, ssse3, sse4.1, sse4.2, popcnt, avx, aes, clmul, erms, ht, tsc, tscinvbit, tscinv

Memory: 4k page, physical 4087084k(274140k free), swap 7232812k(85300k free)

vm_info: OpenJDK 64-Bit Server VM (25.152-b01) for windows-amd64 JRE (1.8.0_152-release-915-b01), built by "builder" with MS VC++ 10.0 (VS2010)

time: Sun Mar 18 23:46:32 2018
elapsed time: 4 seconds (0d 0h 0m 4s)

