#
# There is insufficient memory for the Java Runtime Environment to continue.
# Native memory allocation (malloc) failed to allocate 65552 bytes for Chunk::new
# Possible reasons:
#   The system is out of physical RAM or swap space
#   In 32 bit mode, the process size limit was hit
# Possible solutions:
#   Reduce memory load on the system
#   Increase physical memory or swap space
#   Check if swap backing store is full
#   Use 64 bit Java on a 64 bit OS
#   Decrease Java heap size (-Xmx/-Xms)
#   Decrease number of Java threads
#   Decrease Java thread stack sizes (-Xss)
#   Set larger code cache with -XX:ReservedCodeCacheSize=
# This output file may be truncated or incomplete.
#
#  Out of Memory Error (allocation.cpp:390), pid=10644, tid=0x0000000000002e28
#
# JRE version: OpenJDK Runtime Environment (8.0_152-b01) (build 1.8.0_152-release-915-b01)
# Java VM: OpenJDK 64-Bit Server VM (25.152-b01 mixed mode windows-amd64 compressed oops)
# Failed to write core dump. Minidumps are not enabled by default on client versions of Windows
#

---------------  T H R E A D  ---------------

Current thread (0x00000000131ca800):  JavaThread "C2 CompilerThread0" daemon [_thread_in_native, id=11816, stack(0x0000000014ad0000,0x0000000014bd0000)]

Stack: [0x0000000014ad0000,0x0000000014bd0000]
[error occurred during error reporting (printing stack bounds), id 0xc0000005]

Native frames: (J=compiled Java code, j=interpreted, Vv=VM code, C=native code)


Current CompileTask:
C2:   7009 1012       4       org.objectweb.asm.ClassReader::a (500 bytes)


---------------  P R O C E S S  ---------------

Java Threads: ( => current thread )
  0x000000001452f000 JavaThread "Service Thread" daemon [_thread_blocked, id=10660, stack(0x0000000014dd0000,0x0000000014ed0000)]
  0x00000000131ce000 JavaThread "C1 CompilerThread2" daemon [_thread_blocked, id=11992, stack(0x0000000014cd0000,0x0000000014dd0000)]
  0x00000000131cc800 JavaThread "C2 CompilerThread1" daemon [_thread_in_native, id=12108, stack(0x0000000014bd0000,0x0000000014cd0000)]
=>0x00000000131ca800 JavaThread "C2 CompilerThread0" daemon [_thread_in_native, id=11816, stack(0x0000000014ad0000,0x0000000014bd0000)]
  0x000000001317e800 JavaThread "Attach Listener" daemon [_thread_blocked, id=11392, stack(0x00000000149d0000,0x0000000014ad0000)]
  0x00000000144d8800 JavaThread "Signal Dispatcher" daemon [_thread_blocked, id=10428, stack(0x00000000148d0000,0x00000000149d0000)]
  0x000000001315e000 JavaThread "Finalizer" daemon [_thread_blocked, id=4008, stack(0x00000000143d0000,0x00000000144d0000)]
  0x0000000002e02000 JavaThread "Reference Handler" daemon [_thread_blocked, id=10212, stack(0x00000000142d0000,0x00000000143d0000)]
  0x0000000002d13800 JavaThread "main" [_thread_in_native, id=10408, stack(0x0000000002b20000,0x0000000002c20000)]

Other Threads:
  0x0000000013135800 VMThread [stack: 0x00000000141d0000,0x00000000142d0000] [id=9448]
  0x0000000014530000 WatcherThread [stack: 0x0000000014ed0000,0x0000000014fd0000] [id=11580]

VM state:not at safepoint (normal execution)

VM Mutex/Monitor currently owned by a thread: None

Heap:
 PSYoungGen      total 18944K, used 11765K [0x00000000feb00000, 0x0000000100000000, 0x0000000100000000)
  eden space 16384K, 56% used [0x00000000feb00000,0x00000000ff402a18,0x00000000ffb00000)
  from space 2560K, 99% used [0x00000000ffd80000,0x00000000ffffac10,0x0000000100000000)
  to   space 2560K, 0% used [0x00000000ffb00000,0x00000000ffb00000,0x00000000ffd80000)
 ParOldGen       total 44032K, used 5691K [0x00000000fc000000, 0x00000000feb00000, 0x00000000feb00000)
  object space 44032K, 12% used [0x00000000fc000000,0x00000000fc58ec00,0x00000000feb00000)
 Metaspace       used 7828K, capacity 8008K, committed 8192K, reserved 1056768K
  class space    used 899K, capacity 988K, committed 1024K, reserved 1048576K

Card table byte_map: [0x00000000027f0000,0x0000000002820000] byte_map_base: 0x0000000002010000

Marking Bits: (ParMarkBitMap*) 0x000000006c303950
 Begin Bits: [0x00000000125d0000, 0x00000000126d0000)
 End Bits:   [0x00000000126d0000, 0x00000000127d0000)

Polling page: 0x00000000027c0000

CodeCache: size=245760Kb used=3800Kb max_used=3800Kb free=241960Kb
 bounds [0x0000000002e10000, 0x00000000031d0000, 0x0000000011e10000]
 total_blobs=1346 nmethods=1012 adapters=248
 compilation: enabled

Compilation events (10 events):
Event: 6.939 Thread 0x00000000131ce000 nmethod 1008 0x00000000031c0d10 code [0x00000000031c0e60, 0x00000000031c0f70]
Event: 6.941 Thread 0x00000000131ce000 1010       1       org.objectweb.asm.MethodWriter::visitCode (1 bytes)
Event: 6.941 Thread 0x00000000131ce000 nmethod 1010 0x00000000031c0a50 code [0x00000000031c0ba0, 0x00000000031c0cb0]
Event: 6.942 Thread 0x00000000131ca800 nmethod 1006 0x00000000031bf1d0 code [0x00000000031bf320, 0x00000000031bf478]
Event: 6.942 Thread 0x00000000131ca800 1009       4       org.objectweb.asm.MethodWriter::visitMaxs (1146 bytes)
Event: 6.954 Thread 0x00000000131ca800 nmethod 1009 0x00000000031bea10 code [0x00000000031beb60, 0x00000000031beed8]
Event: 6.954 Thread 0x00000000131ca800 1011       4       org.objectweb.asm.ClassReader::a (162 bytes)
Event: 6.965 Thread 0x00000000131ca800 nmethod 1011 0x00000000031c1390 code [0x00000000031c1560, 0x00000000031c1c68]
Event: 6.998 Thread 0x00000000131ca800 1012       4       org.objectweb.asm.ClassReader::a (500 bytes)
Event: 6.999 Thread 0x00000000131ce000 1013       3       org.objectweb.asm.tree.MethodNode::accept (916 bytes)

GC Heap History (4 events):
Event: 3.524 GC heap before
{Heap before GC invocations=1 (full 0):
 PSYoungGen      total 18944K, used 16384K [0x00000000feb00000, 0x0000000100000000, 0x0000000100000000)
  eden space 16384K, 100% used [0x00000000feb00000,0x00000000ffb00000,0x00000000ffb00000)
  from space 2560K, 0% used [0x00000000ffd80000,0x00000000ffd80000,0x0000000100000000)
  to   space 2560K, 0% used [0x00000000ffb00000,0x00000000ffb00000,0x00000000ffd80000)
 ParOldGen       total 44032K, used 0K [0x00000000fc000000, 0x00000000feb00000, 0x00000000feb00000)
  object space 44032K, 0% used [0x00000000fc000000,0x00000000fc000000,0x00000000feb00000)
 Metaspace       used 6586K, capacity 6682K, committed 6784K, reserved 1056768K
  class space    used 771K, capacity 823K, committed 896K, reserved 1048576K
Event: 3.542 GC heap after
Heap after GC invocations=1 (full 0):
 PSYoungGen      total 18944K, used 2552K [0x00000000feb00000, 0x0000000100000000, 0x0000000100000000)
  eden space 16384K, 0% used [0x00000000feb00000,0x00000000feb00000,0x00000000ffb00000)
  from space 2560K, 99% used [0x00000000ffb00000,0x00000000ffd7e020,0x00000000ffd80000)
  to   space 2560K, 0% used [0x00000000ffd80000,0x00000000ffd80000,0x0000000100000000)
 ParOldGen       total 44032K, used 1844K [0x00000000fc000000, 0x00000000feb00000, 0x00000000feb00000)
  object space 44032K, 4% used [0x00000000fc000000,0x00000000fc1cd0a8,0x00000000feb00000)
 Metaspace       used 6586K, capacity 6682K, committed 6784K, reserved 1056768K
  class space    used 771K, capacity 823K, committed 896K, reserved 1048576K
}
Event: 5.492 GC heap before
{Heap before GC invocations=2 (full 0):
 PSYoungGen      total 18944K, used 18936K [0x00000000feb00000, 0x0000000100000000, 0x0000000100000000)
  eden space 16384K, 100% used [0x00000000feb00000,0x00000000ffb00000,0x00000000ffb00000)
  from space 2560K, 99% used [0x00000000ffb00000,0x00000000ffd7e020,0x00000000ffd80000)
  to   space 2560K, 0% used [0x00000000ffd80000,0x00000000ffd80000,0x0000000100000000)
 ParOldGen       total 44032K, used 1844K [0x00000000fc000000, 0x00000000feb00000, 0x00000000feb00000)
  object space 44032K, 4% used [0x00000000fc000000,0x00000000fc1cd0a8,0x00000000feb00000)
 Metaspace       used 7781K, capacity 8008K, committed 8192K, reserved 1056768K
  class space    used 899K, capacity 988K, committed 1024K, reserved 1048576K
Event: 5.655 GC heap after
Heap after GC invocations=2 (full 0):
 PSYoungGen      total 18944K, used 2539K [0x00000000feb00000, 0x0000000100000000, 0x0000000100000000)
  eden space 16384K, 0% used [0x00000000feb00000,0x00000000feb00000,0x00000000ffb00000)
  from space 2560K, 99% used [0x00000000ffd80000,0x00000000ffffac10,0x0000000100000000)
  to   space 2560K, 0% used [0x00000000ffb00000,0x00000000ffb00000,0x00000000ffd80000)
 ParOldGen       total 44032K, used 5691K [0x00000000fc000000, 0x00000000feb00000, 0x00000000feb00000)
  object space 44032K, 12% used [0x00000000fc000000,0x00000000fc58ec00,0x00000000feb00000)
 Metaspace       used 7781K, capacity 8008K, committed 8192K, reserved 1056768K
  class space    used 899K, capacity 988K, committed 1024K, reserved 1048576K
}

Deoptimization events (10 events):
Event: 4.838 Thread 0x0000000002d13800 Uncommon trap: reason=class_check action=maybe_recompile pc=0x000000000302ed2c method=com.google.common.collect.TransformedIterator.hasNext()Z @ 4
Event: 4.838 Thread 0x0000000002d13800 Uncommon trap: reason=class_check action=maybe_recompile pc=0x000000000302ed2c method=com.google.common.collect.TransformedIterator.hasNext()Z @ 4
Event: 4.838 Thread 0x0000000002d13800 Uncommon trap: reason=class_check action=maybe_recompile pc=0x0000000003042058 method=com.google.common.collect.TransformedIterator.next()Ljava/lang/Object; @ 5
Event: 4.838 Thread 0x0000000002d13800 Uncommon trap: reason=class_check action=maybe_recompile pc=0x0000000003031fd0 method=com.google.common.collect.Iterators$7.transform(Ljava/lang/Object;)Ljava/lang/Object; @ 5
Event: 4.838 Thread 0x0000000002d13800 Uncommon trap: reason=class_check action=maybe_recompile pc=0x000000000302ed2c method=com.google.common.collect.TransformedIterator.hasNext()Z @ 4
Event: 4.838 Thread 0x0000000002d13800 Uncommon trap: reason=class_check action=maybe_recompile pc=0x0000000003042058 method=com.google.common.collect.TransformedIterator.next()Ljava/lang/Object; @ 5
Event: 4.838 Thread 0x0000000002d13800 Uncommon trap: reason=class_check action=maybe_recompile pc=0x0000000003031fd0 method=com.google.common.collect.Iterators$7.transform(Ljava/lang/Object;)Ljava/lang/Object; @ 5
Event: 4.838 Thread 0x0000000002d13800 Uncommon trap: reason=class_check action=maybe_recompile pc=0x0000000003042058 method=com.google.common.collect.TransformedIterator.next()Ljava/lang/Object; @ 5
Event: 4.838 Thread 0x0000000002d13800 Uncommon trap: reason=class_check action=maybe_recompile pc=0x0000000003031fd0 method=com.google.common.collect.Iterators$7.transform(Ljava/lang/Object;)Ljava/lang/Object; @ 5
Event: 5.998 Thread 0x0000000002d13800 Uncommon trap: reason=unstable_if action=reinterpret pc=0x000000000317f01c method=org.objectweb.asm.Type.getArgumentsAndReturnSizes(Ljava/lang/String;)I @ 130

Classes redefined (0 events):
No events

Internal exceptions (10 events):
Event: 3.594 Thread 0x0000000002d13800 Implicit null exception at 0x00000000030353b9 to 0x0000000003035975
Event: 4.091 Thread 0x0000000002d13800 Exception <a 'sun/nio/fs/WindowsException'> (0x00000000ff155788) thrown at [D:\src\AOSP-openjdk-cygwin\jdk8u\hotspot\src\share\vm\prims\jni.cpp, line 709]
Event: 4.092 Thread 0x0000000002d13800 Exception <a 'sun/nio/fs/WindowsException'> (0x00000000ff155d58) thrown at [D:\src\AOSP-openjdk-cygwin\jdk8u\hotspot\src\share\vm\prims\jni.cpp, line 709]
Event: 4.092 Thread 0x0000000002d13800 Exception <a 'sun/nio/fs/WindowsException'> (0x00000000ff156350) thrown at [D:\src\AOSP-openjdk-cygwin\jdk8u\hotspot\src\share\vm\prims\jni.cpp, line 709]
Event: 4.092 Thread 0x0000000002d13800 Exception <a 'sun/nio/fs/WindowsException'> (0x00000000ff156b20) thrown at [D:\src\AOSP-openjdk-cygwin\jdk8u\hotspot\src\share\vm\prims\jni.cpp, line 709]
Event: 4.092 Thread 0x0000000002d13800 Exception <a 'sun/nio/fs/WindowsException'> (0x00000000ff1570f0) thrown at [D:\src\AOSP-openjdk-cygwin\jdk8u\hotspot\src\share\vm\prims\jni.cpp, line 709]
Event: 4.092 Thread 0x0000000002d13800 Exception <a 'sun/nio/fs/WindowsException'> (0x00000000ff1578b0) thrown at [D:\src\AOSP-openjdk-cygwin\jdk8u\hotspot\src\share\vm\prims\jni.cpp, line 709]
Event: 4.124 Thread 0x0000000002d13800 Exception <a 'sun/nio/fs/WindowsException'> (0x00000000ff15cd18) thrown at [D:\src\AOSP-openjdk-cygwin\jdk8u\hotspot\src\share\vm\prims\jni.cpp, line 709]
Event: 4.680 Thread 0x0000000002d13800 Exception <a 'sun/nio/fs/WindowsException'> (0x00000000ff469b98) thrown at [D:\src\AOSP-openjdk-cygwin\jdk8u\hotspot\src\share\vm\prims\jni.cpp, line 709]
Event: 4.680 Thread 0x0000000002d13800 Exception <a 'sun/nio/fs/WindowsException'> (0x00000000ff46a120) thrown at [D:\src\AOSP-openjdk-cygwin\jdk8u\hotspot\src\share\vm\prims\jni.cpp, line 709]

Events (10 events):
Event: 5.483 loading class org/objectweb/asm/Handler done
Event: 5.492 Executing VM operation: ParallelGCFailedAllocation
Event: 5.655 Executing VM operation: ParallelGCFailedAllocation done
Event: 5.656 Executing VM operation: RevokeBias
Event: 5.656 Executing VM operation: RevokeBias done
Event: 5.998 Thread 0x0000000002d13800 Uncommon trap: trap_request=0xffffff65 fr.pc=0x000000000317f01c
Event: 5.999 Thread 0x0000000002d13800 DEOPT PACKING pc=0x000000000317f01c sp=0x0000000002c1e560
Event: 5.999 Thread 0x0000000002d13800 DEOPT UNPACKING pc=0x0000000002e5556a sp=0x0000000002c1e4f0 mode 2
Event: 6.999 Thread 0x0000000002d13800 DEOPT PACKING pc=0x0000000003167a38 sp=0x0000000002c1e950
Event: 6.999 Thread 0x0000000002d13800 DEOPT UNPACKING pc=0x0000000002e575bf sp=0x0000000002c1e730 mode 0


Dynamic libraries:
0x00007ff775440000 - 0x00007ff775471000 	E:\win8soft\android-studio\jre\bin\java.exe
0x00007ff882920000 - 0x00007ff882acd000 	C:\WINDOWS\SYSTEM32\ntdll.dll
0x00007ff881f40000 - 0x00007ff88207e000 	C:\WINDOWS\system32\KERNEL32.DLL
0x00007ff87fe30000 - 0x00007ff87ff45000 	C:\WINDOWS\system32\KERNELBASE.dll
0x00007ff882080000 - 0x00007ff88212a000 	C:\WINDOWS\system32\ADVAPI32.dll
0x00007ff880000000 - 0x00007ff880177000 	C:\WINDOWS\system32\USER32.dll
0x00007ff87dae0000 - 0x00007ff87dd5b000 	C:\WINDOWS\WinSxS\amd64_microsoft.windows.common-controls_6595b64144ccf1df_6.0.9600.18006_none_623f33d3ecbe86e8\COMCTL32.dll
0x00007ff8816b0000 - 0x00007ff88175a000 	C:\WINDOWS\system32\msvcrt.dll
0x00007ff882130000 - 0x00007ff882189000 	C:\WINDOWS\SYSTEM32\sechost.dll
0x00007ff8822c0000 - 0x00007ff882400000 	C:\WINDOWS\system32\RPCRT4.dll
0x00007ff881ad0000 - 0x00007ff881c1b000 	C:\WINDOWS\system32\GDI32.dll
0x00007ff87fc20000 - 0x00007ff87fc4e000 	C:\WINDOWS\system32\SspiCli.dll
0x00007ff87ffc0000 - 0x00007ff87fff6000 	C:\WINDOWS\system32\IMM32.DLL
0x00007ff881de0000 - 0x00007ff881f31000 	C:\WINDOWS\system32\MSCTF.dll
0x00007ff87fa10000 - 0x00007ff87fa40000 	C:\WINDOWS\system32\nvinitx.dll
0x00007ff87fa00000 - 0x00007ff87fa0a000 	C:\WINDOWS\SYSTEM32\VERSION.dll
0x000000006d4a0000 - 0x000000006d4a6000 	C:\Program Files\NVIDIA Corporation\CoProcManager\_etoured.dll
0x00007ff87ba00000 - 0x00007ff87ba38000 	C:\Program Files\NVIDIA Corporation\CoProcManager\nvd3d9wrapx.dll
0x00007ff881830000 - 0x00007ff881a0a000 	C:\WINDOWS\system32\SETUPAPI.dll
0x00007ff87fb20000 - 0x00007ff87fb6f000 	C:\WINDOWS\system32\CFGMGR32.dll
0x00007ff87b9b0000 - 0x00007ff87b9d4000 	C:\Program Files\NVIDIA Corporation\CoProcManager\nvdxgiwrapx.dll
0x000000006b980000 - 0x000000006ba52000 	E:\win8soft\android-studio\jre\jre\bin\msvcr100.dll
0x000000006bb40000 - 0x000000006c37e000 	E:\win8soft\android-studio\jre\jre\bin\server\jvm.dll
0x00007ff872b70000 - 0x00007ff872b79000 	C:\WINDOWS\SYSTEM32\WSOCK32.dll
0x00007ff878850000 - 0x00007ff878872000 	C:\WINDOWS\SYSTEM32\WINMM.dll
0x00007ff881dd0000 - 0x00007ff881dd7000 	C:\WINDOWS\system32\PSAPI.DLL
0x00007ff8827f0000 - 0x00007ff88284a000 	C:\WINDOWS\system32\WS2_32.dll
0x00007ff877640000 - 0x00007ff87766a000 	C:\WINDOWS\SYSTEM32\WINMMBASE.dll
0x00007ff881760000 - 0x00007ff881769000 	C:\WINDOWS\system32\NSI.dll
0x00007ff87e7f0000 - 0x00007ff87e818000 	C:\WINDOWS\SYSTEM32\DEVOBJ.dll
0x00007ff872b60000 - 0x00007ff872b6f000 	E:\win8soft\android-studio\jre\jre\bin\verify.dll
0x00007ff872b30000 - 0x00007ff872b59000 	E:\win8soft\android-studio\jre\jre\bin\java.dll
0x00007ff872b10000 - 0x00007ff872b26000 	E:\win8soft\android-studio\jre\jre\bin\zip.dll
0x00007ff880180000 - 0x00007ff8816ac000 	C:\WINDOWS\system32\SHELL32.dll
0x00007ff882400000 - 0x00007ff882612000 	C:\WINDOWS\SYSTEM32\combase.dll
0x00007ff882200000 - 0x00007ff882254000 	C:\WINDOWS\system32\SHLWAPI.dll
0x00007ff87df60000 - 0x00007ff87e012000 	C:\WINDOWS\SYSTEM32\SHCORE.dll
0x00007ff87fa50000 - 0x00007ff87fa65000 	C:\WINDOWS\SYSTEM32\profapi.dll
0x00007ff87f2a0000 - 0x00007ff87f2c0000 	C:\WINDOWS\SYSTEM32\CRYPTSP.dll
0x00007ff87eec0000 - 0x00007ff87eef6000 	C:\WINDOWS\system32\rsaenh.dll
0x00007ff87f4f0000 - 0x00007ff87f516000 	C:\WINDOWS\SYSTEM32\bcrypt.dll
0x00007ff87efd0000 - 0x00007ff87eff1000 	C:\WINDOWS\SYSTEM32\USERENV.dll
0x00007ff87f810000 - 0x00007ff87f873000 	C:\WINDOWS\system32\bcryptprimitives.dll
0x00007ff87f880000 - 0x00007ff87f88b000 	C:\WINDOWS\SYSTEM32\CRYPTBASE.dll
0x00007ff872af0000 - 0x00007ff872b0a000 	E:\win8soft\android-studio\jre\jre\bin\net.dll
0x00007ff87f240000 - 0x00007ff87f299000 	C:\WINDOWS\system32\mswsock.dll
0x00007ff87a520000 - 0x00007ff87a54a000 	C:\WINDOWS\SYSTEM32\IPHLPAPI.DLL
0x00007ff87a500000 - 0x00007ff87a50a000 	C:\WINDOWS\SYSTEM32\WINNSI.DLL
0x00007ff87a3b0000 - 0x00007ff87a3c6000 	C:\WINDOWS\SYSTEM32\dhcpcsvc6.DLL
0x00007ff87a390000 - 0x00007ff87a3aa000 	C:\WINDOWS\SYSTEM32\dhcpcsvc.DLL
0x00007ff8705f0000 - 0x00007ff870601000 	E:\win8soft\android-studio\jre\jre\bin\nio.dll

VM Arguments:
jvm_args: -Djava.awt.headless=true -Xmx64M -Dfile.encoding=GBK -Duser.country=CN -Duser.language=zh -Duser.variant 
java_command: com.google.devtools.build.android.desugar.Desugar --input E:\win8file\AndroidDemo\Rxdemo\app\build\intermediates\transforms\stackFramesFixer\debug\2.jar --output E:\win8file\AndroidDemo\Rxdemo\app\build\intermediates\transforms\desugar\debug\3.jar --input E:\win8file\AndroidDemo\Rxdemo\app\build\intermediates\transforms\stackFramesFixer\debug\11.jar --output E:\win8file\AndroidDemo\Rxdemo\app\build\intermediates\transforms\desugar\debug\12.jar --input E:\win8file\AndroidDemo\Rxdemo\app\build\intermediates\transforms\stackFramesFixer\debug\24.jar --output E:\win8file\AndroidDemo\Rxdemo\app\build\intermediates\transforms\desugar\debug\25.jar --input E:\win8file\AndroidDemo\Rxdemo\app\build\intermediates\transforms\stackFramesFixer\debug\0.jar --output E:\win8file\AndroidDemo\Rxdemo\app\build\intermediates\transforms\desugar\debug\1.jar --input E:\win8file\AndroidDemo\Rxdemo\app\build\intermediates\transforms\stackFramesFixer\debug\22.jar --output E:\win8file\AndroidDemo\Rxdemo\app\build\intermediates\transforms\desugar\debug\23.jar --input E:\win8file\AndroidDemo\Rxdemo\app\build\intermediates\transforms\stackFramesFixer\debug\15.jar --output E:\win8file\AndroidDemo\Rxdemo\app\build\intermediates\transforms\desugar\debug\16.jar --input E:\win8file\AndroidDemo\Rxdemo\app\build\intermediates\transforms\stackFramesFixer\debug\18.jar --output E:\win8file\AndroidDemo\Rxdemo\app\build\intermediates\transforms\desugar\debug\19.jar --classpath_entry E:\win8file\AndroidDemo\Rxdemo\app\build\intermediates\classes\debug --classpath_entry E:\win8file\AndroidDemo\Rxdemo\app\build\intermediates\transforms\stackFramesFixer\debug\0.jar --classpath_entry E:\win8file\AndroidDemo\Rxdemo\app\build\intermediates\transforms\stackFramesFixer\debug\1.jar --classpath_entry E:\win8file\AndroidDemo\Rxdemo\app\build\intermediates\transforms\stackFramesFixer\debug\2.jar --classpath_entry E:\win8file\AndroidDemo\Rxdemo\app\build\intermediates\transforms\stackFramesFixer\debug\3.jar
java_class_path (initial): C:\Users\Administrator\AppData\Local\Temp\desugar_deploy.jar2465764394872015711
Launcher Type: SUN_STANDARD

Environment Variables:
JAVA_HOME=E:\win8soft\java\jdk
PATH=E:\win8soft\devc\Dev-Cpp\MinGW64\bin;E:\win8soft\Oracle\soft\bin;C:\WINDOWS\system32;C:\WINDOWS;C:\WINDOWS\System32\Wbem;C:\WINDOWS\System32\WindowsPowerShell\v1.0\;E:\win8soft\java\jdk\bin;C:\Program Files (x86)\Skype\Phone\;E:\win8soft\GtkSharp\bin;C:\Program Files (x86)\NVIDIA Corporation\PhysX\Common
USERNAME=Administrator
OS=Windows_NT
PROCESSOR_IDENTIFIER=Intel64 Family 6 Model 58 Stepping 9, GenuineIntel



---------------  S Y S T E M  ---------------

OS: Windows 8.1 , 64 bit Build 9600 (6.3.9600.17415)

CPU:total 4 (initial active 4) (2 cores per cpu, 2 threads per core) family 6 model 58 stepping 9, cmov, cx8, fxsr, mmx, sse, sse2, sse3, ssse3, sse4.1, sse4.2, popcnt, avx, aes, clmul, erms, ht, tsc, tscinvbit, tscinv

Memory: 4k page, physical 4087084k(740100k free), swap 7232812k(4976k free)

vm_info: OpenJDK 64-Bit Server VM (25.152-b01) for windows-amd64 JRE (1.8.0_152-release-915-b01), built by "builder" with MS VC++ 10.0 (VS2010)

time: Sat Mar 24 17:41:54 2018
elapsed time: 7 seconds (0d 0h 0m 7s)

