#
# There is insufficient memory for the Java Runtime Environment to continue.
# Native memory allocation (malloc) failed to allocate 32744 bytes for ChunkPool::allocate
# Possible reasons:
#   The system is out of physical RAM or swap space
#   In 32 bit mode, the process size limit was hit
# Possible solutions:
#   Reduce memory load on the system
#   Increase physical memory or swap space
#   Check if swap backing store is full
#   Use 64 bit Java on a 64 bit OS
#   Decrease Java heap size (-Xmx/-Xms)
#   Decrease number of Java threads
#   Decrease Java thread stack sizes (-Xss)
#   Set larger code cache with -XX:ReservedCodeCacheSize=
# This output file may be truncated or incomplete.
#
#  Out of Memory Error (allocation.cpp:273), pid=10204, tid=0x00000000000029fc
#
# JRE version: OpenJDK Runtime Environment (8.0_152-b01) (build 1.8.0_152-release-915-b01)
# Java VM: OpenJDK 64-Bit Server VM (25.152-b01 mixed mode windows-amd64 compressed oops)
# Failed to write core dump. Minidumps are not enabled by default on client versions of Windows
#

---------------  T H R E A D  ---------------

Current thread (0x00000000129db800):  JavaThread "C2 CompilerThread0" daemon [_thread_in_native, id=10748, stack(0x0000000014330000,0x0000000014430000)]

Stack: [0x0000000014330000,0x0000000014430000]
[error occurred during error reporting (printing stack bounds), id 0xc0000005]

Native frames: (J=compiled Java code, j=interpreted, Vv=VM code, C=native code)


Current CompileTask:
C2:   7207  929 %     4       org.objectweb.asm.ClassReader::a @ 74 (3587 bytes)


---------------  P R O C E S S  ---------------

Java Threads: ( => current thread )
  0x0000000013d92000 JavaThread "Service Thread" daemon [_thread_blocked, id=11932, stack(0x0000000014630000,0x0000000014730000)]
  0x0000000013d8c800 JavaThread "C1 CompilerThread2" daemon [_thread_blocked, id=11908, stack(0x0000000014530000,0x0000000014630000)]
  0x0000000013d7e800 JavaThread "C2 CompilerThread1" daemon [_thread_in_native, id=11340, stack(0x0000000014430000,0x0000000014530000)]
=>0x00000000129db800 JavaThread "C2 CompilerThread0" daemon [_thread_in_native, id=10748, stack(0x0000000014330000,0x0000000014430000)]
  0x000000001298f800 JavaThread "Attach Listener" daemon [_thread_blocked, id=11468, stack(0x0000000014230000,0x0000000014330000)]
  0x0000000013d38800 JavaThread "Signal Dispatcher" daemon [_thread_blocked, id=11648, stack(0x0000000014130000,0x0000000014230000)]
  0x000000001296e000 JavaThread "Finalizer" daemon [_thread_blocked, id=10416, stack(0x0000000013bd0000,0x0000000013cd0000)]
  0x0000000002582000 JavaThread "Reference Handler" daemon [_thread_blocked, id=10940, stack(0x0000000013ad0000,0x0000000013bd0000)]
  0x0000000002493800 JavaThread "main" [_thread_in_Java, id=5028, stack(0x0000000002070000,0x0000000002170000)]

Other Threads:
  0x0000000012945800 VMThread [stack: 0x00000000139d0000,0x0000000013ad0000] [id=11440]
  0x0000000013d93000 WatcherThread [stack: 0x0000000014730000,0x0000000014830000] [id=11736]

VM state:not at safepoint (normal execution)

VM Mutex/Monitor currently owned by a thread: None

Heap:
 PSYoungGen      total 18944K, used 3176K [0x00000000feb00000, 0x0000000100000000, 0x0000000100000000)
  eden space 16384K, 3% used [0x00000000feb00000,0x00000000feba1b20,0x00000000ffb00000)
  from space 2560K, 98% used [0x00000000ffd80000,0x00000000ffff8800,0x0000000100000000)
  to   space 2560K, 0% used [0x00000000ffb00000,0x00000000ffb00000,0x00000000ffd80000)
 ParOldGen       total 44032K, used 5375K [0x00000000fc000000, 0x00000000feb00000, 0x00000000feb00000)
  object space 44032K, 12% used [0x00000000fc000000,0x00000000fc53ffd8,0x00000000feb00000)
 Metaspace       used 7840K, capacity 8072K, committed 8192K, reserved 1056768K
  class space    used 901K, capacity 988K, committed 1024K, reserved 1048576K

Card table byte_map: [0x0000000002590000,0x00000000025c0000] byte_map_base: 0x0000000001db0000

Marking Bits: (ParMarkBitMap*) 0x000000006c303950
 Begin Bits: [0x0000000011dc0000, 0x0000000011ec0000)
 End Bits:   [0x0000000011ec0000, 0x0000000011fc0000)

Polling page: 0x0000000002170000

CodeCache: size=245760Kb used=3616Kb max_used=3624Kb free=242143Kb
 bounds [0x0000000002600000, 0x0000000002990000, 0x0000000011600000]
 total_blobs=1275 nmethods=941 adapters=248
 compilation: enabled

Compilation events (10 events):
Event: 7.182 Thread 0x0000000013d8c800 nmethod 935 0x00000000029789d0 code [0x0000000002978b40, 0x0000000002978d68]
Event: 7.182 Thread 0x0000000013d8c800  936       3       java.lang.ref.Reference::clear (6 bytes)
Event: 7.182 Thread 0x0000000013d8c800 nmethod 936 0x000000000297d010 code [0x000000000297d160, 0x000000000297d2d0]
Event: 7.182 Thread 0x0000000013d8c800  937   !   3       java.lang.ref.Finalizer::runFinalizer (62 bytes)
Event: 7.183 Thread 0x0000000013d8c800 nmethod 937 0x000000000297c350 code [0x000000000297c500, 0x000000000297cd78]
Event: 7.183 Thread 0x0000000013d8c800  938       3       java.util.zip.ZipFile$ZipFileInputStream::finalize (5 bytes)
Event: 7.183 Thread 0x0000000013d8c800 nmethod 938 0x000000000297bf90 code [0x000000000297c100, 0x000000000297c2a8]
Event: 7.184 Thread 0x0000000013d7e800  939       4       java.util.ArrayList::get (11 bytes)
Event: 7.185 Thread 0x0000000013d7e800 nmethod 939 0x00000000029786d0 code [0x0000000002978800, 0x00000000029788b8]
Event: 7.201 Thread 0x0000000013d7e800  940 %     4       sun.nio.cs.UTF_8$Encoder::encode @ 20 (359 bytes)

GC Heap History (4 events):
Event: 2.612 GC heap before
{Heap before GC invocations=1 (full 0):
 PSYoungGen      total 18944K, used 16384K [0x00000000feb00000, 0x0000000100000000, 0x0000000100000000)
  eden space 16384K, 100% used [0x00000000feb00000,0x00000000ffb00000,0x00000000ffb00000)
  from space 2560K, 0% used [0x00000000ffd80000,0x00000000ffd80000,0x0000000100000000)
  to   space 2560K, 0% used [0x00000000ffb00000,0x00000000ffb00000,0x00000000ffd80000)
 ParOldGen       total 44032K, used 0K [0x00000000fc000000, 0x00000000feb00000, 0x00000000feb00000)
  object space 44032K, 0% used [0x00000000fc000000,0x00000000fc000000,0x00000000feb00000)
 Metaspace       used 6582K, capacity 6746K, committed 7040K, reserved 1056768K
  class space    used 771K, capacity 823K, committed 896K, reserved 1048576K
Event: 2.619 GC heap after
Heap after GC invocations=1 (full 0):
 PSYoungGen      total 18944K, used 2536K [0x00000000feb00000, 0x0000000100000000, 0x0000000100000000)
  eden space 16384K, 0% used [0x00000000feb00000,0x00000000feb00000,0x00000000ffb00000)
  from space 2560K, 99% used [0x00000000ffb00000,0x00000000ffd7a030,0x00000000ffd80000)
  to   space 2560K, 0% used [0x00000000ffd80000,0x00000000ffd80000,0x0000000100000000)
 ParOldGen       total 44032K, used 1837K [0x00000000fc000000, 0x00000000feb00000, 0x00000000feb00000)
  object space 44032K, 4% used [0x00000000fc000000,0x00000000fc1cb4d8,0x00000000feb00000)
 Metaspace       used 6582K, capacity 6746K, committed 7040K, reserved 1056768K
  class space    used 771K, capacity 823K, committed 896K, reserved 1048576K
}
Event: 7.149 GC heap before
{Heap before GC invocations=2 (full 0):
 PSYoungGen      total 18944K, used 18920K [0x00000000feb00000, 0x0000000100000000, 0x0000000100000000)
  eden space 16384K, 100% used [0x00000000feb00000,0x00000000ffb00000,0x00000000ffb00000)
  from space 2560K, 99% used [0x00000000ffb00000,0x00000000ffd7a030,0x00000000ffd80000)
  to   space 2560K, 0% used [0x00000000ffd80000,0x00000000ffd80000,0x0000000100000000)
 ParOldGen       total 44032K, used 1837K [0x00000000fc000000, 0x00000000feb00000, 0x00000000feb00000)
  object space 44032K, 4% used [0x00000000fc000000,0x00000000fc1cb4d8,0x00000000feb00000)
 Metaspace       used 7837K, capacity 8072K, committed 8192K, reserved 1056768K
  class space    used 901K, capacity 988K, committed 1024K, reserved 1048576K
Event: 7.181 GC heap after
Heap after GC invocations=2 (full 0):
 PSYoungGen      total 18944K, used 2530K [0x00000000feb00000, 0x0000000100000000, 0x0000000100000000)
  eden space 16384K, 0% used [0x00000000feb00000,0x00000000feb00000,0x00000000ffb00000)
  from space 2560K, 98% used [0x00000000ffd80000,0x00000000ffff8800,0x0000000100000000)
  to   space 2560K, 0% used [0x00000000ffb00000,0x00000000ffb00000,0x00000000ffd80000)
 ParOldGen       total 44032K, used 5375K [0x00000000fc000000, 0x00000000feb00000, 0x00000000feb00000)
  object space 44032K, 12% used [0x00000000fc000000,0x00000000fc53ffd8,0x00000000feb00000)
 Metaspace       used 7837K, capacity 8072K, committed 8192K, reserved 1056768K
  class space    used 901K, capacity 988K, committed 1024K, reserved 1048576K
}

Deoptimization events (10 events):
Event: 4.017 Thread 0x0000000002493800 Uncommon trap: reason=class_check action=maybe_recompile pc=0x0000000002822d6c method=com.google.common.collect.TransformedIterator.hasNext()Z @ 4
Event: 4.017 Thread 0x0000000002493800 Uncommon trap: reason=class_check action=maybe_recompile pc=0x0000000002824f58 method=com.google.common.collect.TransformedIterator.next()Ljava/lang/Object; @ 5
Event: 4.017 Thread 0x0000000002493800 Uncommon trap: reason=class_check action=maybe_recompile pc=0x000000000280f7d0 method=com.google.common.collect.Iterators$7.transform(Ljava/lang/Object;)Ljava/lang/Object; @ 5
Event: 4.017 Thread 0x0000000002493800 Uncommon trap: reason=class_check action=maybe_recompile pc=0x0000000002822d6c method=com.google.common.collect.TransformedIterator.hasNext()Z @ 4
Event: 4.017 Thread 0x0000000002493800 Uncommon trap: reason=class_check action=maybe_recompile pc=0x0000000002824f58 method=com.google.common.collect.TransformedIterator.next()Ljava/lang/Object; @ 5
Event: 4.017 Thread 0x0000000002493800 Uncommon trap: reason=class_check action=maybe_recompile pc=0x000000000280f7d0 method=com.google.common.collect.Iterators$7.transform(Ljava/lang/Object;)Ljava/lang/Object; @ 5
Event: 4.017 Thread 0x0000000002493800 Uncommon trap: reason=class_check action=maybe_recompile pc=0x0000000002824f58 method=com.google.common.collect.TransformedIterator.next()Ljava/lang/Object; @ 5
Event: 4.017 Thread 0x0000000002493800 Uncommon trap: reason=class_check action=maybe_recompile pc=0x000000000280f7d0 method=com.google.common.collect.Iterators$7.transform(Ljava/lang/Object;)Ljava/lang/Object; @ 5
Event: 4.303 Thread 0x0000000002493800 Uncommon trap: reason=unstable_if action=reinterpret pc=0x00000000027f2c78 method=java.lang.String.<init>([CII)V @ 18
Event: 7.122 Thread 0x0000000002493800 Uncommon trap: reason=unstable_if action=reinterpret pc=0x00000000029182c0 method=org.objectweb.asm.Item.a(Lorg/objectweb/asm/Item;)Z @ 345

Classes redefined (0 events):
No events

Internal exceptions (10 events):
Event: 3.572 Thread 0x0000000002493800 Exception <a 'sun/nio/fs/WindowsException'> (0x00000000ff158290) thrown at [D:\src\AOSP-openjdk-cygwin\jdk8u\hotspot\src\share\vm\prims\jni.cpp, line 709]
Event: 3.572 Thread 0x0000000002493800 Exception <a 'sun/nio/fs/WindowsException'> (0x00000000ff158860) thrown at [D:\src\AOSP-openjdk-cygwin\jdk8u\hotspot\src\share\vm\prims\jni.cpp, line 709]
Event: 3.572 Thread 0x0000000002493800 Exception <a 'sun/nio/fs/WindowsException'> (0x00000000ff159020) thrown at [D:\src\AOSP-openjdk-cygwin\jdk8u\hotspot\src\share\vm\prims\jni.cpp, line 709]
Event: 3.620 Thread 0x0000000002493800 Exception <a 'sun/nio/fs/WindowsException'> (0x00000000ff15e488) thrown at [D:\src\AOSP-openjdk-cygwin\jdk8u\hotspot\src\share\vm\prims\jni.cpp, line 709]
Event: 3.858 Thread 0x0000000002493800 Exception <a 'sun/nio/fs/WindowsException'> (0x00000000ff46bfa8) thrown at [D:\src\AOSP-openjdk-cygwin\jdk8u\hotspot\src\share\vm\prims\jni.cpp, line 709]
Event: 3.858 Thread 0x0000000002493800 Exception <a 'sun/nio/fs/WindowsException'> (0x00000000ff46c530) thrown at [D:\src\AOSP-openjdk-cygwin\jdk8u\hotspot\src\share\vm\prims\jni.cpp, line 709]
Event: 4.643 Thread 0x0000000002493800 Exception <a 'sun/nio/fs/WindowsException'> (0x00000000ff7ecf10) thrown at [D:\src\AOSP-openjdk-cygwin\jdk8u\hotspot\src\share\vm\prims\jni.cpp, line 709]
Event: 4.643 Thread 0x0000000002493800 Exception <a 'sun/nio/fs/WindowsException'> (0x00000000ff7ed418) thrown at [D:\src\AOSP-openjdk-cygwin\jdk8u\hotspot\src\share\vm\prims\jni.cpp, line 709]
Event: 5.121 Thread 0x0000000002493800 Exception <a 'sun/nio/fs/WindowsException'> (0x00000000ff8678d0) thrown at [D:\src\AOSP-openjdk-cygwin\jdk8u\hotspot\src\share\vm\prims\jni.cpp, line 709]
Event: 5.121 Thread 0x0000000002493800 Exception <a 'sun/nio/fs/WindowsException'> (0x00000000ff867dd8) thrown at [D:\src\AOSP-openjdk-cygwin\jdk8u\hotspot\src\share\vm\prims\jni.cpp, line 709]

Events (10 events):
Event: 6.844 loading class com/google/devtools/build/android/desugar/AutoValue_FieldInfo done
Event: 6.844 loading class com/google/devtools/build/android/desugar/Java7Compatibility$InlineOneMethod
Event: 6.844 loading class com/google/devtools/build/android/desugar/Java7Compatibility$InlineOneMethod done
Event: 7.122 Thread 0x0000000002493800 Uncommon trap: trap_request=0xffffff65 fr.pc=0x00000000029182c0
Event: 7.122 Thread 0x0000000002493800 DEOPT PACKING pc=0x00000000029182c0 sp=0x000000000216e700
Event: 7.122 Thread 0x0000000002493800 DEOPT UNPACKING pc=0x000000000264556a sp=0x000000000216e698 mode 2
Event: 7.149 Executing VM operation: ParallelGCFailedAllocation
Event: 7.181 Executing VM operation: ParallelGCFailedAllocation done
Event: 7.182 Executing VM operation: RevokeBias
Event: 7.182 Executing VM operation: RevokeBias done


Dynamic libraries:
0x00007ff775440000 - 0x00007ff775471000 	E:\win8soft\android-studio\jre\bin\java.exe
0x00007ff882920000 - 0x00007ff882acd000 	C:\WINDOWS\SYSTEM32\ntdll.dll
0x00007ff881f40000 - 0x00007ff88207e000 	C:\WINDOWS\system32\KERNEL32.DLL
0x00007ff87fe30000 - 0x00007ff87ff45000 	C:\WINDOWS\system32\KERNELBASE.dll
0x00007ff882080000 - 0x00007ff88212a000 	C:\WINDOWS\system32\ADVAPI32.dll
0x00007ff880000000 - 0x00007ff880177000 	C:\WINDOWS\system32\USER32.dll
0x00007ff87dae0000 - 0x00007ff87dd5b000 	C:\WINDOWS\WinSxS\amd64_microsoft.windows.common-controls_6595b64144ccf1df_6.0.9600.18006_none_623f33d3ecbe86e8\COMCTL32.dll
0x00007ff8816b0000 - 0x00007ff88175a000 	C:\WINDOWS\system32\msvcrt.dll
0x00007ff882130000 - 0x00007ff882189000 	C:\WINDOWS\SYSTEM32\sechost.dll
0x00007ff8822c0000 - 0x00007ff882400000 	C:\WINDOWS\system32\RPCRT4.dll
0x00007ff881ad0000 - 0x00007ff881c1b000 	C:\WINDOWS\system32\GDI32.dll
0x00007ff87fc20000 - 0x00007ff87fc4e000 	C:\WINDOWS\system32\SspiCli.dll
0x00007ff87ffc0000 - 0x00007ff87fff6000 	C:\WINDOWS\system32\IMM32.DLL
0x00007ff881de0000 - 0x00007ff881f31000 	C:\WINDOWS\system32\MSCTF.dll
0x00007ff87fa10000 - 0x00007ff87fa40000 	C:\WINDOWS\system32\nvinitx.dll
0x00007ff87fa00000 - 0x00007ff87fa0a000 	C:\WINDOWS\SYSTEM32\VERSION.dll
0x000000006d4a0000 - 0x000000006d4a6000 	C:\Program Files\NVIDIA Corporation\CoProcManager\_etoured.dll
0x00007ff87ba00000 - 0x00007ff87ba38000 	C:\Program Files\NVIDIA Corporation\CoProcManager\nvd3d9wrapx.dll
0x00007ff881830000 - 0x00007ff881a0a000 	C:\WINDOWS\system32\SETUPAPI.dll
0x00007ff87fb20000 - 0x00007ff87fb6f000 	C:\WINDOWS\system32\CFGMGR32.dll
0x00007ff87b9b0000 - 0x00007ff87b9d4000 	C:\Program Files\NVIDIA Corporation\CoProcManager\nvdxgiwrapx.dll
0x000000006b980000 - 0x000000006ba52000 	E:\win8soft\android-studio\jre\jre\bin\msvcr100.dll
0x000000006bb40000 - 0x000000006c37e000 	E:\win8soft\android-studio\jre\jre\bin\server\jvm.dll
0x00007ff872b70000 - 0x00007ff872b79000 	C:\WINDOWS\SYSTEM32\WSOCK32.dll
0x00007ff878850000 - 0x00007ff878872000 	C:\WINDOWS\SYSTEM32\WINMM.dll
0x00007ff881dd0000 - 0x00007ff881dd7000 	C:\WINDOWS\system32\PSAPI.DLL
0x00007ff8827f0000 - 0x00007ff88284a000 	C:\WINDOWS\system32\WS2_32.dll
0x00007ff877640000 - 0x00007ff87766a000 	C:\WINDOWS\SYSTEM32\WINMMBASE.dll
0x00007ff881760000 - 0x00007ff881769000 	C:\WINDOWS\system32\NSI.dll
0x00007ff87e7f0000 - 0x00007ff87e818000 	C:\WINDOWS\SYSTEM32\DEVOBJ.dll
0x00007ff872b60000 - 0x00007ff872b6f000 	E:\win8soft\android-studio\jre\jre\bin\verify.dll
0x00007ff872b30000 - 0x00007ff872b59000 	E:\win8soft\android-studio\jre\jre\bin\java.dll
0x00007ff872b10000 - 0x00007ff872b26000 	E:\win8soft\android-studio\jre\jre\bin\zip.dll
0x00007ff880180000 - 0x00007ff8816ac000 	C:\WINDOWS\system32\SHELL32.dll
0x00007ff882400000 - 0x00007ff882612000 	C:\WINDOWS\SYSTEM32\combase.dll
0x00007ff882200000 - 0x00007ff882254000 	C:\WINDOWS\system32\SHLWAPI.dll
0x00007ff87df60000 - 0x00007ff87e012000 	C:\WINDOWS\SYSTEM32\SHCORE.dll
0x00007ff87fa50000 - 0x00007ff87fa65000 	C:\WINDOWS\SYSTEM32\profapi.dll
0x00007ff87f2a0000 - 0x00007ff87f2c0000 	C:\WINDOWS\SYSTEM32\CRYPTSP.dll
0x00007ff87eec0000 - 0x00007ff87eef6000 	C:\WINDOWS\system32\rsaenh.dll
0x00007ff87f4f0000 - 0x00007ff87f516000 	C:\WINDOWS\SYSTEM32\bcrypt.dll
0x00007ff87efd0000 - 0x00007ff87eff1000 	C:\WINDOWS\SYSTEM32\USERENV.dll
0x00007ff87f810000 - 0x00007ff87f873000 	C:\WINDOWS\system32\bcryptprimitives.dll
0x00007ff87f880000 - 0x00007ff87f88b000 	C:\WINDOWS\SYSTEM32\CRYPTBASE.dll
0x00007ff872af0000 - 0x00007ff872b0a000 	E:\win8soft\android-studio\jre\jre\bin\net.dll
0x00007ff87f240000 - 0x00007ff87f299000 	C:\WINDOWS\system32\mswsock.dll
0x00007ff87a520000 - 0x00007ff87a54a000 	C:\WINDOWS\SYSTEM32\IPHLPAPI.DLL
0x00007ff87a500000 - 0x00007ff87a50a000 	C:\WINDOWS\SYSTEM32\WINNSI.DLL
0x00007ff87a3b0000 - 0x00007ff87a3c6000 	C:\WINDOWS\SYSTEM32\dhcpcsvc6.DLL
0x00007ff87a390000 - 0x00007ff87a3aa000 	C:\WINDOWS\SYSTEM32\dhcpcsvc.DLL
0x00007ff8705f0000 - 0x00007ff870601000 	E:\win8soft\android-studio\jre\jre\bin\nio.dll

VM Arguments:
jvm_args: -Djava.awt.headless=true -Xmx64M -Dfile.encoding=GBK -Duser.country=CN -Duser.language=zh -Duser.variant 
java_command: com.google.devtools.build.android.desugar.Desugar --input E:\win8file\AndroidDemo\Rxdemo\app\build\intermediates\transforms\stackFramesFixer\debug\13.jar --output E:\win8file\AndroidDemo\Rxdemo\app\build\intermediates\transforms\desugar\debug\14.jar --input E:\win8file\AndroidDemo\Rxdemo\app\build\intermediates\transforms\stackFramesFixer\debug\25.jar --output E:\win8file\AndroidDemo\Rxdemo\app\build\intermediates\transforms\desugar\debug\26.jar --input E:\win8file\AndroidDemo\Rxdemo\app\build\intermediates\transforms\stackFramesFixer\debug\8.jar --output E:\win8file\AndroidDemo\Rxdemo\app\build\intermediates\transforms\desugar\debug\9.jar --input E:\win8file\AndroidDemo\Rxdemo\app\build\intermediates\classes\debug --output E:\win8file\AndroidDemo\Rxdemo\app\build\intermediates\transforms\desugar\debug\0 --input E:\win8file\AndroidDemo\Rxdemo\app\build\intermediates\transforms\stackFramesFixer\debug\5.jar --output E:\win8file\AndroidDemo\Rxdemo\app\build\intermediates\transforms\desugar\debug\6.jar --input E:\win8file\AndroidDemo\Rxdemo\app\build\intermediates\transforms\stackFramesFixer\debug\0.jar --output E:\win8file\AndroidDemo\Rxdemo\app\build\intermediates\transforms\desugar\debug\1.jar --input E:\win8file\AndroidDemo\Rxdemo\app\build\intermediates\transforms\stackFramesFixer\debug\1.jar --output E:\win8file\AndroidDemo\Rxdemo\app\build\intermediates\transforms\desugar\debug\2.jar --classpath_entry E:\win8file\AndroidDemo\Rxdemo\app\build\intermediates\classes\debug --classpath_entry E:\win8file\AndroidDemo\Rxdemo\app\build\intermediates\transforms\stackFramesFixer\debug\0.jar --classpath_entry E:\win8file\AndroidDemo\Rxdemo\app\build\intermediates\transforms\stackFramesFixer\debug\1.jar --classpath_entry E:\win8file\AndroidDemo\Rxdemo\app\build\intermediates\transforms\stackFramesFixer\debug\2.jar --classpath_entry E:\win8file\AndroidDemo\Rxdemo\app\build\intermediates\transforms\stackFramesFixer\debug\3.jar --classpath_entry E:\win8file\Andro
java_class_path (initial): C:\Users\Administrator\AppData\Local\Temp\desugar_deploy.jar2465764394872015711
Launcher Type: SUN_STANDARD

Environment Variables:
JAVA_HOME=E:\win8soft\java\jdk
PATH=E:\win8soft\devc\Dev-Cpp\MinGW64\bin;E:\win8soft\Oracle\soft\bin;C:\WINDOWS\system32;C:\WINDOWS;C:\WINDOWS\System32\Wbem;C:\WINDOWS\System32\WindowsPowerShell\v1.0\;E:\win8soft\java\jdk\bin;C:\Program Files (x86)\Skype\Phone\;E:\win8soft\GtkSharp\bin;C:\Program Files (x86)\NVIDIA Corporation\PhysX\Common
USERNAME=Administrator
OS=Windows_NT
PROCESSOR_IDENTIFIER=Intel64 Family 6 Model 58 Stepping 9, GenuineIntel



---------------  S Y S T E M  ---------------

OS: Windows 8.1 , 64 bit Build 9600 (6.3.9600.17415)

CPU:total 4 (initial active 4) (2 cores per cpu, 2 threads per core) family 6 model 58 stepping 9, cmov, cx8, fxsr, mmx, sse, sse2, sse3, ssse3, sse4.1, sse4.2, popcnt, avx, aes, clmul, erms, ht, tsc, tscinvbit, tscinv

Memory: 4k page, physical 4087084k(669652k free), swap 7232812k(5084k free)

vm_info: OpenJDK 64-Bit Server VM (25.152-b01) for windows-amd64 JRE (1.8.0_152-release-915-b01), built by "builder" with MS VC++ 10.0 (VS2010)

time: Sat Mar 24 17:44:02 2018
elapsed time: 7 seconds (0d 0h 0m 7s)

